<?xml version="1.0" encoding="UTF-8"?>
<!-- Generated by org.testng.reporters.JUnitReportReporter -->
<testsuite skipped="0" hostname="LAPTOP-KNRI3NA5" name="apiTest.CategoriesAPiTest" tests="5" failures="0" timestamp="2022-02-03T06:46:53 EET" time="0.667" errors="0">
  <testcase name="testAddCategorySuccessfully" time="0.045" classname="apiTest.CategoriesAPiTest"/>
  <system-out/>
  <testcase name="testUpdateCategorySuccessfully" time="0.036" classname="apiTest.CategoriesAPiTest"/>
  <system-out/>
  <testcase name="testFindCategoryByIdSuccessfully" time="0.026" classname="apiTest.CategoriesAPiTest"/>
  <system-out/>
  <testcase name="testDeleteCategorySuccessfully" time="0.422" classname="apiTest.CategoriesAPiTest"/>
  <system-out/>
  <testcase name="testGetALlCategoriesSuccessfully" time="0.138" classname="apiTest.CategoriesAPiTest"/>
  <system-out/>
</testsuite> <!-- apiTest.CategoriesAPiTest -->
