<?xml version="1.0" encoding="UTF-8"?>
<!-- Generated by org.testng.reporters.JUnitReportReporter -->
<testsuite skipped="0" hostname="LAPTOP-KNRI3NA5" name="apiTest.StoresAPiTest" tests="5" failures="0" timestamp="2022-02-03T06:46:53 EET" time="0.374" errors="0">
  <testcase name="testGetAllStoresSuccessfully" time="0.103" classname="apiTest.StoresAPiTest"/>
  <system-out/>
  <testcase name="testGetStoreByIdSuccessfully" time="0.046" classname="apiTest.StoresAPiTest"/>
  <system-out/>
  <testcase name="testDeleteStoreSuccessfully" time="0.099" classname="apiTest.StoresAPiTest"/>
  <system-out/>
  <testcase name="testAddStoreSuccessfully" time="0.067" classname="apiTest.StoresAPiTest"/>
  <system-out/>
  <testcase name="testUpdateStoreSuccessfully" time="0.059" classname="apiTest.StoresAPiTest"/>
  <system-out/>
</testsuite> <!-- apiTest.StoresAPiTest -->
