<?xml version="1.0" encoding="UTF-8"?>
<!-- Generated by org.testng.reporters.JUnitReportReporter -->
<testsuite skipped="0" hostname="LAPTOP-KNRI3NA5" name="apiTest.ProductsAPiTest" tests="17" failures="0" timestamp="2022-02-03T06:46:53 EET" time="5.552" errors="0">
  <testcase name="testLimitedProduct" time="0.202" classname="apiTest.ProductsAPiTest"/>
  <system-out/>
  <testcase name="testDeleteProductSuccessfully" time="0.093" classname="apiTest.ProductsAPiTest"/>
  <system-out/>
  <testcase name="TestShownNameAndPriceOfAllProducts" time="0.066" classname="apiTest.ProductsAPiTest"/>
  <system-out/>
  <testcase name="showProductsWithShipPriceMoreThan10Dollar" time="0.078" classname="apiTest.ProductsAPiTest"/>
  <system-out/>
  <testcase name="TestProductsWithPriceLessThanDollar" time="0.089" classname="apiTest.ProductsAPiTest"/>
  <system-out/>
  <testcase name="showSpecPrice" time="0.064" classname="apiTest.ProductsAPiTest"/>
  <system-out/>
  <testcase name="TestSortProductByHighestPrice" time="0.206" classname="apiTest.ProductsAPiTest"/>
  <system-out/>
  <testcase name="TestProductsWithHardGood" time="0.190" classname="apiTest.ProductsAPiTest"/>
  <system-out/>
  <testcase name="showProductsByCategoryId" time="0.054" classname="apiTest.ProductsAPiTest"/>
  <system-out/>
  <testcase name="showSpecType" time="0.092" classname="apiTest.ProductsAPiTest"/>
  <system-out/>
  <testcase name="testUpdateProductSuccessfully" time="0.107" classname="apiTest.ProductsAPiTest"/>
  <system-out/>
  <testcase name="showProductsByCategoryName" time="0.263" classname="apiTest.ProductsAPiTest"/>
  <system-out/>
  <testcase name="testGetALlProductsSuccessfully" time="3.064" classname="apiTest.ProductsAPiTest"/>
  <system-out/>
  <testcase name="testSkippedProduct" time="0.201" classname="apiTest.ProductsAPiTest"/>
  <system-out/>
  <testcase name="testFindProductByIdSuccessfully" time="0.078" classname="apiTest.ProductsAPiTest"/>
  <system-out/>
  <testcase name="TestSortProductByLowestPrice" time="0.201" classname="apiTest.ProductsAPiTest"/>
  <system-out/>
  <testcase name="testAddProductSuccessfully" time="0.504" classname="apiTest.ProductsAPiTest"/>
  <system-out/>
</testsuite> <!-- apiTest.ProductsAPiTest -->
