<?xml version="1.0" encoding="UTF-8"?>
<!-- Generated by org.testng.reporters.JUnitReportReporter -->
<testsuite skipped="0" hostname="LAPTOP-KNRI3NA5" name="apiTest.UtilitiesAPiTest" tests="2" failures="0" timestamp="2022-02-03T06:46:53 EET" time="0.052" errors="0">
  <testcase name="TestGetVersion" time="0.007" classname="apiTest.UtilitiesAPiTest"/>
  <system-out/>
  <testcase name="TestGetHealthCheck" time="0.045" classname="apiTest.UtilitiesAPiTest"/>
  <system-out/>
</testsuite> <!-- apiTest.UtilitiesAPiTest -->
