<?xml version="1.0" encoding="UTF-8"?>
<!-- Generated by org.testng.reporters.JUnitReportReporter -->
<testsuite skipped="0" hostname="LAPTOP-KNRI3NA5" name="apiTest.ServicesAPiTest" tests="5" failures="0" timestamp="2022-02-03T06:46:53 EET" time="0.125" errors="0">
  <testcase name="TestUpdateServicesDetails" time="0.018" classname="apiTest.ServicesAPiTest"/>
  <system-out/>
  <testcase name="addServices" time="0.028" classname="apiTest.ServicesAPiTest"/>
  <system-out/>
  <testcase name="deleteServices" time="0.054" classname="apiTest.ServicesAPiTest"/>
  <system-out/>
  <testcase name="TestGetAllServices" time="0.018" classname="apiTest.ServicesAPiTest"/>
  <system-out/>
  <testcase name="TestServicesAppears" time="0.007" classname="apiTest.ServicesAPiTest"/>
  <system-out/>
</testsuite> <!-- apiTest.ServicesAPiTest -->
