<?xml version="1.0" encoding="UTF-8"?>
<testsuite xmlns:xsi="http://www.w3.org/2001/XMLSchema-instance" xsi:noNamespaceSchemaLocation="https://maven.apache.org/surefire/maven-surefire-plugin/xsd/surefire-test-report-3.0.xsd" version="3.0" name="TestSuite" time="15.221" tests="34" errors="0" skipped="0" failures="0">
  <properties>
    <property name="sun.desktop" value="windows"/>
    <property name="awt.toolkit" value="sun.awt.windows.WToolkit"/>
    <property name="file.encoding.pkg" value="sun.io"/>
    <property name="java.specification.version" value="1.8"/>
    <property name="sun.cpu.isalist" value="amd64"/>
    <property name="sun.jnu.encoding" value="Cp1252"/>
    <property name="java.class.path" value="F:\BestBuyAPiTest\target\test-classes;F:\BestBuyAPiTest\target\classes;C:\Users\lenov\.m2\repository\io\rest-assured\rest-assured\4.4.0\rest-assured-4.4.0.jar;C:\Users\lenov\.m2\repository\org\codehaus\groovy\groovy\3.0.8\groovy-3.0.8.jar;C:\Users\lenov\.m2\repository\org\codehaus\groovy\groovy-xml\3.0.8\groovy-xml-3.0.8.jar;C:\Users\lenov\.m2\repository\org\apache\httpcomponents\httpclient\4.5.13\httpclient-4.5.13.jar;C:\Users\lenov\.m2\repository\org\apache\httpcomponents\httpcore\4.4.13\httpcore-4.4.13.jar;C:\Users\lenov\.m2\repository\commons-logging\commons-logging\1.2\commons-logging-1.2.jar;C:\Users\lenov\.m2\repository\commons-codec\commons-codec\1.11\commons-codec-1.11.jar;C:\Users\lenov\.m2\repository\org\apache\httpcomponents\httpmime\4.5.13\httpmime-4.5.13.jar;C:\Users\lenov\.m2\repository\org\hamcrest\hamcrest\2.1\hamcrest-2.1.jar;C:\Users\lenov\.m2\repository\org\ccil\cowan\tagsoup\tagsoup\1.2.1\tagsoup-1.2.1.jar;C:\Users\lenov\.m2\repository\io\rest-assured\json-path\4.4.0\json-path-4.4.0.jar;C:\Users\lenov\.m2\repository\org\codehaus\groovy\groovy-json\3.0.8\groovy-json-3.0.8.jar;C:\Users\lenov\.m2\repository\io\rest-assured\rest-assured-common\4.4.0\rest-assured-common-4.4.0.jar;C:\Users\lenov\.m2\repository\io\rest-assured\xml-path\4.4.0\xml-path-4.4.0.jar;C:\Users\lenov\.m2\repository\org\apache\commons\commons-lang3\3.11\commons-lang3-3.11.jar;C:\Users\lenov\.m2\repository\jakarta\xml\bind\jakarta.xml.bind-api\2.3.3\jakarta.xml.bind-api-2.3.3.jar;C:\Users\lenov\.m2\repository\jakarta\activation\jakarta.activation-api\1.2.2\jakarta.activation-api-1.2.2.jar;C:\Users\lenov\.m2\repository\com\sun\xml\bind\jaxb-impl\2.3.3\jaxb-impl-2.3.3.jar;C:\Users\lenov\.m2\repository\org\testng\testng\7.4.0\testng-7.4.0.jar;C:\Users\lenov\.m2\repository\com\beust\jcommander\1.78\jcommander-1.78.jar;C:\Users\lenov\.m2\repository\org\webjars\jquery\3.5.1\jquery-3.5.1.jar;C:\Users\lenov\.m2\repository\com\googlecode\json-simple\json-simple\1.1.1\json-simple-1.1.1.jar;C:\Users\lenov\.m2\repository\junit\junit\4.10\junit-4.10.jar;C:\Users\lenov\.m2\repository\org\hamcrest\hamcrest-core\1.1\hamcrest-core-1.1.jar;C:\Users\lenov\.m2\repository\com\fasterxml\jackson\core\jackson-databind\2.9.5\jackson-databind-2.9.5.jar;C:\Users\lenov\.m2\repository\com\fasterxml\jackson\core\jackson-annotations\2.9.0\jackson-annotations-2.9.0.jar;C:\Users\lenov\.m2\repository\com\fasterxml\jackson\core\jackson-core\2.9.5\jackson-core-2.9.5.jar;C:\Users\lenov\.m2\repository\org\apache\maven\maven-plugin-api\3.8.4\maven-plugin-api-3.8.4.jar;C:\Users\lenov\.m2\repository\org\apache\maven\maven-model\3.8.4\maven-model-3.8.4.jar;C:\Users\lenov\.m2\repository\org\apache\maven\maven-artifact\3.8.4\maven-artifact-3.8.4.jar;C:\Users\lenov\.m2\repository\org\eclipse\sisu\org.eclipse.sisu.plexus\0.3.5\org.eclipse.sisu.plexus-0.3.5.jar;C:\Users\lenov\.m2\repository\javax\annotation\javax.annotation-api\1.2\javax.annotation-api-1.2.jar;C:\Users\lenov\.m2\repository\org\eclipse\sisu\org.eclipse.sisu.inject\0.3.5\org.eclipse.sisu.inject-0.3.5.jar;C:\Users\lenov\.m2\repository\org\codehaus\plexus\plexus-component-annotations\1.5.5\plexus-component-annotations-1.5.5.jar;C:\Users\lenov\.m2\repository\org\codehaus\plexus\plexus-utils\3.3.0\plexus-utils-3.3.0.jar;C:\Users\lenov\.m2\repository\org\codehaus\plexus\plexus-classworlds\2.6.0\plexus-classworlds-2.6.0.jar;C:\Users\lenov\.m2\repository\io\qameta\allure\allure-testng\2.17.2\allure-testng-2.17.2.jar;C:\Users\lenov\.m2\repository\io\qameta\allure\allure-java-commons\2.17.2\allure-java-commons-2.17.2.jar;C:\Users\lenov\.m2\repository\org\slf4j\slf4j-api\1.7.30\slf4j-api-1.7.30.jar;C:\Users\lenov\.m2\repository\io\qameta\allure\allure-model\2.17.2\allure-model-2.17.2.jar;C:\Users\lenov\.m2\repository\io\qameta\allure\allure-test-filter\2.17.2\allure-test-filter-2.17.2.jar;"/>
    <property name="java.vm.vendor" value="Oracle Corporation"/>
    <property name="sun.arch.data.model" value="64"/>
    <property name="user.variant" value=""/>
    <property name="java.vendor.url" value="http://java.oracle.com/"/>
    <property name="user.timezone" value="Africa/Cairo"/>
    <property name="java.vm.specification.version" value="1.8"/>
    <property name="os.name" value="Windows 10"/>
    <property name="user.country" value="US"/>
    <property name="sun.java.launcher" value="SUN_STANDARD"/>
    <property name="sun.boot.library.path" value="C:\Program Files\Java\jdk1.8.0_221\jre\bin"/>
    <property name="sun.java.command" value="C:\Users\lenov\AppData\Local\Temp\surefire2994767189899068466\surefirebooter4287250980791084728.jar C:\Users\lenov\AppData\Local\Temp\surefire2994767189899068466 2022-02-03T06-46-44_023-jvmRun1 surefire5161637430761402490tmp surefire_0321592688394426712tmp"/>
    <property name="surefire.test.class.path" value="F:\BestBuyAPiTest\target\test-classes;F:\BestBuyAPiTest\target\classes;C:\Users\lenov\.m2\repository\io\rest-assured\rest-assured\4.4.0\rest-assured-4.4.0.jar;C:\Users\lenov\.m2\repository\org\codehaus\groovy\groovy\3.0.8\groovy-3.0.8.jar;C:\Users\lenov\.m2\repository\org\codehaus\groovy\groovy-xml\3.0.8\groovy-xml-3.0.8.jar;C:\Users\lenov\.m2\repository\org\apache\httpcomponents\httpclient\4.5.13\httpclient-4.5.13.jar;C:\Users\lenov\.m2\repository\org\apache\httpcomponents\httpcore\4.4.13\httpcore-4.4.13.jar;C:\Users\lenov\.m2\repository\commons-logging\commons-logging\1.2\commons-logging-1.2.jar;C:\Users\lenov\.m2\repository\commons-codec\commons-codec\1.11\commons-codec-1.11.jar;C:\Users\lenov\.m2\repository\org\apache\httpcomponents\httpmime\4.5.13\httpmime-4.5.13.jar;C:\Users\lenov\.m2\repository\org\hamcrest\hamcrest\2.1\hamcrest-2.1.jar;C:\Users\lenov\.m2\repository\org\ccil\cowan\tagsoup\tagsoup\1.2.1\tagsoup-1.2.1.jar;C:\Users\lenov\.m2\repository\io\rest-assured\json-path\4.4.0\json-path-4.4.0.jar;C:\Users\lenov\.m2\repository\org\codehaus\groovy\groovy-json\3.0.8\groovy-json-3.0.8.jar;C:\Users\lenov\.m2\repository\io\rest-assured\rest-assured-common\4.4.0\rest-assured-common-4.4.0.jar;C:\Users\lenov\.m2\repository\io\rest-assured\xml-path\4.4.0\xml-path-4.4.0.jar;C:\Users\lenov\.m2\repository\org\apache\commons\commons-lang3\3.11\commons-lang3-3.11.jar;C:\Users\lenov\.m2\repository\jakarta\xml\bind\jakarta.xml.bind-api\2.3.3\jakarta.xml.bind-api-2.3.3.jar;C:\Users\lenov\.m2\repository\jakarta\activation\jakarta.activation-api\1.2.2\jakarta.activation-api-1.2.2.jar;C:\Users\lenov\.m2\repository\com\sun\xml\bind\jaxb-impl\2.3.3\jaxb-impl-2.3.3.jar;C:\Users\lenov\.m2\repository\org\testng\testng\7.4.0\testng-7.4.0.jar;C:\Users\lenov\.m2\repository\com\beust\jcommander\1.78\jcommander-1.78.jar;C:\Users\lenov\.m2\repository\org\webjars\jquery\3.5.1\jquery-3.5.1.jar;C:\Users\lenov\.m2\repository\com\googlecode\json-simple\json-simple\1.1.1\json-simple-1.1.1.jar;C:\Users\lenov\.m2\repository\junit\junit\4.10\junit-4.10.jar;C:\Users\lenov\.m2\repository\org\hamcrest\hamcrest-core\1.1\hamcrest-core-1.1.jar;C:\Users\lenov\.m2\repository\com\fasterxml\jackson\core\jackson-databind\2.9.5\jackson-databind-2.9.5.jar;C:\Users\lenov\.m2\repository\com\fasterxml\jackson\core\jackson-annotations\2.9.0\jackson-annotations-2.9.0.jar;C:\Users\lenov\.m2\repository\com\fasterxml\jackson\core\jackson-core\2.9.5\jackson-core-2.9.5.jar;C:\Users\lenov\.m2\repository\org\apache\maven\maven-plugin-api\3.8.4\maven-plugin-api-3.8.4.jar;C:\Users\lenov\.m2\repository\org\apache\maven\maven-model\3.8.4\maven-model-3.8.4.jar;C:\Users\lenov\.m2\repository\org\apache\maven\maven-artifact\3.8.4\maven-artifact-3.8.4.jar;C:\Users\lenov\.m2\repository\org\eclipse\sisu\org.eclipse.sisu.plexus\0.3.5\org.eclipse.sisu.plexus-0.3.5.jar;C:\Users\lenov\.m2\repository\javax\annotation\javax.annotation-api\1.2\javax.annotation-api-1.2.jar;C:\Users\lenov\.m2\repository\org\eclipse\sisu\org.eclipse.sisu.inject\0.3.5\org.eclipse.sisu.inject-0.3.5.jar;C:\Users\lenov\.m2\repository\org\codehaus\plexus\plexus-component-annotations\1.5.5\plexus-component-annotations-1.5.5.jar;C:\Users\lenov\.m2\repository\org\codehaus\plexus\plexus-utils\3.3.0\plexus-utils-3.3.0.jar;C:\Users\lenov\.m2\repository\org\codehaus\plexus\plexus-classworlds\2.6.0\plexus-classworlds-2.6.0.jar;C:\Users\lenov\.m2\repository\io\qameta\allure\allure-testng\2.17.2\allure-testng-2.17.2.jar;C:\Users\lenov\.m2\repository\io\qameta\allure\allure-java-commons\2.17.2\allure-java-commons-2.17.2.jar;C:\Users\lenov\.m2\repository\org\slf4j\slf4j-api\1.7.30\slf4j-api-1.7.30.jar;C:\Users\lenov\.m2\repository\io\qameta\allure\allure-model\2.17.2\allure-model-2.17.2.jar;C:\Users\lenov\.m2\repository\io\qameta\allure\allure-test-filter\2.17.2\allure-test-filter-2.17.2.jar;"/>
    <property name="sun.cpu.endian" value="little"/>
    <property name="user.home" value="C:\Users\lenov"/>
    <property name="user.language" value="en"/>
    <property name="java.specification.vendor" value="Oracle Corporation"/>
    <property name="java.home" value="C:\Program Files\Java\jdk1.8.0_221\jre"/>
    <property name="basedir" value="F:\BestBuyAPiTest"/>
    <property name="file.separator" value="\"/>
    <property name="line.separator" value="&#10;"/>
    <property name="java.vm.specification.vendor" value="Oracle Corporation"/>
    <property name="java.specification.name" value="Java Platform API Specification"/>
    <property name="java.awt.graphicsenv" value="sun.awt.Win32GraphicsEnvironment"/>
    <property name="surefire.real.class.path" value="C:\Users\lenov\AppData\Local\Temp\surefire2994767189899068466\surefirebooter4287250980791084728.jar"/>
    <property name="sun.boot.class.path" value="C:\Program Files\Java\jdk1.8.0_221\jre\lib\resources.jar;C:\Program Files\Java\jdk1.8.0_221\jre\lib\rt.jar;C:\Program Files\Java\jdk1.8.0_221\jre\lib\sunrsasign.jar;C:\Program Files\Java\jdk1.8.0_221\jre\lib\jsse.jar;C:\Program Files\Java\jdk1.8.0_221\jre\lib\jce.jar;C:\Program Files\Java\jdk1.8.0_221\jre\lib\charsets.jar;C:\Program Files\Java\jdk1.8.0_221\jre\lib\jfr.jar;C:\Program Files\Java\jdk1.8.0_221\jre\classes"/>
    <property name="user.script" value=""/>
    <property name="sun.management.compiler" value="HotSpot 64-Bit Tiered Compilers"/>
    <property name="java.runtime.version" value="1.8.0_221-b11"/>
    <property name="user.name" value="Fakher Yasser"/>
    <property name="path.separator" value=";"/>
    <property name="os.version" value="10.0"/>
    <property name="java.endorsed.dirs" value="C:\Program Files\Java\jdk1.8.0_221\jre\lib\endorsed"/>
    <property name="java.runtime.name" value="Java(TM) SE Runtime Environment"/>
    <property name="file.encoding" value="Cp1252"/>
    <property name="java.vm.name" value="Java HotSpot(TM) 64-Bit Server VM"/>
    <property name="localRepository" value="C:\Users\lenov\.m2\repository"/>
    <property name="java.vendor.url.bug" value="http://bugreport.sun.com/bugreport/"/>
    <property name="java.io.tmpdir" value="C:\Users\lenov\AppData\Local\Temp\"/>
    <property name="java.version" value="1.8.0_221"/>
    <property name="user.dir" value="F:\BestBuyAPiTest"/>
    <property name="os.arch" value="amd64"/>
    <property name="java.vm.specification.name" value="Java Virtual Machine Specification"/>
    <property name="java.awt.printerjob" value="sun.awt.windows.WPrinterJob"/>
    <property name="sun.os.patch.level" value=""/>
    <property name="java.library.path" value="C:\Program Files\Java\jdk1.8.0_221\jre\bin;C:\WINDOWS\Sun\Java\bin;C:\WINDOWS\system32;C:\WINDOWS;C:\Program Files (x86)\Common Files\Oracle\Java\javapath;C:\Program Files\Common Files\Oracle\Java\javapath;C:\Windows\system32;C:\Windows;C:\Windows\System32\Wbem;C:\Windows\System32\WindowsPowerShell\v1.0\;C:\Windows\System32\OpenSSH\;C:\Program Files (x86)\NVIDIA Corporation\PhysX\Common;C:\Program Files\NVIDIA Corporation\NVIDIA NvDLISR;C:\WINDOWS\system32;C:\WINDOWS;C:\WINDOWS\System32\Wbem;C:\WINDOWS\System32\WindowsPowerShell\v1.0\;C:\WINDOWS\System32\OpenSSH\;C:\Program Files\Java\jdk1.8.0_221\bin;C:\Users\lenov\AppData\Local\Android\Sdk\tools\bin;C:\Users\lenov\AppData\Local\Android\Sdk\tools;C:\Users\lenov\AppData\Local\Android\Sdk\platform-tools;C:\Program Files\nodejs\;C:\Program Files\nodejs\node_modules\npm\bin;C:\Program Files\Git\cmd;F:\apache-maven-3.8.1-bin\apache-maven-3.8.1\bin;C:\Users\lenov\Downloads\allure-2.13.9\allure-2.13.9\bin;C:\Program Files\Microsoft SQL Server\Client SDK\ODBC\170\Tools\Binn\;C:\Program Files (x86)\Microsoft SQL Server\150\Tools\Binn\;C:\Program Files\Microsoft SQL Server\150\Tools\Binn\;C:\Program Files\Microsoft SQL Server\150\DTS\Binn\;C:\Program Files\dotnet\;C:\Users\lenov\.windows-build-tools\python27\;C:\Users\lenov\AppData\Local\Microsoft\WindowsApps;C:\Users\lenov\AppData\Roaming\npm;C:\Users\lenov\AppData\Local\Microsoft\WindowsApps;;C:\Users\lenov\AppData\Local\Programs\Fiddler;C:\Program Files (x86)\BrowserStackLocal\;."/>
    <property name="java.vm.info" value="mixed mode"/>
    <property name="java.vendor" value="Oracle Corporation"/>
    <property name="java.vm.version" value="25.221-b11"/>
    <property name="java.ext.dirs" value="C:\Program Files\Java\jdk1.8.0_221\jre\lib\ext;C:\WINDOWS\Sun\Java\lib\ext"/>
    <property name="sun.io.unicode.encoding" value="UnicodeLittle"/>
    <property name="java.class.version" value="52.0"/>
  </properties>
  <testcase name="testGetALlProductsSuccessfully" classname="apiTest.ProductsAPiTest" time="3.847">
    <system-out><![CDATA[Request Log : 
__________________________________________
Request method:	GET
Request URI:	http://localhost:3030/products
Proxy:			<none>
Request params:	<none>
Query params:	<none>
Form params:	<none>
Path params:	<none>
Headers:		Accept=*/*
				Content-Type=application/json
Cookies:		<none>
Multiparts:		<none>
Body:			<none>
Response Log :  
__________________________________________
{
    "total": 51970,
    "limit": 10,
    "skip": 0,
    "data": [
        {
            "id": 43900,
            "name": "Duracell - AAA Batteries (4-Pack)",
            "type": "HardGood",
            "price": 5.49,
            "upc": "041333424019",
            "shipping": 0,
            "description": "Compatible with select electronic devices; AAA size; DURALOCK Power Preserve technology; 4-pack",
            "manufacturer": "Duracell",
            "model": "MN2400B4Z",
            "url": "http://www.bestbuy.com/site/duracell-aaa-batteries-4-pack/43900.p?id=1051384074145&skuId=43900&cmp=RMXCC",
            "image": "http://img.bbystatic.com/BestBuy_US/images/products/4390/43900_sa.jpg",
            "createdAt": "2016-11-17T17:58:03.298Z",
            "updatedAt": "2016-11-17T17:58:03.298Z",
            "categories": [
                {
                    "id": "abcat0208002",
                    "name": "Alkaline Batteries",
                    "createdAt": "2016-11-17T17:57:04.285Z",
                    "updatedAt": "2016-11-17T17:57:04.285Z"
                },
                {
                    "id": "pcmcat248700050021",
                    "name": "Housewares",
                    "createdAt": "2016-11-17T17:57:05.399Z",
                    "updatedAt": "2016-11-17T17:57:05.399Z"
                },
                {
                    "id": "pcmcat303600050001",
                    "name": "Household Batteries",
                    "createdAt": "2016-11-17T17:57:04.285Z",
                    "updatedAt": "2016-11-17T17:57:04.285Z"
                },
                {
                    "id": "pcmcat312300050015",
                    "name": "Connected Home & Housewares",
                    "createdAt": "2016-11-17T17:57:04.285Z",
                    "updatedAt": "2016-11-17T17:57:04.285Z"
                }
            ]
        },
        {
            "id": 48530,
            "name": "Duracell - AA 1.5V CopperTop Batteries (4-Pack)",
            "type": "HardGood",
            "price": 5.49,
            "upc": "041333415017",
            "shipping": 0,
            "description": "Long-lasting energy; DURALOCK Power Preserve technology; for toys, clocks, radios, games, remotes, PDAs and more",
            "manufacturer": "Duracell",
            "model": "MN1500B4Z",
            "url": "http://www.bestbuy.com/site/duracell-aa-1-5v-coppertop-batteries-4-pack/48530.p?id=1099385268988&skuId=48530&cmp=RMXCC",
            "image": "http://img.bbystatic.com/BestBuy_US/images/products/4853/48530_sa.jpg",
            "createdAt": "2016-11-17T17:58:03.298Z",
            "updatedAt": "2016-11-17T17:58:03.298Z",
            "categories": [
                {
                    "id": "abcat0208002",
                    "name": "Alkaline Batteries",
                    "createdAt": "2016-11-17T17:57:04.285Z",
                    "updatedAt": "2016-11-17T17:57:04.285Z"
                },
                {
                    "id": "pcmcat248700050021",
                    "name": "Housewares",
                    "createdAt": "2016-11-17T17:57:05.399Z",
                    "updatedAt": "2016-11-17T17:57:05.399Z"
                },
                {
                    "id": "pcmcat303600050001",
                    "name": "Household Batteries",
                    "createdAt": "2016-11-17T17:57:04.285Z",
                    "updatedAt": "2016-11-17T17:57:04.285Z"
                },
                {
                    "id": "pcmcat312300050015",
                    "name": "Connected Home & Housewares",
                    "createdAt": "2016-11-17T17:57:04.285Z",
                    "updatedAt": "2016-11-17T17:57:04.285Z"
                }
            ]
        },
        {
            "id": 127687,
            "name": "Duracell - AA Batteries (8-Pack)",
            "type": "HardGood",
            "price": 7.49,
            "upc": "041333825014",
            "shipping": 0,
            "description": "Compatible with select electronic devices; AA size; DURALOCK Power Preserve technology; 8-pack",
            "manufacturer": "Duracell",
            "model": "MN1500B8Z",
            "url": "http://www.bestbuy.com/site/duracell-aa-batteries-8-pack/127687.p?id=1051384045676&skuId=127687&cmp=RMXCC",
            "image": "http://img.bbystatic.com/BestBuy_US/images/products/1276/127687_sa.jpg",
            "createdAt": "2016-11-17T17:58:03.298Z",
            "updatedAt": "2016-11-17T17:58:03.298Z",
            "categories": [
                {
                    "id": "abcat0208002",
                    "name": "Alkaline Batteries",
                    "createdAt": "2016-11-17T17:57:04.285Z",
                    "updatedAt": "2016-11-17T17:57:04.285Z"
                },
                {
                    "id": "pcmcat248700050021",
                    "name": "Housewares",
                    "createdAt": "2016-11-17T17:57:05.399Z",
                    "updatedAt": "2016-11-17T17:57:05.399Z"
                },
                {
                    "id": "pcmcat303600050001",
                    "name": "Household Batteries",
                    "createdAt": "2016-11-17T17:57:04.285Z",
                    "updatedAt": "2016-11-17T17:57:04.285Z"
                },
                {
                    "id": "pcmcat312300050015",
                    "name": "Connected Home & Housewares",
                    "createdAt": "2016-11-17T17:57:04.285Z",
                    "updatedAt": "2016-11-17T17:57:04.285Z"
                }
            ]
        },
        {
            "id": 150115,
            "name": "Energizer - MAX Batteries AA (4-Pack)",
            "type": "HardGood",
            "price": 4.99,
            "upc": "039800011329",
            "shipping": 0,
            "description": "4-pack AA alkaline batteries; battery tester included",
            "manufacturer": "Energizer",
            "model": "E91BP-4",
            "url": "http://www.bestbuy.com/site/energizer-max-batteries-aa-4-pack/150115.p?id=1051384046217&skuId=150115&cmp=RMXCC",
            "image": "http://img.bbystatic.com/BestBuy_US/images/products/1501/150115_sa.jpg",
            "createdAt": "2016-11-17T17:58:03.298Z",
            "updatedAt": "2016-11-17T17:58:03.298Z",
            "categories": [
                {
                    "id": "abcat0208002",
                    "name": "Alkaline Batteries",
                    "createdAt": "2016-11-17T17:57:04.285Z",
                    "updatedAt": "2016-11-17T17:57:04.285Z"
                },
                {
                    "id": "pcmcat248700050021",
                    "name": "Housewares",
                    "createdAt": "2016-11-17T17:57:05.399Z",
                    "updatedAt": "2016-11-17T17:57:05.399Z"
                },
                {
                    "id": "pcmcat303600050001",
                    "name": "Household Batteries",
                    "createdAt": "2016-11-17T17:57:04.285Z",
                    "updatedAt": "2016-11-17T17:57:04.285Z"
                },
                {
                    "id": "pcmcat312300050015",
                    "name": "Connected Home & Housewares",
                    "createdAt": "2016-11-17T17:57:04.285Z",
                    "updatedAt": "2016-11-17T17:57:04.285Z"
                }
            ]
        },
        {
            "id": 185230,
            "name": "Duracell - C Batteries (4-Pack)",
            "type": "HardGood",
            "price": 8.99,
            "upc": "041333440019",
            "shipping": 0,
            "description": "Compatible with select electronic devices; C size; DURALOCK Power Preserve technology; 4-pack",
            "manufacturer": "Duracell",
            "model": "MN1400R4Z",
            "url": "http://www.bestbuy.com/site/duracell-c-batteries-4-pack/185230.p?id=1051384046486&skuId=185230&cmp=RMXCC",
            "image": "http://img.bbystatic.com/BestBuy_US/images/products/1852/185230_sa.jpg",
            "createdAt": "2016-11-17T17:58:03.298Z",
            "updatedAt": "2016-11-17T17:58:03.298Z",
            "categories": [
                {
                    "id": "abcat0208002",
                    "name": "Alkaline Batteries",
                    "createdAt": "2016-11-17T17:57:04.285Z",
                    "updatedAt": "2016-11-17T17:57:04.285Z"
                },
                {
                    "id": "pcmcat248700050021",
                    "name": "Housewares",
                    "createdAt": "2016-11-17T17:57:05.399Z",
                    "updatedAt": "2016-11-17T17:57:05.399Z"
                },
                {
                    "id": "pcmcat303600050001",
                    "name": "Household Batteries",
                    "createdAt": "2016-11-17T17:57:04.285Z",
                    "updatedAt": "2016-11-17T17:57:04.285Z"
                },
                {
                    "id": "pcmcat312300050015",
                    "name": "Connected Home & Housewares",
                    "createdAt": "2016-11-17T17:57:04.285Z",
                    "updatedAt": "2016-11-17T17:57:04.285Z"
                }
            ]
        },
        {
            "id": 185267,
            "name": "Duracell - D Batteries (4-Pack)",
            "type": "HardGood",
            "price": 9.99,
            "upc": "041333430010",
            "shipping": 0,
            "description": "Compatible with select electronic devices; D size; DURALOCK Power Preserve technology; 4-pack",
            "manufacturer": "Duracell",
            "model": "MN1300R4Z",
            "url": "http://www.bestbuy.com/site/duracell-d-batteries-4-pack/185267.p?id=1051384046551&skuId=185267&cmp=RMXCC",
            "image": "http://img.bbystatic.com/BestBuy_US/images/products/1852/185267_sa.jpg",
            "createdAt": "2016-11-17T17:58:03.298Z",
            "updatedAt": "2016-11-17T17:58:03.298Z",
            "categories": [
                {
                    "id": "abcat0208002",
                    "name": "Alkaline Batteries",
                    "createdAt": "2016-11-17T17:57:04.285Z",
                    "updatedAt": "2016-11-17T17:57:04.285Z"
                },
                {
                    "id": "pcmcat248700050021",
                    "name": "Housewares",
                    "createdAt": "2016-11-17T17:57:05.399Z",
                    "updatedAt": "2016-11-17T17:57:05.399Z"
                },
                {
                    "id": "pcmcat303600050001",
                    "name": "Household Batteries",
                    "createdAt": "2016-11-17T17:57:04.285Z",
                    "updatedAt": "2016-11-17T17:57:04.285Z"
                },
                {
                    "id": "pcmcat312300050015",
                    "name": "Connected Home & Housewares",
                    "createdAt": "2016-11-17T17:57:04.285Z",
                    "updatedAt": "2016-11-17T17:57:04.285Z"
                }
            ]
        },
        {
            "id": 309062,
            "name": "Pioneer - 4\" 3-Way Surface-Mount Speakers with IMPP Composite Cones (Pair) - Black",
            "type": "HardGood",
            "price": 144.99,
            "upc": "012562165141",
            "shipping": 0,
            "description": "80W maximum power (20W RMS); 4\" IMPP composite cone woofer; 3/4\" horn tweeter",
            "manufacturer": "Pioneer",
            "model": "TS-X200",
            "url": "http://www.bestbuy.com/site/pioneer-4-3-way-surface-mount-speakers-with-impp-composite-cones-pair-black/309062.p?id=1218643240258&skuId=309062&cmp=RMXCC",
            "image": "http://img.bbystatic.com/BestBuy_US/images/products/0309/0309062_sa.jpg",
            "createdAt": "2016-11-17T17:58:03.298Z",
            "updatedAt": "2016-11-17T17:58:03.298Z",
            "categories": [
                {
                    "id": "abcat0300000",
                    "name": "Car Electronics & GPS",
                    "createdAt": "2016-11-17T17:57:04.285Z",
                    "updatedAt": "2016-11-17T17:57:04.285Z"
                },
                {
                    "id": "abcat0302000",
                    "name": "Car Audio",
                    "createdAt": "2016-11-17T17:57:04.285Z",
                    "updatedAt": "2016-11-17T17:57:04.285Z"
                },
                {
                    "id": "abcat0302005",
                    "name": "Car Speakers",
                    "createdAt": "2016-11-17T17:57:04.285Z",
                    "updatedAt": "2016-11-17T17:57:04.285Z"
                },
                {
                    "id": "pcmcat360500050015",
                    "name": "4\" Car Speakers",
                    "createdAt": "2016-11-17T17:57:04.643Z",
                    "updatedAt": "2016-11-17T17:57:04.643Z"
                }
            ]
        },
        {
            "id": 312290,
            "name": "Duracell - 9V Batteries (2-Pack)",
            "type": "HardGood",
            "price": 7.99,
            "upc": "041333216010",
            "shipping": 0,
            "description": "Compatible with select electronic devices; alkaline chemistry; 9V size; DURALOCK Power Preserve technology; 2-pack",
            "manufacturer": "Duracell",
            "model": "MN1604B2Z",
            "url": "http://www.bestbuy.com/site/duracell-9v-batteries-2-pack/312290.p?id=1051384050321&skuId=312290&cmp=RMXCC",
            "image": "http://img.bbystatic.com/BestBuy_US/images/products/3122/312290_sa.jpg",
            "createdAt": "2016-11-17T17:58:03.298Z",
            "updatedAt": "2016-11-17T17:58:03.298Z",
            "categories": [
                {
                    "id": "abcat0208002",
                    "name": "Alkaline Batteries",
                    "createdAt": "2016-11-17T17:57:04.285Z",
                    "updatedAt": "2016-11-17T17:57:04.285Z"
                },
                {
                    "id": "pcmcat248700050021",
                    "name": "Housewares",
                    "createdAt": "2016-11-17T17:57:05.399Z",
                    "updatedAt": "2016-11-17T17:57:05.399Z"
                },
                {
                    "id": "pcmcat303600050001",
                    "name": "Household Batteries",
                    "createdAt": "2016-11-17T17:57:04.285Z",
                    "updatedAt": "2016-11-17T17:57:04.285Z"
                },
                {
                    "id": "pcmcat312300050015",
                    "name": "Connected Home & Housewares",
                    "createdAt": "2016-11-17T17:57:04.285Z",
                    "updatedAt": "2016-11-17T17:57:04.285Z"
                }
            ]
        },
        {
            "id": 333179,
            "name": "Energizer - N Cell E90 Batteries (2-Pack)",
            "type": "HardGood",
            "price": 5.99,
            "upc": "039800013200",
            "shipping": 0,
            "description": "Alkaline batteries; 1.5V",
            "manufacturer": "Energizer",
            "model": "E90BP-2",
            "url": "http://www.bestbuy.com/site/energizer-n-cell-e90-batteries-2-pack/333179.p?id=1185268509951&skuId=333179&cmp=RMXCC",
            "image": "http://img.bbystatic.com/BestBuy_US/images/products/3331/333179_sa.jpg",
            "createdAt": "2016-11-17T17:58:03.298Z",
            "updatedAt": "2016-11-17T17:58:03.298Z",
            "categories": [
                {
                    "id": "abcat0208006",
                    "name": "Specialty Batteries",
                    "createdAt": "2016-11-17T17:57:04.285Z",
                    "updatedAt": "2016-11-17T17:57:04.285Z"
                },
                {
                    "id": "pcmcat248700050021",
                    "name": "Housewares",
                    "createdAt": "2016-11-17T17:57:05.399Z",
                    "updatedAt": "2016-11-17T17:57:05.399Z"
                },
                {
                    "id": "pcmcat303600050001",
                    "name": "Household Batteries",
                    "createdAt": "2016-11-17T17:57:04.285Z",
                    "updatedAt": "2016-11-17T17:57:04.285Z"
                },
                {
                    "id": "pcmcat312300050015",
                    "name": "Connected Home & Housewares",
                    "createdAt": "2016-11-17T17:57:04.285Z",
                    "updatedAt": "2016-11-17T17:57:04.285Z"
                }
            ]
        },
        {
            "id": 346575,
            "name": "Metra - Radio Installation Dash Kit for Most 1989-2000 Ford, Lincoln & Mercury Vehicles - Black",
            "type": "HardGood",
            "price": 16.99,
            "upc": "086429002757",
            "shipping": 0,
            "description": "From our expanded online assortment; compatible with most 1989-2000 Ford, Lincoln and Mercury vehicles; snap-in TurboKit offers fast installation; spacer/trim ring; rear support bracket",
            "manufacturer": "Metra",
            "model": "99-5512",
            "url": "http://www.bestbuy.com/site/metra-radio-installation-dash-kit-for-most-1989-2000-ford-lincoln-mercury-vehicles-black/346575.p?id=1218118704590&skuId=346575&cmp=RMXCC",
            "image": "http://img.bbystatic.com/BestBuy_US/images/products/3465/346575_rc.jpg",
            "createdAt": "2016-11-17T17:58:03.298Z",
            "updatedAt": "2016-11-17T17:58:03.298Z",
            "categories": [
                {
                    "id": "abcat0300000",
                    "name": "Car Electronics & GPS",
                    "createdAt": "2016-11-17T17:57:04.285Z",
                    "updatedAt": "2016-11-17T17:57:04.285Z"
                },
                {
                    "id": "pcmcat165900050023",
                    "name": "Car Installation Parts & Accessories",
                    "createdAt": "2016-11-17T17:57:05.399Z",
                    "updatedAt": "2016-11-17T17:57:05.399Z"
                },
                {
                    "id": "pcmcat165900050031",
                    "name": "Deck Installation Parts",
                    "createdAt": "2016-11-17T17:57:05.399Z",
                    "updatedAt": "2016-11-17T17:57:05.399Z"
                },
                {
                    "id": "pcmcat165900050033",
                    "name": "Dash Installation Kits",
                    "createdAt": "2016-11-17T17:57:05.399Z",
                    "updatedAt": "2016-11-17T17:57:05.399Z"
                },
                {
                    "id": "pcmcat331600050007",
                    "name": "Car Audio Installation Parts",
                    "createdAt": "2016-11-17T17:57:04.643Z",
                    "updatedAt": "2016-11-17T17:57:04.643Z"
                }
            ]
        }
    ]
}
]]></system-out>
    <system-err><![CDATA[SLF4J: Failed to load class "org.slf4j.impl.StaticLoggerBinder".
SLF4J: Defaulting to no-operation (NOP) logger implementation
SLF4J: See http://www.slf4j.org/codes.html#StaticLoggerBinder for further details.
]]></system-err>
  </testcase>
  <testcase name="testAddProductSuccessfully" classname="apiTest.ProductsAPiTest" time="0.044">
    <system-out><![CDATA[Request Log : 
__________________________________________
Request method:	POST
Request URI:	http://localhost:3030/products
Proxy:			<none>
Request params:	<none>
Query params:	<none>
Form params:	<none>
Path params:	<none>
Headers:		Accept=*/*
				Content-Type=application/json
Cookies:		<none>
Multiparts:		<none>
Body:
{
    "image": "ImageTest",
    "shipping": 456,
    "price": 123,
    "name": "apiTest",
    "upc": "UPCTest",
    "description": "We are Testing",
    "model": "hjk845151",
    "type": "TestType",
    "url": "https://www.google",
    "manufacturer": "manufacturerTest"
}
Response Log :  
__________________________________________
{
    "id": 9999734,
    "image": "ImageTest",
    "shipping": 456,
    "price": 123,
    "name": "apiTest",
    "upc": "UPCTest",
    "description": "We are Testing",
    "model": "hjk845151",
    "type": "TestType",
    "url": "https://www.google",
    "manufacturer": "manufacturerTest",
    "updatedAt": "2022-02-03T04:46:49.655Z",
    "createdAt": "2022-02-03T04:46:49.655Z"
}
]]></system-out>
  </testcase>
  <testcase name="testFindProductByIdSuccessfully" classname="apiTest.ProductsAPiTest" time="0.034">
    <system-out><![CDATA[Request Log : 
__________________________________________
Request method:	GET
Request URI:	http://localhost:3030/products/9999734
Proxy:			<none>
Request params:	<none>
Query params:	<none>
Form params:	<none>
Path params:	<none>
Headers:		Accept=*/*
				Content-Type=application/json
Cookies:		<none>
Multiparts:		<none>
Body:			<none>
Response Log :  
__________________________________________
{
    "id": 9999734,
    "name": "apiTest",
    "type": "TestType",
    "price": 123,
    "upc": "UPCTest",
    "shipping": 456,
    "description": "We are Testing",
    "manufacturer": "manufacturerTest",
    "model": "hjk845151",
    "url": "https://www.google",
    "image": "ImageTest",
    "createdAt": "2022-02-03T04:46:49.655Z",
    "updatedAt": "2022-02-03T04:46:49.655Z",
    "categories": [
        
    ]
}
]]></system-out>
  </testcase>
  <testcase name="testUpdateProductSuccessfully" classname="apiTest.ProductsAPiTest" time="0.034">
    <system-out><![CDATA[Request Log : 
__________________________________________
Request method:	PATCH
Request URI:	http://localhost:3030/products/9999734
Proxy:			<none>
Request params:	<none>
Query params:	<none>
Form params:	<none>
Path params:	<none>
Headers:		Accept=*/*
				Content-Type=application/json
Cookies:		<none>
Multiparts:		<none>
Body:
{
    "name": "Updated Test Name value",
    "type": "Updated type value"
}
Response Log :  
__________________________________________
{
    "id": 9999734,
    "name": "Updated Test Name value",
    "type": "Updated type value",
    "price": 123,
    "upc": "UPCTest",
    "shipping": 456,
    "description": "We are Testing",
    "manufacturer": "manufacturerTest",
    "model": "hjk845151",
    "url": "https://www.google",
    "image": "ImageTest",
    "createdAt": "2022-02-03T04:46:49.655Z",
    "updatedAt": "2022-02-03T04:46:49.841Z"
}
]]></system-out>
  </testcase>
  <testcase name="testDeleteProductSuccessfully" classname="apiTest.ProductsAPiTest" time="0.033">
    <system-out><![CDATA[Request Log : 
__________________________________________
Request method:	DELETE
Request URI:	http://localhost:3030/products/9999734
Proxy:			<none>
Request params:	<none>
Query params:	<none>
Form params:	<none>
Path params:	<none>
Headers:		Accept=*/*
				Content-Type=application/json
Cookies:		<none>
Multiparts:		<none>
Body:			<none>
Response Log :  
__________________________________________
{
    "id": 9999734,
    "name": "Updated Test Name value",
    "type": "Updated type value",
    "price": 123,
    "upc": "UPCTest",
    "shipping": 456,
    "description": "We are Testing",
    "manufacturer": "manufacturerTest",
    "model": "hjk845151",
    "url": "https://www.google",
    "image": "ImageTest",
    "createdAt": "2022-02-03T04:46:49.655Z",
    "updatedAt": "2022-02-03T04:46:49.841Z"
}
]]></system-out>
  </testcase>
  <testcase name="testLimitedProduct" classname="apiTest.ProductsAPiTest" time="0.22">
    <system-out><![CDATA[Request Log : 
__________________________________________
Request method:	GET
Request URI:	http://localhost:3030/products?%24limit=1
Proxy:			<none>
Request params:	<none>
Query params:	$limit=1
Form params:	<none>
Path params:	<none>
Headers:		Accept=*/*
				Content-Type=application/json
Cookies:		<none>
Multiparts:		<none>
Body:			<none>
Response Log :  
__________________________________________
{
    "total": 51970,
    "limit": 1,
    "skip": 0,
    "data": [
        {
            "id": 43900,
            "name": "Duracell - AAA Batteries (4-Pack)",
            "type": "HardGood",
            "price": 5.49,
            "upc": "041333424019",
            "shipping": 0,
            "description": "Compatible with select electronic devices; AAA size; DURALOCK Power Preserve technology; 4-pack",
            "manufacturer": "Duracell",
            "model": "MN2400B4Z",
            "url": "http://www.bestbuy.com/site/duracell-aaa-batteries-4-pack/43900.p?id=1051384074145&skuId=43900&cmp=RMXCC",
            "image": "http://img.bbystatic.com/BestBuy_US/images/products/4390/43900_sa.jpg",
            "createdAt": "2016-11-17T17:58:03.298Z",
            "updatedAt": "2016-11-17T17:58:03.298Z",
            "categories": [
                {
                    "id": "abcat0208002",
                    "name": "Alkaline Batteries",
                    "createdAt": "2016-11-17T17:57:04.285Z",
                    "updatedAt": "2016-11-17T17:57:04.285Z"
                },
                {
                    "id": "pcmcat248700050021",
                    "name": "Housewares",
                    "createdAt": "2016-11-17T17:57:05.399Z",
                    "updatedAt": "2016-11-17T17:57:05.399Z"
                },
                {
                    "id": "pcmcat303600050001",
                    "name": "Household Batteries",
                    "createdAt": "2016-11-17T17:57:04.285Z",
                    "updatedAt": "2016-11-17T17:57:04.285Z"
                },
                {
                    "id": "pcmcat312300050015",
                    "name": "Connected Home & Housewares",
                    "createdAt": "2016-11-17T17:57:04.285Z",
                    "updatedAt": "2016-11-17T17:57:04.285Z"
                }
            ]
        }
    ]
}
]]></system-out>
  </testcase>
  <testcase name="testSkippedProduct" classname="apiTest.ProductsAPiTest" time="0.728">
    <system-out><![CDATA[Request Log : 
__________________________________________
Request method:	GET
Request URI:	http://localhost:3030/products?%24skip=25000
Proxy:			<none>
Request params:	<none>
Query params:	$skip=25000
Form params:	<none>
Path params:	<none>
Headers:		Accept=*/*
				Content-Type=application/json
Cookies:		<none>
Multiparts:		<none>
Body:			<none>
Response Log :  
__________________________________________
{
    "total": 51970,
    "limit": 10,
    "skip": 25000,
    "data": [
        {
            "id": 4997712,
            "name": "LG - 26.8 Cu. Ft. French Door Refrigerator with Thru-the-Door Ice and Water - Black",
            "type": "HardGood",
            "price": 2599.99,
            "upc": "048231784429",
            "shipping": 0,
            "description": "Digital controls; Smart Cooling system; Spill Protector tempered-glass shelves; 2 humidity-controlled crispers; Glide N' Serve drawer; DuraBase solid freezer drawer base",
            "manufacturer": "LG",
            "model": "LFX28968SB",
            "url": "http://www.bestbuy.com/site/lg-26-8-cu-ft-french-door-refrigerator-with-thru-the-door-ice-and-water-black/4997712.p?id=1218595783934&skuId=4997712&cmp=RMXCC",
            "image": "http://img.bbystatic.com/BestBuy_US/images/products/4997/4997712_sa.jpg",
            "createdAt": "2016-11-17T17:58:46.655Z",
            "updatedAt": "2016-11-17T17:58:46.655Z",
            "categories": [
                {
                    "id": "abcat0900000",
                    "name": "Appliances",
                    "createdAt": "2016-11-17T17:57:04.285Z",
                    "updatedAt": "2016-11-17T17:57:04.285Z"
                },
                {
                    "id": "abcat0901000",
                    "name": "Refrigerators",
                    "createdAt": "2016-11-17T17:57:04.285Z",
                    "updatedAt": "2016-11-17T17:57:04.285Z"
                },
                {
                    "id": "pcmcat367400050001",
                    "name": "All Refrigerators",
                    "createdAt": "2016-11-17T17:57:04.643Z",
                    "updatedAt": "2016-11-17T17:57:04.643Z"
                }
            ]
        },
        {
            "id": 4997876,
            "name": "Trademark - 6-Deck Discard Holder with Top",
            "type": "HardGood",
            "price": 36.99,
            "upc": "874959003005",
            "shipping": 0,
            "description": "From our expanded online assortment; holds up to 6 decks; thick acrylic material; rounded edges; top",
            "manufacturer": "Trademark",
            "model": "10-2030RED",
            "url": "http://www.bestbuy.com/site/trademark-6-deck-discard-holder-with-top/4997876.p?id=1218608959089&skuId=4997876CC",
            "image": "http://img.bbystatic.com/BestBuy_US/images/products/4997/4997876_500x500_sa.jpg",
            "createdAt": "2016-11-17T17:58:46.655Z",
            "updatedAt": "2016-11-17T17:58:46.655Z",
            "categories": [
                {
                    "id": "pcmcat252700050006",
                    "name": "Toys, Games & Drones",
                    "createdAt": "2016-11-17T17:57:05.600Z",
                    "updatedAt": "2016-11-17T17:57:05.600Z"
                },
                {
                    "id": "pcmcat254300050006",
                    "name": "Cards, Poker & Casino Games",
                    "createdAt": "2016-11-17T17:57:05.600Z",
                    "updatedAt": "2016-11-17T17:57:05.600Z"
                },
                {
                    "id": "pcmcat274200050008",
                    "name": "Games, Puzzles & Cards",
                    "createdAt": "2016-11-17T17:57:05.600Z",
                    "updatedAt": "2016-11-17T17:57:05.600Z"
                },
                {
                    "id": "pcmcat299300050016",
                    "name": "Casino Games & Machines",
                    "createdAt": "2016-11-17T17:57:04.285Z",
                    "updatedAt": "2016-11-17T17:57:04.285Z"
                }
            ]
        },
        {
            "id": 4997901,
            "name": "GE - 27.8 Cu. Ft. French Door Refrigerator - Slate",
            "type": "HardGood",
            "price": 2799.99,
            "upc": "084691819028",
            "shipping": 0,
            "description": "Electronic controls; full-width drawer, adjustable humidity drawer, split adjustable shelf; freezer: full-width basket; auto defrost; LED interior lighting",
            "manufacturer": "GE",
            "model": "GFE28GMKES",
            "url": "http://www.bestbuy.com/site/ge-27-8-cu-ft-french-door-refrigerator-slate/4997901.p?id=bb4997901&skuId=4997901&cmp=RMXCC",
            "image": "http://img.bbystatic.com/BestBuy_US/images/products/4997/4997901_sa.jpg",
            "createdAt": "2016-11-17T17:58:46.655Z",
            "updatedAt": "2016-11-17T17:58:46.655Z",
            "categories": [
                {
                    "id": "abcat0900000",
                    "name": "Appliances",
                    "createdAt": "2016-11-17T17:57:04.285Z",
                    "updatedAt": "2016-11-17T17:57:04.285Z"
                },
                {
                    "id": "abcat0901000",
                    "name": "Refrigerators",
                    "createdAt": "2016-11-17T17:57:04.285Z",
                    "updatedAt": "2016-11-17T17:57:04.285Z"
                },
                {
                    "id": "abcat0901004",
                    "name": "French Door Refrigerators",
                    "createdAt": "2016-11-17T17:57:04.285Z",
                    "updatedAt": "2016-11-17T17:57:04.285Z"
                }
            ]
        },
        {
            "id": 4997904,
            "name": "GE - 24.8 Cu. Ft. French Door Refrigerator - Slate",
            "type": "HardGood",
            "price": 1599,
            "upc": "084691814160",
            "shipping": 0,
            "description": "Electronic controls; adjustable temperature drawer, humidity controlled drawer, QuickSpace shelf; freezer: full-width drawer; auto defrost; LED interior lighting",
            "manufacturer": "GE",
            "model": "GNE25JMKES",
            "url": "http://www.bestbuy.com/site/ge-24-8-cu-ft-french-door-refrigerator-slate/4997904.p?id=bb4997904&skuId=4997904&cmp=RMXCC",
            "image": "http://img.bbystatic.com/BestBuy_US/images/products/4997/4997904_sa.jpg",
            "createdAt": "2016-11-17T17:58:46.655Z",
            "updatedAt": "2016-11-17T17:58:46.655Z",
            "categories": [
                {
                    "id": "abcat0900000",
                    "name": "Appliances",
                    "createdAt": "2016-11-17T17:57:04.285Z",
                    "updatedAt": "2016-11-17T17:57:04.285Z"
                },
                {
                    "id": "abcat0901000",
                    "name": "Refrigerators",
                    "createdAt": "2016-11-17T17:57:04.285Z",
                    "updatedAt": "2016-11-17T17:57:04.285Z"
                },
                {
                    "id": "pcmcat367400050001",
                    "name": "All Refrigerators",
                    "createdAt": "2016-11-17T17:57:04.643Z",
                    "updatedAt": "2016-11-17T17:57:04.643Z"
                }
            ]
        },
        {
            "id": 4997905,
            "name": "Disney Art Academy - Nintendo 3DS",
            "type": "Game",
            "price": 29.99,
            "upc": "045496743741",
            "shipping": 0,
            "description": "In the Disney Art Academy game, discover your inner artist to capture the stunning visuals of over 80 Disney and Pixar characters.",
            "manufacturer": "Nintendo",
            "model": "CTRPBWDE",
            "url": "http://www.bestbuy.com/site/disney-art-academy-nintendo-3ds/4997905.p?id=bb4997905&skuId=4997905&cmp=RMXCC",
            "image": "http://img.bbystatic.com/BestBuy_US/images/products/4997/4997905_sa.jpg",
            "createdAt": "2016-11-17T17:58:46.655Z",
            "updatedAt": "2016-11-17T17:58:46.655Z",
            "categories": [
                {
                    "id": "abcat0700000",
                    "name": "Video Games",
                    "createdAt": "2016-11-17T17:57:04.285Z",
                    "updatedAt": "2016-11-17T17:57:04.285Z"
                },
                {
                    "id": "pcmcat232900050000",
                    "name": "Nintendo 3DS",
                    "createdAt": "2016-11-17T17:57:05.399Z",
                    "updatedAt": "2016-11-17T17:57:05.399Z"
                },
                {
                    "id": "pcmcat235500050004",
                    "name": "Nintendo 3DS Games",
                    "createdAt": "2016-11-17T17:57:05.399Z",
                    "updatedAt": "2016-11-17T17:57:05.399Z"
                }
            ]
        },
        {
            "id": 4997958,
            "name": "Trademark - 18\" Roulette Wheel",
            "type": "HardGood",
            "price": 139.99,
            "upc": "874959003166",
            "shipping": 0,
            "description": "From our expanded online assortment; lets you play American-style roulette; 0 and 00 slots; thick Bakelite construction; steel linear-bearing design; includes 2 pills",
            "manufacturer": "Trademark",
            "model": "420304",
            "url": "http://www.bestbuy.com/site/trademark-18-roulette-wheel/4997958.p?id=1218608951609&skuId=4997958CC",
            "image": "http://img.bbystatic.com/BestBuy_US/images/products/4997/4997958_500x500_sa.jpg",
            "createdAt": "2016-11-17T17:58:46.655Z",
            "updatedAt": "2016-11-17T17:58:46.655Z",
            "categories": [
                {
                    "id": "pcmcat252700050006",
                    "name": "Toys, Games & Drones",
                    "createdAt": "2016-11-17T17:57:05.600Z",
                    "updatedAt": "2016-11-17T17:57:05.600Z"
                },
                {
                    "id": "pcmcat254300050006",
                    "name": "Cards, Poker & Casino Games",
                    "createdAt": "2016-11-17T17:57:05.600Z",
                    "updatedAt": "2016-11-17T17:57:05.600Z"
                },
                {
                    "id": "pcmcat274200050008",
                    "name": "Games, Puzzles & Cards",
                    "createdAt": "2016-11-17T17:57:05.600Z",
                    "updatedAt": "2016-11-17T17:57:05.600Z"
                },
                {
                    "id": "pcmcat299300050016",
                    "name": "Casino Games & Machines",
                    "createdAt": "2016-11-17T17:57:04.285Z",
                    "updatedAt": "2016-11-17T17:57:04.285Z"
                }
            ]
        },
        {
            "id": 4997967,
            "name": "Trademark Games - High Roller 200-Piece 11.5-Gram Poker Chip Set - Silver",
            "type": "HardGood",
            "price": 59.99,
            "upc": "874959002244",
            "shipping": 0,
            "description": "From our expanded online assortment; composite resin construction; 39mm diameter; Royal Flush and 4 Aces designs; 2 decks of cards; 5 dice; aluminum case",
            "manufacturer": "Trademark Games",
            "model": "10-0500-2002C",
            "url": "http://www.bestbuy.com/site/trademark-games-high-roller-200-piece-11-5-gram-poker-chip-set-silver/4997967.p?id=1218608962377&skuId=4997967CC",
            "image": "http://img.bbystatic.com/BestBuy_US/images/products/4997/4997967_sa.jpg",
            "createdAt": "2016-11-17T17:58:46.655Z",
            "updatedAt": "2016-11-17T17:58:46.655Z",
            "categories": [
                {
                    "id": "pcmcat252700050006",
                    "name": "Toys, Games & Drones",
                    "createdAt": "2016-11-17T17:57:05.600Z",
                    "updatedAt": "2016-11-17T17:57:05.600Z"
                },
                {
                    "id": "pcmcat254300050006",
                    "name": "Cards, Poker & Casino Games",
                    "createdAt": "2016-11-17T17:57:05.600Z",
                    "updatedAt": "2016-11-17T17:57:05.600Z"
                },
                {
                    "id": "pcmcat274200050008",
                    "name": "Games, Puzzles & Cards",
                    "createdAt": "2016-11-17T17:57:05.600Z",
                    "updatedAt": "2016-11-17T17:57:05.600Z"
                },
                {
                    "id": "pcmcat299300050016",
                    "name": "Casino Games & Machines",
                    "createdAt": "2016-11-17T17:57:04.285Z",
                    "updatedAt": "2016-11-17T17:57:04.285Z"
                }
            ]
        },
        {
            "id": 4998000,
            "name": "iBUYPOWER - Desktop - Intel Core i5 - 8GB Memory - NVIDIA GeForce GTX 950 - 120GB Solid State Drive + 1TB Hard Drive - Black White",
            "type": "HardGood",
            "price": 899.99,
            "upc": "848604019635",
            "shipping": 0,
            "description": "Windows 10 Home 64-bitNVIDIA GeForce GTX 950 2GB dedicated graphicsTechnical details: 6th Gen Intel&#174; Core&#8482; i5 processor; 8GB memory; 120GB solid state drive; 1TB hard driveSpecial features: liquid cooling; Bluetooth; one HDMI output; keyboard and mouse",
            "manufacturer": "iBUYPOWER",
            "model": "BB727",
            "url": "http://www.bestbuy.com/site/ibuypower-desktop-intel-core-i5-8gb-memory-nvidia-geforce-gtx-950-120gb-solid-state-drive-1tb-hard-drive-black-white/4998000.p?id=bb4998000&skuId=4998000&cmp=RMXCC",
            "image": "http://img.bbystatic.com/BestBuy_US/images/products/4998/4998000_sa.jpg",
            "createdAt": "2016-11-17T17:58:46.655Z",
            "updatedAt": "2016-11-17T17:58:46.655Z",
            "categories": [
                {
                    "id": "abcat0500000",
                    "name": "Computers & Tablets",
                    "createdAt": "2016-11-17T17:57:04.285Z",
                    "updatedAt": "2016-11-17T17:57:04.285Z"
                },
                {
                    "id": "abcat0501000",
                    "name": "Desktop & All-in-One Computers",
                    "createdAt": "2016-11-17T17:57:04.285Z",
                    "updatedAt": "2016-11-17T17:57:04.285Z"
                },
                {
                    "id": "pcmcat143400050013",
                    "name": "All Desktops",
                    "createdAt": "2016-11-17T17:57:04.643Z",
                    "updatedAt": "2016-11-17T17:57:04.643Z"
                }
            ]
        },
        {
            "id": 4998001,
            "name": "Top Trumps: NBA All Stars — PRE-OWNED - Nintendo 3DS",
            "type": "Game",
            "price": 9.99,
            "upc": "799007826798",
            "shipping": 0,
            "description": "Choose a team and build it into a champion",
            "manufacturer": "Conspiracy Entertainment",
            "model": "PREOWNED",
            "url": "http://www.bestbuy.com/site/top-trumps-nba-all-stars-pre-owned-nintendo-3ds/4998001.p?id=1218595773658&skuId=4998001&cmp=RMXCC",
            "image": "http://img.bbystatic.com/BestBuy_US/images/products/4998/4998001.jpg",
            "createdAt": "2016-11-17T17:58:46.655Z",
            "updatedAt": "2016-11-17T17:58:46.655Z",
            "categories": [
                {
                    "id": "abcat0700000",
                    "name": "Video Games",
                    "createdAt": "2016-11-17T17:57:04.285Z",
                    "updatedAt": "2016-11-17T17:57:04.285Z"
                },
                {
                    "id": "pcmcat232900050017",
                    "name": "Pre-Owned Games",
                    "createdAt": "2016-11-17T17:57:05.399Z",
                    "updatedAt": "2016-11-17T17:57:05.399Z"
                }
            ]
        },
        {
            "id": 4998002,
            "name": "Pokémon Rumble World - Nintendo 3DS",
            "type": "Game",
            "price": 29.99,
            "upc": "045496743765",
            "shipping": 0,
            "description": "Discover a wonderful world of Toy Pok&#233;mon",
            "manufacturer": "Nintendo",
            "model": "CTRPECFE",
            "url": "http://www.bestbuy.com/site/pokemon-rumble-world-nintendo-3ds/4998002.p?id=bb4998002&skuId=4998002&cmp=RMXCC",
            "image": "http://img.bbystatic.com/BestBuy_US/images/products/4998/4998002_sa.jpg",
            "createdAt": "2016-11-17T17:58:46.655Z",
            "updatedAt": "2016-11-17T17:58:46.655Z",
            "categories": [
                {
                    "id": "abcat0700000",
                    "name": "Video Games",
                    "createdAt": "2016-11-17T17:57:04.285Z",
                    "updatedAt": "2016-11-17T17:57:04.285Z"
                },
                {
                    "id": "pcmcat232900050000",
                    "name": "Nintendo 3DS",
                    "createdAt": "2016-11-17T17:57:05.399Z",
                    "updatedAt": "2016-11-17T17:57:05.399Z"
                },
                {
                    "id": "pcmcat235500050004",
                    "name": "Nintendo 3DS Games",
                    "createdAt": "2016-11-17T17:57:05.399Z",
                    "updatedAt": "2016-11-17T17:57:05.399Z"
                }
            ]
        }
    ]
}
]]></system-out>
  </testcase>
  <testcase name="TestSortProductByHighestPrice" classname="apiTest.ProductsAPiTest" time="0.756">
    <system-out><![CDATA[Request Log : 
__________________________________________
Request method:	GET
Request URI:	http://localhost:3030/products?%24sort%5Bprice%5D=-1
Proxy:			<none>
Request params:	<none>
Query params:	$sort[price]=-1
Form params:	<none>
Path params:	<none>
Headers:		Accept=*/*
				Content-Type=application/json
Cookies:		<none>
Multiparts:		<none>
Body:			<none>
Response Log :  
__________________________________________
{
    "total": 51970,
    "limit": 10,
    "skip": 0,
    "data": [
        {
            "id": 3041141,
            "name": "Sony - ES SXRD 3D-Ready 4K Home Theater Projector - Black",
            "type": "HardGood",
            "price": 27999.98,
            "upc": "027242873193",
            "shipping": 0,
            "description": "4K (4096 x 2160) resolution2000 lumens brightness16:9 aspect ratio",
            "manufacturer": "Sony",
            "model": "VPLVW1100ES",
            "url": "http://www.bestbuy.com/site/sony-es-sxrd-3d-ready-4k-home-theater-projector-black/3041141.p?id=1219086346401&skuId=3041141&cmp=RMXCC",
            "image": "http://img.bbystatic.com/BestBuy_US/images/products/3041/3041141_sa.jpg",
            "createdAt": "2016-11-17T18:02:21.601Z",
            "updatedAt": "2016-11-17T18:02:21.601Z",
            "categories": [
                {
                    "id": "abcat0100000",
                    "name": "TV & Home Theater",
                    "createdAt": "2016-11-17T17:57:04.285Z",
                    "updatedAt": "2016-11-17T17:57:04.285Z"
                },
                {
                    "id": "pcmcat158900050008",
                    "name": "Projectors & Screens",
                    "createdAt": "2016-11-17T17:57:04.899Z",
                    "updatedAt": "2016-11-17T17:57:04.899Z"
                },
                {
                    "id": "pcmcat158900050018",
                    "name": "Projectors",
                    "createdAt": "2016-11-17T17:57:04.899Z",
                    "updatedAt": "2016-11-17T17:57:04.899Z"
                }
            ]
        },
        {
            "id": 1790046,
            "name": "Nikon - AF-S NIKKOR 800mm f/5.6E FL ED VR Super-Telephoto Lens for Select Nikon Cameras - Black",
            "type": "HardGood",
            "price": 16299.99,
            "upc": "018208022052",
            "shipping": 0,
            "description": "Compatible with select Nikon cameras; VR (Vibration Reduction) image stabilization; ED (Extra-Low Dispersion) glass; SWM (Silent Wave Motor); 1.25x teleconverter",
            "manufacturer": "Nikon",
            "model": "2205",
            "url": "http://www.bestbuy.com/site/nikon-af-s-nikkor-800mm-f-5-6e-fl-ed-vr-super-telephoto-lens-for-select-nikon-cameras-black/1790046.p?id=1219064724072&skuId=1790046&cmp=RMXCC",
            "image": "http://img.bbystatic.com/BestBuy_US/images/products/1790/1790046_sa.jpg",
            "createdAt": "2016-11-17T18:00:01.751Z",
            "updatedAt": "2016-11-17T18:00:01.751Z",
            "categories": [
                {
                    "id": "abcat0400000",
                    "name": "Cameras & Camcorders",
                    "createdAt": "2016-11-17T17:57:04.285Z",
                    "updatedAt": "2016-11-17T17:57:04.285Z"
                },
                {
                    "id": "abcat0410000",
                    "name": "Digital Camera Accessories",
                    "createdAt": "2016-11-17T17:57:04.285Z",
                    "updatedAt": "2016-11-17T17:57:04.285Z"
                },
                {
                    "id": "abcat0410018",
                    "name": "Camera Lenses",
                    "createdAt": "2016-11-17T17:57:04.285Z",
                    "updatedAt": "2016-11-17T17:57:04.285Z"
                },
                {
                    "id": "pcmcat195200050001",
                    "name": "Prime Lenses",
                    "createdAt": "2016-11-17T17:57:05.399Z",
                    "updatedAt": "2016-11-17T17:57:05.399Z"
                },
                {
                    "id": "pcmcat233000050008",
                    "name": "DSLR Lenses",
                    "createdAt": "2016-11-17T17:57:05.399Z",
                    "updatedAt": "2016-11-17T17:57:05.399Z"
                }
            ]
        },
        {
            "id": 4621000,
            "name": "Sony - ES 4K SXRD Projector - Black",
            "type": "HardGood",
            "price": 14999.98,
            "upc": "027242892095",
            "shipping": 0,
            "description": "4K Ultra HD resolution16:9 aspect ratio",
            "manufacturer": "Sony",
            "model": "VPLVW665ES",
            "url": "http://www.bestbuy.com/site/sony-es-4k-sxrd-projector-black/4621000.p?id=1219780138505&skuId=4621000&cmp=RMXCC",
            "image": "http://img.bbystatic.com/BestBuy_US/images/products/4621/4621000_sa.jpg",
            "createdAt": "2016-11-17T18:01:33.383Z",
            "updatedAt": "2016-11-17T18:01:33.383Z",
            "categories": [
                {
                    "id": "abcat0100000",
                    "name": "TV & Home Theater",
                    "createdAt": "2016-11-17T17:57:04.285Z",
                    "updatedAt": "2016-11-17T17:57:04.285Z"
                },
                {
                    "id": "pcmcat158900050008",
                    "name": "Projectors & Screens",
                    "createdAt": "2016-11-17T17:57:04.899Z",
                    "updatedAt": "2016-11-17T17:57:04.899Z"
                },
                {
                    "id": "pcmcat158900050018",
                    "name": "Projectors",
                    "createdAt": "2016-11-17T17:57:04.899Z",
                    "updatedAt": "2016-11-17T17:57:04.899Z"
                }
            ]
        },
        {
            "id": 8794897,
            "name": "Canon - EF 800mm f/5.6L IS USM Super-Telephoto Lens for Canon EOS Cameras - White",
            "type": "HardGood",
            "price": 12999.99,
            "upc": "013803092738",
            "shipping": 0,
            "description": "Compatible with Canon EOS cameras; image stabilization; USM (Ultrasonic Motor); 800mm focal length; 0.14x maximum magnification; f/32 minimum and f/5.6 maximum aperture",
            "manufacturer": "Canon",
            "model": "2746B002",
            "url": "http://www.bestbuy.com/site/canon-ef-800mm-f-5-6l-is-usm-super-telephoto-lens-for-canon-eos-cameras-white/8794897.p?id=1205537954826&skuId=8794897&cmp=RMXCC",
            "image": "http://img.bbystatic.com/BestBuy_US/images/products/8794/8794897_rc.jpg",
            "createdAt": "2016-11-17T18:00:31.886Z",
            "updatedAt": "2016-11-17T18:00:31.886Z",
            "categories": [
                {
                    "id": "abcat0400000",
                    "name": "Cameras & Camcorders",
                    "createdAt": "2016-11-17T17:57:04.285Z",
                    "updatedAt": "2016-11-17T17:57:04.285Z"
                },
                {
                    "id": "abcat0410000",
                    "name": "Digital Camera Accessories",
                    "createdAt": "2016-11-17T17:57:04.285Z",
                    "updatedAt": "2016-11-17T17:57:04.285Z"
                },
                {
                    "id": "abcat0410018",
                    "name": "Camera Lenses",
                    "createdAt": "2016-11-17T17:57:04.285Z",
                    "updatedAt": "2016-11-17T17:57:04.285Z"
                },
                {
                    "id": "pcmcat195200050001",
                    "name": "Prime Lenses",
                    "createdAt": "2016-11-17T17:57:05.399Z",
                    "updatedAt": "2016-11-17T17:57:05.399Z"
                },
                {
                    "id": "pcmcat233000050008",
                    "name": "DSLR Lenses",
                    "createdAt": "2016-11-17T17:57:05.399Z",
                    "updatedAt": "2016-11-17T17:57:05.399Z"
                }
            ]
        },
        {
            "id": 4262200,
            "name": "Nikon - Nikkor AF-S 600mm f/4.0 E FL ED VR Optical Telephoto Lens for Nikon F - Black",
            "type": "HardGood",
            "price": 12299.99,
            "upc": "018208200542",
            "shipping": 0,
            "description": "Compatible with 35mm SLRs and digital SLRs; optical image stabilization; tele; internal focusing system, full-time manual focusing, ED glass; 40.5mm filter size; 14.4' minimum focus distance; up to 0.14x magnification",
            "manufacturer": "Nikon",
            "model": "20054",
            "url": "http://www.bestbuy.com/site/nikon-nikkor-af-s-600mm-f-4-0-e-fl-ed-vr-optical-telephoto-lens-for-nikon-f-black/4262200.p?id=1219732458980&skuId=4262200&cmp=RMXCC",
            "image": "http://img.bbystatic.com/BestBuy_US/images/products/4262/4262200_sa.jpg",
            "createdAt": "2016-11-17T18:01:06.648Z",
            "updatedAt": "2016-11-17T18:01:06.648Z",
            "categories": [
                {
                    "id": "abcat0400000",
                    "name": "Cameras & Camcorders",
                    "createdAt": "2016-11-17T17:57:04.285Z",
                    "updatedAt": "2016-11-17T17:57:04.285Z"
                },
                {
                    "id": "abcat0410000",
                    "name": "Digital Camera Accessories",
                    "createdAt": "2016-11-17T17:57:04.285Z",
                    "updatedAt": "2016-11-17T17:57:04.285Z"
                },
                {
                    "id": "abcat0410018",
                    "name": "Camera Lenses",
                    "createdAt": "2016-11-17T17:57:04.285Z",
                    "updatedAt": "2016-11-17T17:57:04.285Z"
                },
                {
                    "id": "pcmcat196500050012",
                    "name": "Long-Range Zoom Lenses",
                    "createdAt": "2016-11-17T17:57:05.399Z",
                    "updatedAt": "2016-11-17T17:57:05.399Z"
                },
                {
                    "id": "pcmcat233000050008",
                    "name": "DSLR Lenses",
                    "createdAt": "2016-11-17T17:57:05.399Z",
                    "updatedAt": "2016-11-17T17:57:05.399Z"
                }
            ]
        },
        {
            "id": 8437043,
            "name": "Key Digital - Champion Series 16 x 16 HDMI Matrix Switcher - Black",
            "type": "HardGood",
            "price": 11999.98,
            "upc": "819505001708",
            "shipping": 0,
            "description": "KEY DIGITAL Champion Series 16 x 16 HDMI Matrix Switcher: Compatible with most HDMI sources; 1080p maximum resolution; supports Dolby TrueHD, Dolby Digital Plus and DTS-HD Master Audio; 3D-ready",
            "manufacturer": "Key Digital",
            "model": "KD-16X16CS",
            "url": "http://www.bestbuy.com/site/key-digital-champion-series-16-x-16-hdmi-matrix-switcher-black/8437043.p?id=1219691713155&skuId=8437043&cmp=RMXCC",
            "image": "http://img.bbystatic.com/BestBuy_US/images/products/8437/8437043_sa.jpg",
            "createdAt": "2016-11-17T18:01:44.806Z",
            "updatedAt": "2016-11-17T18:01:44.806Z",
            "categories": [
                {
                    "id": "abcat0100000",
                    "name": "TV & Home Theater",
                    "createdAt": "2016-11-17T17:57:04.285Z",
                    "updatedAt": "2016-11-17T17:57:04.285Z"
                },
                {
                    "id": "abcat0107000",
                    "name": "TV & Home Theater Accessories",
                    "createdAt": "2016-11-17T17:57:04.285Z",
                    "updatedAt": "2016-11-17T17:57:04.285Z"
                },
                {
                    "id": "abcat0107015",
                    "name": "A/V Cables & Connectors",
                    "createdAt": "2016-11-17T17:57:04.285Z",
                    "updatedAt": "2016-11-17T17:57:04.285Z"
                },
                {
                    "id": "pcmcat175600050016",
                    "name": "A/V Switchers",
                    "createdAt": "2016-11-17T17:57:05.399Z",
                    "updatedAt": "2016-11-17T17:57:05.399Z"
                }
            ]
        },
        {
            "id": 1688841,
            "name": "Canon - EF 600mm f/4L IS II USM Super Telephoto Lens for Most Canon EOS SLR Cameras - White",
            "type": "HardGood",
            "price": 11499.99,
            "upc": "013803134148",
            "shipping": 0,
            "description": "Compatible with most Canon EOS SLR cameras; 3 image stabilization modes; inner focusing system; 52mm filter size; 14.8' minimum focus distance",
            "manufacturer": "Canon",
            "model": "5125B002",
            "url": "http://www.bestbuy.com/site/canon-ef-600mm-f-4l-is-ii-usm-super-telephoto-lens-for-most-canon-eos-slr-cameras-white/1688841.p?id=1219060409045&skuId=1688841&cmp=RMXCC",
            "image": "http://img.bbystatic.com/BestBuy_US/images/products/1688/1688841_rc.jpg",
            "createdAt": "2016-11-17T17:58:03.298Z",
            "updatedAt": "2016-11-17T17:58:03.298Z",
            "categories": [
                {
                    "id": "abcat0400000",
                    "name": "Cameras & Camcorders",
                    "createdAt": "2016-11-17T17:57:04.285Z",
                    "updatedAt": "2016-11-17T17:57:04.285Z"
                },
                {
                    "id": "abcat0410000",
                    "name": "Digital Camera Accessories",
                    "createdAt": "2016-11-17T17:57:04.285Z",
                    "updatedAt": "2016-11-17T17:57:04.285Z"
                },
                {
                    "id": "abcat0410018",
                    "name": "Camera Lenses",
                    "createdAt": "2016-11-17T17:57:04.285Z",
                    "updatedAt": "2016-11-17T17:57:04.285Z"
                },
                {
                    "id": "pcmcat195200050001",
                    "name": "Prime Lenses",
                    "createdAt": "2016-11-17T17:57:05.399Z",
                    "updatedAt": "2016-11-17T17:57:05.399Z"
                },
                {
                    "id": "pcmcat233000050008",
                    "name": "DSLR Lenses",
                    "createdAt": "2016-11-17T17:57:05.399Z",
                    "updatedAt": "2016-11-17T17:57:05.399Z"
                }
            ]
        },
        {
            "id": 9324006,
            "name": "Nikon - AF-S NIKKOR 400mm f/2.8E FL ED VR Lens for Select Nikon DSLR Cameras",
            "type": "HardGood",
            "price": 11199.99,
            "upc": "018208022175",
            "shipping": 0,
            "description": "Compatible with most Nikon DSLR cameras with an F-Bayonet mount; lightweight design; image stabilization; ED glass; fluorite lens element; IF lens; nano crystal coat; silent wave motor",
            "manufacturer": "Nikon",
            "model": "2217",
            "url": "http://www.bestbuy.com/site/nikon-af-s-nikkor-400mm-f-2-8e-fl-ed-vr-lens-for-select-nikon-dslr-cameras/9324006.p?id=1219405808498&skuId=9324006&cmp=RMXCC",
            "image": "http://img.bbystatic.com/BestBuy_US/images/products/9324/9324006_sa.jpg",
            "createdAt": "2016-11-17T17:58:46.655Z",
            "updatedAt": "2016-11-17T17:58:46.655Z",
            "categories": [
                {
                    "id": "abcat0400000",
                    "name": "Cameras & Camcorders",
                    "createdAt": "2016-11-17T17:57:04.285Z",
                    "updatedAt": "2016-11-17T17:57:04.285Z"
                },
                {
                    "id": "abcat0410000",
                    "name": "Digital Camera Accessories",
                    "createdAt": "2016-11-17T17:57:04.285Z",
                    "updatedAt": "2016-11-17T17:57:04.285Z"
                },
                {
                    "id": "abcat0410018",
                    "name": "Camera Lenses",
                    "createdAt": "2016-11-17T17:57:04.285Z",
                    "updatedAt": "2016-11-17T17:57:04.285Z"
                },
                {
                    "id": "pcmcat195200050001",
                    "name": "Prime Lenses",
                    "createdAt": "2016-11-17T17:57:05.399Z",
                    "updatedAt": "2016-11-17T17:57:05.399Z"
                },
                {
                    "id": "pcmcat233000050008",
                    "name": "DSLR Lenses",
                    "createdAt": "2016-11-17T17:57:05.399Z",
                    "updatedAt": "2016-11-17T17:57:05.399Z"
                }
            ]
        },
        {
            "id": 1757296,
            "name": "Canon - EF 200-400mm f/4L IS USM Super Telephoto Lens for Most Canon EOS SLR Cameras - White",
            "type": "HardGood",
            "price": 10999.99,
            "upc": "013803134179",
            "shipping": 0,
            "description": "Compatible with most Canon EOS SLR cameras; built-in 1.4x extender; 3 image stabilization modes; 52mm filter size; 6.6' minimum focus distance",
            "manufacturer": "Canon",
            "model": "5176B002",
            "url": "http://www.bestbuy.com/site/canon-ef-200-400mm-f-4l-is-usm-super-telephoto-lens-for-most-canon-eos-slr-cameras-white/1757296.p?id=1219062656772&skuId=1757296&cmp=RMXCC",
            "image": "http://img.bbystatic.com/BestBuy_US/images/products/1757/1757296_sa.jpg",
            "createdAt": "2016-11-17T17:59:24.820Z",
            "updatedAt": "2016-11-17T17:59:24.820Z",
            "categories": [
                {
                    "id": "abcat0400000",
                    "name": "Cameras & Camcorders",
                    "createdAt": "2016-11-17T17:57:04.285Z",
                    "updatedAt": "2016-11-17T17:57:04.285Z"
                },
                {
                    "id": "abcat0410000",
                    "name": "Digital Camera Accessories",
                    "createdAt": "2016-11-17T17:57:04.285Z",
                    "updatedAt": "2016-11-17T17:57:04.285Z"
                },
                {
                    "id": "abcat0410018",
                    "name": "Camera Lenses",
                    "createdAt": "2016-11-17T17:57:04.285Z",
                    "updatedAt": "2016-11-17T17:57:04.285Z"
                },
                {
                    "id": "pcmcat196500050012",
                    "name": "Long-Range Zoom Lenses",
                    "createdAt": "2016-11-17T17:57:05.399Z",
                    "updatedAt": "2016-11-17T17:57:05.399Z"
                },
                {
                    "id": "pcmcat233000050008",
                    "name": "DSLR Lenses",
                    "createdAt": "2016-11-17T17:57:05.399Z",
                    "updatedAt": "2016-11-17T17:57:05.399Z"
                }
            ]
        },
        {
            "id": 4262000,
            "name": "Nikon - AF-S NIKKOR 500mm f/4E FL ED VR Super Telephoto Lens - Black",
            "type": "HardGood",
            "price": 10299.99,
            "upc": "018208200535",
            "shipping": 0,
            "description": "Compatible with Nikon cameras with an F-mount; 4-stop VR image stabilization; Nano Crystal Coat; 40.5mm filter size; 11.9' minimum focus distance",
            "manufacturer": "Nikon",
            "model": "20053",
            "url": "http://www.bestbuy.com/site/nikon-af-s-nikkor-500mm-f-4e-fl-ed-vr-super-telephoto-lens-black/4262000.p?id=1219732457043&skuId=4262000&cmp=RMXCC",
            "image": "http://img.bbystatic.com/BestBuy_US/images/products/4262/4262000_sa.jpg",
            "createdAt": "2016-11-17T18:01:06.648Z",
            "updatedAt": "2016-11-17T18:01:06.648Z",
            "categories": [
                {
                    "id": "abcat0400000",
                    "name": "Cameras & Camcorders",
                    "createdAt": "2016-11-17T17:57:04.285Z",
                    "updatedAt": "2016-11-17T17:57:04.285Z"
                },
                {
                    "id": "abcat0410000",
                    "name": "Digital Camera Accessories",
                    "createdAt": "2016-11-17T17:57:04.285Z",
                    "updatedAt": "2016-11-17T17:57:04.285Z"
                },
                {
                    "id": "abcat0410018",
                    "name": "Camera Lenses",
                    "createdAt": "2016-11-17T17:57:04.285Z",
                    "updatedAt": "2016-11-17T17:57:04.285Z"
                },
                {
                    "id": "pcmcat195200050001",
                    "name": "Prime Lenses",
                    "createdAt": "2016-11-17T17:57:05.399Z",
                    "updatedAt": "2016-11-17T17:57:05.399Z"
                },
                {
                    "id": "pcmcat233000050008",
                    "name": "DSLR Lenses",
                    "createdAt": "2016-11-17T17:57:05.399Z",
                    "updatedAt": "2016-11-17T17:57:05.399Z"
                }
            ]
        }
    ]
}
]]></system-out>
  </testcase>
  <testcase name="TestSortProductByLowestPrice" classname="apiTest.ProductsAPiTest" time="0.385">
    <system-out><![CDATA[Request Log : 
__________________________________________
Request method:	GET
Request URI:	http://localhost:3030/products?%24sort%5Bprice%5D=1
Proxy:			<none>
Request params:	<none>
Query params:	$sort[price]=1
Form params:	<none>
Path params:	<none>
Headers:		Accept=*/*
				Content-Type=application/json
Cookies:		<none>
Multiparts:		<none>
Body:			<none>
Response Log :  
__________________________________________
{
    "total": 51970,
    "limit": 10,
    "skip": 0,
    "data": [
        {
            "id": 9999679,
            "name": "string",
            "type": "string",
            "price": 0,
            "upc": "string",
            "shipping": 0,
            "description": "string",
            "manufacturer": "string",
            "model": "string",
            "url": "string",
            "image": "string",
            "createdAt": "2022-01-30T20:43:48.766Z",
            "updatedAt": "2022-01-30T20:43:48.766Z",
            "categories": [
                
            ]
        },
        {
            "id": 9999680,
            "name": "string",
            "type": "string",
            "price": 0,
            "upc": "string",
            "shipping": 0,
            "description": "string",
            "manufacturer": "string",
            "model": "string",
            "url": "string",
            "image": "string",
            "createdAt": "2022-01-31T06:38:38.850Z",
            "updatedAt": "2022-01-31T06:38:38.850Z",
            "categories": [
                
            ]
        },
        {
            "id": 9999681,
            "name": "string",
            "type": "string",
            "price": 0,
            "upc": "string",
            "shipping": 0,
            "description": "string",
            "manufacturer": "string",
            "model": "string",
            "url": "string",
            "image": "string",
            "createdAt": "2022-01-31T06:38:45.741Z",
            "updatedAt": "2022-01-31T06:38:45.741Z",
            "categories": [
                
            ]
        },
        {
            "id": 9999682,
            "name": "string",
            "type": "string",
            "price": 0,
            "upc": "string",
            "shipping": 0,
            "description": "string",
            "manufacturer": "string",
            "model": "string",
            "url": "string",
            "image": "string",
            "createdAt": "2022-01-31T06:38:46.593Z",
            "updatedAt": "2022-01-31T06:38:46.593Z",
            "categories": [
                
            ]
        },
        {
            "id": 3552309,
            "name": "Magnolia Home Theater - Free In-Home Consultation",
            "type": "HardGood",
            "price": 0.01,
            "upc": "400035523091",
            "shipping": 0,
            "description": "A Magnolia Systems Designer or Geek Squad Agent will help you design solutions for home theater, audio, Wi-Fi, connected home and much more.",
            "manufacturer": "Magnolia Home Theater",
            "model": null,
            "url": "http://www.bestbuy.com/site/magnolia-home-theater-free-in-home-consultation/3552309.p?id=1218412707201&skuId=3552309&cmp=RMXCC",
            "image": "http://img.bbystatic.com/BestBuy_US/images/products/3552/3552309_sa.jpg",
            "createdAt": "2016-11-17T18:00:31.886Z",
            "updatedAt": "2016-11-17T18:00:31.886Z",
            "categories": [
                {
                    "id": "pcmcat138100050018",
                    "name": "Geek Squad",
                    "createdAt": "2016-11-17T17:57:04.643Z",
                    "updatedAt": "2016-11-17T17:57:04.643Z"
                },
                {
                    "id": "pcmcat138100050024",
                    "name": "TV & Home Theater Services",
                    "createdAt": "2016-11-17T17:57:04.643Z",
                    "updatedAt": "2016-11-17T17:57:04.643Z"
                }
            ]
        },
        {
            "id": 1339042,
            "name": "Rock Band Metal Track Pack - PRE-OWNED - PlayStation 2",
            "type": "Game",
            "price": 0.99,
            "upc": "799007761471",
            "shipping": 0,
            "description": "Enjoy head-banging fun to an incredible metal soundtrack",
            "manufacturer": "MTV Games",
            "model": null,
            "url": "http://www.bestbuy.com/site/rock-band-metal-track-pack-pre-owned-playstation-2/1339042.p?id=1218251725855&skuId=1339042&cmp=RMXCC",
            "image": "http://img.bbystatic.com/BestBuy_US/images/products/1339/1339042_sa.jpg",
            "createdAt": "2016-11-17T17:58:03.298Z",
            "updatedAt": "2016-11-17T17:58:03.298Z",
            "categories": [
                {
                    "id": "abcat0700000",
                    "name": "Video Games",
                    "createdAt": "2016-11-17T17:57:04.285Z",
                    "updatedAt": "2016-11-17T17:57:04.285Z"
                },
                {
                    "id": "pcmcat232900050017",
                    "name": "Pre-Owned Games",
                    "createdAt": "2016-11-17T17:57:05.399Z",
                    "updatedAt": "2016-11-17T17:57:05.399Z"
                }
            ]
        },
        {
            "id": 1478398,
            "name": "Dragonball: Evolution - PRE-OWNED - PSP",
            "type": "Game",
            "price": 0.99,
            "upc": "799007789161",
            "shipping": 0,
            "description": "Fight your way through the world of the feature film",
            "manufacturer": "Namco Bandai Games",
            "model": null,
            "url": "http://www.bestbuy.com/site/dragonball-evolution-pre-owned-psp/1478398.p?id=1218262461686&skuId=1478398&cmp=RMXCC",
            "image": "http://img.bbystatic.com/BestBuy_US/images/products/1478/1478398_sa.jpg",
            "createdAt": "2016-11-17T18:01:22.276Z",
            "updatedAt": "2016-11-17T18:01:22.276Z",
            "categories": [
                {
                    "id": "abcat0700000",
                    "name": "Video Games",
                    "createdAt": "2016-11-17T17:57:04.285Z",
                    "updatedAt": "2016-11-17T17:57:04.285Z"
                },
                {
                    "id": "pcmcat232900050017",
                    "name": "Pre-Owned Games",
                    "createdAt": "2016-11-17T17:57:05.399Z",
                    "updatedAt": "2016-11-17T17:57:05.399Z"
                }
            ]
        },
        {
            "id": 1525809,
            "name": "Dynex™ - Case for Apple® iPhone® 6 - Green/White",
            "type": "HardGood",
            "price": 0.99,
            "upc": "600603181146",
            "shipping": 0,
            "description": "Only at Best Buy\nCompatible with Apple iPhone 6; TPU material; camera cut-out",
            "manufacturer": "Dynex™",
            "model": "DX-MA642GH",
            "url": "http://www.bestbuy.com/site/dynex-case-for-apple-iphone-6-green-white/1525809.p?id=1219500991300&skuId=1525809&cmp=RMXCC",
            "image": "http://img.bbystatic.com/BestBuy_US/images/products/1525/1525809_sa.jpg",
            "createdAt": "2016-11-17T18:01:44.806Z",
            "updatedAt": "2016-11-17T18:01:44.806Z",
            "categories": [
                {
                    "id": "abcat0800000",
                    "name": "Cell Phones",
                    "createdAt": "2016-11-17T17:57:04.285Z",
                    "updatedAt": "2016-11-17T17:57:04.285Z"
                },
                {
                    "id": "abcat0811002",
                    "name": "Cell Phone Accessories",
                    "createdAt": "2016-11-17T17:57:04.285Z",
                    "updatedAt": "2016-11-17T17:57:04.285Z"
                },
                {
                    "id": "pcmcat191200050015",
                    "name": "iPhone Accessories",
                    "createdAt": "2016-11-17T17:57:05.399Z",
                    "updatedAt": "2016-11-17T17:57:05.399Z"
                },
                {
                    "id": "pcmcat214700050000",
                    "name": "iPhone Cases & Clips",
                    "createdAt": "2016-11-17T17:57:05.399Z",
                    "updatedAt": "2016-11-17T17:57:05.399Z"
                }
            ]
        },
        {
            "id": 1526043,
            "name": "Dynex™ - Case for Apple® iPhone® 6 Plus - Green/White",
            "type": "HardGood",
            "price": 0.99,
            "upc": "600603181221",
            "shipping": 0,
            "description": "Only at Best Buy\nCompatible with Apple iPhone 6 Plus; TPU material; camera cut-out",
            "manufacturer": "Dynex™",
            "model": "DX-MA652GH",
            "url": "http://www.bestbuy.com/site/dynex-case-for-apple-iphone-6-plus-green-white/1526043.p?id=1219500999151&skuId=1526043&cmp=RMXCC",
            "image": "http://img.bbystatic.com/BestBuy_US/images/products/1526/1526043_sa.jpg",
            "createdAt": "2016-11-17T18:01:44.806Z",
            "updatedAt": "2016-11-17T18:01:44.806Z",
            "categories": [
                {
                    "id": "abcat0800000",
                    "name": "Cell Phones",
                    "createdAt": "2016-11-17T17:57:04.285Z",
                    "updatedAt": "2016-11-17T17:57:04.285Z"
                },
                {
                    "id": "abcat0811002",
                    "name": "Cell Phone Accessories",
                    "createdAt": "2016-11-17T17:57:04.285Z",
                    "updatedAt": "2016-11-17T17:57:04.285Z"
                },
                {
                    "id": "pcmcat191200050015",
                    "name": "iPhone Accessories",
                    "createdAt": "2016-11-17T17:57:05.399Z",
                    "updatedAt": "2016-11-17T17:57:05.399Z"
                },
                {
                    "id": "pcmcat214700050000",
                    "name": "iPhone Cases & Clips",
                    "createdAt": "2016-11-17T17:57:05.399Z",
                    "updatedAt": "2016-11-17T17:57:05.399Z"
                }
            ]
        },
        {
            "id": 1565309,
            "name": "High School Musical 3: Senior Year DANCE - PRE-OWNED - PlayStation 2",
            "type": "Game",
            "price": 0.99,
            "upc": "799007783404",
            "shipping": 0,
            "description": "Show you can dance like a true Wildcat",
            "manufacturer": "Disney Interactive Studios",
            "model": null,
            "url": "http://www.bestbuy.com/site/high-school-musical-3-senior-year-dance-pre-owned-playstation-2/1565309.p?id=1218269696726&skuId=1565309&cmp=RMXCC",
            "image": "http://img.bbystatic.com/BestBuy_US/images/products/1565/1565309_sa.jpg",
            "createdAt": "2016-11-17T18:01:55.562Z",
            "updatedAt": "2016-11-17T18:01:55.562Z",
            "categories": [
                {
                    "id": "abcat0700000",
                    "name": "Video Games",
                    "createdAt": "2016-11-17T17:57:04.285Z",
                    "updatedAt": "2016-11-17T17:57:04.285Z"
                },
                {
                    "id": "pcmcat232900050017",
                    "name": "Pre-Owned Games",
                    "createdAt": "2016-11-17T17:57:05.399Z",
                    "updatedAt": "2016-11-17T17:57:05.399Z"
                }
            ]
        }
    ]
}
]]></system-out>
  </testcase>
  <testcase name="TestShownNameAndPriceOfAllProducts" classname="apiTest.ProductsAPiTest" time="0.055">
    <system-out><![CDATA[Request Log : 
__________________________________________
Request method:	GET
Request URI:	http://localhost:3030/products?%24select%5B%5D=name&%24select%5B%5D=price
Proxy:			<none>
Request params:	<none>
Query params:	$select[]=[name, price]
Form params:	<none>
Path params:	<none>
Headers:		Accept=*/*
				Content-Type=application/json
Cookies:		<none>
Multiparts:		<none>
Body:			<none>
Response Log :  
__________________________________________
{
    "total": 51970,
    "limit": 10,
    "skip": 0,
    "data": [
        {
            "name": "Duracell - AAA Batteries (4-Pack)",
            "price": 5.49
        },
        {
            "name": "Duracell - AA 1.5V CopperTop Batteries (4-Pack)",
            "price": 5.49
        },
        {
            "name": "Duracell - AA Batteries (8-Pack)",
            "price": 7.49
        },
        {
            "name": "Energizer - MAX Batteries AA (4-Pack)",
            "price": 4.99
        },
        {
            "name": "Duracell - C Batteries (4-Pack)",
            "price": 8.99
        },
        {
            "name": "Duracell - D Batteries (4-Pack)",
            "price": 9.99
        },
        {
            "name": "Pioneer - 4\" 3-Way Surface-Mount Speakers with IMPP Composite Cones (Pair) - Black",
            "price": 144.99
        },
        {
            "name": "Duracell - 9V Batteries (2-Pack)",
            "price": 7.99
        },
        {
            "name": "Energizer - N Cell E90 Batteries (2-Pack)",
            "price": 5.99
        },
        {
            "name": "Metra - Radio Installation Dash Kit for Most 1989-2000 Ford, Lincoln & Mercury Vehicles - Black",
            "price": 16.99
        }
    ]
}
]]></system-out>
  </testcase>
  <testcase name="TestProductsWithHardGood" classname="apiTest.ProductsAPiTest" time="0.673">
    <system-out><![CDATA[Request Log : 
__________________________________________
Request method:	GET
Request URI:	http://localhost:3030/products?type=HardGood
Proxy:			<none>
Request params:	<none>
Query params:	type=HardGood
Form params:	<none>
Path params:	<none>
Headers:		Accept=*/*
				Content-Type=application/json
Cookies:		<none>
Multiparts:		<none>
Body:			<none>
Response Log :  
__________________________________________
{
    "total": 46496,
    "limit": 10,
    "skip": 0,
    "data": [
        {
            "id": 43900,
            "name": "Duracell - AAA Batteries (4-Pack)",
            "type": "HardGood",
            "price": 5.49,
            "upc": "041333424019",
            "shipping": 0,
            "description": "Compatible with select electronic devices; AAA size; DURALOCK Power Preserve technology; 4-pack",
            "manufacturer": "Duracell",
            "model": "MN2400B4Z",
            "url": "http://www.bestbuy.com/site/duracell-aaa-batteries-4-pack/43900.p?id=1051384074145&skuId=43900&cmp=RMXCC",
            "image": "http://img.bbystatic.com/BestBuy_US/images/products/4390/43900_sa.jpg",
            "createdAt": "2016-11-17T17:58:03.298Z",
            "updatedAt": "2016-11-17T17:58:03.298Z",
            "categories": [
                {
                    "id": "abcat0208002",
                    "name": "Alkaline Batteries",
                    "createdAt": "2016-11-17T17:57:04.285Z",
                    "updatedAt": "2016-11-17T17:57:04.285Z"
                },
                {
                    "id": "pcmcat248700050021",
                    "name": "Housewares",
                    "createdAt": "2016-11-17T17:57:05.399Z",
                    "updatedAt": "2016-11-17T17:57:05.399Z"
                },
                {
                    "id": "pcmcat303600050001",
                    "name": "Household Batteries",
                    "createdAt": "2016-11-17T17:57:04.285Z",
                    "updatedAt": "2016-11-17T17:57:04.285Z"
                },
                {
                    "id": "pcmcat312300050015",
                    "name": "Connected Home & Housewares",
                    "createdAt": "2016-11-17T17:57:04.285Z",
                    "updatedAt": "2016-11-17T17:57:04.285Z"
                }
            ]
        },
        {
            "id": 48530,
            "name": "Duracell - AA 1.5V CopperTop Batteries (4-Pack)",
            "type": "HardGood",
            "price": 5.49,
            "upc": "041333415017",
            "shipping": 0,
            "description": "Long-lasting energy; DURALOCK Power Preserve technology; for toys, clocks, radios, games, remotes, PDAs and more",
            "manufacturer": "Duracell",
            "model": "MN1500B4Z",
            "url": "http://www.bestbuy.com/site/duracell-aa-1-5v-coppertop-batteries-4-pack/48530.p?id=1099385268988&skuId=48530&cmp=RMXCC",
            "image": "http://img.bbystatic.com/BestBuy_US/images/products/4853/48530_sa.jpg",
            "createdAt": "2016-11-17T17:58:03.298Z",
            "updatedAt": "2016-11-17T17:58:03.298Z",
            "categories": [
                {
                    "id": "abcat0208002",
                    "name": "Alkaline Batteries",
                    "createdAt": "2016-11-17T17:57:04.285Z",
                    "updatedAt": "2016-11-17T17:57:04.285Z"
                },
                {
                    "id": "pcmcat248700050021",
                    "name": "Housewares",
                    "createdAt": "2016-11-17T17:57:05.399Z",
                    "updatedAt": "2016-11-17T17:57:05.399Z"
                },
                {
                    "id": "pcmcat303600050001",
                    "name": "Household Batteries",
                    "createdAt": "2016-11-17T17:57:04.285Z",
                    "updatedAt": "2016-11-17T17:57:04.285Z"
                },
                {
                    "id": "pcmcat312300050015",
                    "name": "Connected Home & Housewares",
                    "createdAt": "2016-11-17T17:57:04.285Z",
                    "updatedAt": "2016-11-17T17:57:04.285Z"
                }
            ]
        },
        {
            "id": 127687,
            "name": "Duracell - AA Batteries (8-Pack)",
            "type": "HardGood",
            "price": 7.49,
            "upc": "041333825014",
            "shipping": 0,
            "description": "Compatible with select electronic devices; AA size; DURALOCK Power Preserve technology; 8-pack",
            "manufacturer": "Duracell",
            "model": "MN1500B8Z",
            "url": "http://www.bestbuy.com/site/duracell-aa-batteries-8-pack/127687.p?id=1051384045676&skuId=127687&cmp=RMXCC",
            "image": "http://img.bbystatic.com/BestBuy_US/images/products/1276/127687_sa.jpg",
            "createdAt": "2016-11-17T17:58:03.298Z",
            "updatedAt": "2016-11-17T17:58:03.298Z",
            "categories": [
                {
                    "id": "abcat0208002",
                    "name": "Alkaline Batteries",
                    "createdAt": "2016-11-17T17:57:04.285Z",
                    "updatedAt": "2016-11-17T17:57:04.285Z"
                },
                {
                    "id": "pcmcat248700050021",
                    "name": "Housewares",
                    "createdAt": "2016-11-17T17:57:05.399Z",
                    "updatedAt": "2016-11-17T17:57:05.399Z"
                },
                {
                    "id": "pcmcat303600050001",
                    "name": "Household Batteries",
                    "createdAt": "2016-11-17T17:57:04.285Z",
                    "updatedAt": "2016-11-17T17:57:04.285Z"
                },
                {
                    "id": "pcmcat312300050015",
                    "name": "Connected Home & Housewares",
                    "createdAt": "2016-11-17T17:57:04.285Z",
                    "updatedAt": "2016-11-17T17:57:04.285Z"
                }
            ]
        },
        {
            "id": 150115,
            "name": "Energizer - MAX Batteries AA (4-Pack)",
            "type": "HardGood",
            "price": 4.99,
            "upc": "039800011329",
            "shipping": 0,
            "description": "4-pack AA alkaline batteries; battery tester included",
            "manufacturer": "Energizer",
            "model": "E91BP-4",
            "url": "http://www.bestbuy.com/site/energizer-max-batteries-aa-4-pack/150115.p?id=1051384046217&skuId=150115&cmp=RMXCC",
            "image": "http://img.bbystatic.com/BestBuy_US/images/products/1501/150115_sa.jpg",
            "createdAt": "2016-11-17T17:58:03.298Z",
            "updatedAt": "2016-11-17T17:58:03.298Z",
            "categories": [
                {
                    "id": "abcat0208002",
                    "name": "Alkaline Batteries",
                    "createdAt": "2016-11-17T17:57:04.285Z",
                    "updatedAt": "2016-11-17T17:57:04.285Z"
                },
                {
                    "id": "pcmcat248700050021",
                    "name": "Housewares",
                    "createdAt": "2016-11-17T17:57:05.399Z",
                    "updatedAt": "2016-11-17T17:57:05.399Z"
                },
                {
                    "id": "pcmcat303600050001",
                    "name": "Household Batteries",
                    "createdAt": "2016-11-17T17:57:04.285Z",
                    "updatedAt": "2016-11-17T17:57:04.285Z"
                },
                {
                    "id": "pcmcat312300050015",
                    "name": "Connected Home & Housewares",
                    "createdAt": "2016-11-17T17:57:04.285Z",
                    "updatedAt": "2016-11-17T17:57:04.285Z"
                }
            ]
        },
        {
            "id": 185230,
            "name": "Duracell - C Batteries (4-Pack)",
            "type": "HardGood",
            "price": 8.99,
            "upc": "041333440019",
            "shipping": 0,
            "description": "Compatible with select electronic devices; C size; DURALOCK Power Preserve technology; 4-pack",
            "manufacturer": "Duracell",
            "model": "MN1400R4Z",
            "url": "http://www.bestbuy.com/site/duracell-c-batteries-4-pack/185230.p?id=1051384046486&skuId=185230&cmp=RMXCC",
            "image": "http://img.bbystatic.com/BestBuy_US/images/products/1852/185230_sa.jpg",
            "createdAt": "2016-11-17T17:58:03.298Z",
            "updatedAt": "2016-11-17T17:58:03.298Z",
            "categories": [
                {
                    "id": "abcat0208002",
                    "name": "Alkaline Batteries",
                    "createdAt": "2016-11-17T17:57:04.285Z",
                    "updatedAt": "2016-11-17T17:57:04.285Z"
                },
                {
                    "id": "pcmcat248700050021",
                    "name": "Housewares",
                    "createdAt": "2016-11-17T17:57:05.399Z",
                    "updatedAt": "2016-11-17T17:57:05.399Z"
                },
                {
                    "id": "pcmcat303600050001",
                    "name": "Household Batteries",
                    "createdAt": "2016-11-17T17:57:04.285Z",
                    "updatedAt": "2016-11-17T17:57:04.285Z"
                },
                {
                    "id": "pcmcat312300050015",
                    "name": "Connected Home & Housewares",
                    "createdAt": "2016-11-17T17:57:04.285Z",
                    "updatedAt": "2016-11-17T17:57:04.285Z"
                }
            ]
        },
        {
            "id": 185267,
            "name": "Duracell - D Batteries (4-Pack)",
            "type": "HardGood",
            "price": 9.99,
            "upc": "041333430010",
            "shipping": 0,
            "description": "Compatible with select electronic devices; D size; DURALOCK Power Preserve technology; 4-pack",
            "manufacturer": "Duracell",
            "model": "MN1300R4Z",
            "url": "http://www.bestbuy.com/site/duracell-d-batteries-4-pack/185267.p?id=1051384046551&skuId=185267&cmp=RMXCC",
            "image": "http://img.bbystatic.com/BestBuy_US/images/products/1852/185267_sa.jpg",
            "createdAt": "2016-11-17T17:58:03.298Z",
            "updatedAt": "2016-11-17T17:58:03.298Z",
            "categories": [
                {
                    "id": "abcat0208002",
                    "name": "Alkaline Batteries",
                    "createdAt": "2016-11-17T17:57:04.285Z",
                    "updatedAt": "2016-11-17T17:57:04.285Z"
                },
                {
                    "id": "pcmcat248700050021",
                    "name": "Housewares",
                    "createdAt": "2016-11-17T17:57:05.399Z",
                    "updatedAt": "2016-11-17T17:57:05.399Z"
                },
                {
                    "id": "pcmcat303600050001",
                    "name": "Household Batteries",
                    "createdAt": "2016-11-17T17:57:04.285Z",
                    "updatedAt": "2016-11-17T17:57:04.285Z"
                },
                {
                    "id": "pcmcat312300050015",
                    "name": "Connected Home & Housewares",
                    "createdAt": "2016-11-17T17:57:04.285Z",
                    "updatedAt": "2016-11-17T17:57:04.285Z"
                }
            ]
        },
        {
            "id": 309062,
            "name": "Pioneer - 4\" 3-Way Surface-Mount Speakers with IMPP Composite Cones (Pair) - Black",
            "type": "HardGood",
            "price": 144.99,
            "upc": "012562165141",
            "shipping": 0,
            "description": "80W maximum power (20W RMS); 4\" IMPP composite cone woofer; 3/4\" horn tweeter",
            "manufacturer": "Pioneer",
            "model": "TS-X200",
            "url": "http://www.bestbuy.com/site/pioneer-4-3-way-surface-mount-speakers-with-impp-composite-cones-pair-black/309062.p?id=1218643240258&skuId=309062&cmp=RMXCC",
            "image": "http://img.bbystatic.com/BestBuy_US/images/products/0309/0309062_sa.jpg",
            "createdAt": "2016-11-17T17:58:03.298Z",
            "updatedAt": "2016-11-17T17:58:03.298Z",
            "categories": [
                {
                    "id": "abcat0300000",
                    "name": "Car Electronics & GPS",
                    "createdAt": "2016-11-17T17:57:04.285Z",
                    "updatedAt": "2016-11-17T17:57:04.285Z"
                },
                {
                    "id": "abcat0302000",
                    "name": "Car Audio",
                    "createdAt": "2016-11-17T17:57:04.285Z",
                    "updatedAt": "2016-11-17T17:57:04.285Z"
                },
                {
                    "id": "abcat0302005",
                    "name": "Car Speakers",
                    "createdAt": "2016-11-17T17:57:04.285Z",
                    "updatedAt": "2016-11-17T17:57:04.285Z"
                },
                {
                    "id": "pcmcat360500050015",
                    "name": "4\" Car Speakers",
                    "createdAt": "2016-11-17T17:57:04.643Z",
                    "updatedAt": "2016-11-17T17:57:04.643Z"
                }
            ]
        },
        {
            "id": 312290,
            "name": "Duracell - 9V Batteries (2-Pack)",
            "type": "HardGood",
            "price": 7.99,
            "upc": "041333216010",
            "shipping": 0,
            "description": "Compatible with select electronic devices; alkaline chemistry; 9V size; DURALOCK Power Preserve technology; 2-pack",
            "manufacturer": "Duracell",
            "model": "MN1604B2Z",
            "url": "http://www.bestbuy.com/site/duracell-9v-batteries-2-pack/312290.p?id=1051384050321&skuId=312290&cmp=RMXCC",
            "image": "http://img.bbystatic.com/BestBuy_US/images/products/3122/312290_sa.jpg",
            "createdAt": "2016-11-17T17:58:03.298Z",
            "updatedAt": "2016-11-17T17:58:03.298Z",
            "categories": [
                {
                    "id": "abcat0208002",
                    "name": "Alkaline Batteries",
                    "createdAt": "2016-11-17T17:57:04.285Z",
                    "updatedAt": "2016-11-17T17:57:04.285Z"
                },
                {
                    "id": "pcmcat248700050021",
                    "name": "Housewares",
                    "createdAt": "2016-11-17T17:57:05.399Z",
                    "updatedAt": "2016-11-17T17:57:05.399Z"
                },
                {
                    "id": "pcmcat303600050001",
                    "name": "Household Batteries",
                    "createdAt": "2016-11-17T17:57:04.285Z",
                    "updatedAt": "2016-11-17T17:57:04.285Z"
                },
                {
                    "id": "pcmcat312300050015",
                    "name": "Connected Home & Housewares",
                    "createdAt": "2016-11-17T17:57:04.285Z",
                    "updatedAt": "2016-11-17T17:57:04.285Z"
                }
            ]
        },
        {
            "id": 333179,
            "name": "Energizer - N Cell E90 Batteries (2-Pack)",
            "type": "HardGood",
            "price": 5.99,
            "upc": "039800013200",
            "shipping": 0,
            "description": "Alkaline batteries; 1.5V",
            "manufacturer": "Energizer",
            "model": "E90BP-2",
            "url": "http://www.bestbuy.com/site/energizer-n-cell-e90-batteries-2-pack/333179.p?id=1185268509951&skuId=333179&cmp=RMXCC",
            "image": "http://img.bbystatic.com/BestBuy_US/images/products/3331/333179_sa.jpg",
            "createdAt": "2016-11-17T17:58:03.298Z",
            "updatedAt": "2016-11-17T17:58:03.298Z",
            "categories": [
                {
                    "id": "abcat0208006",
                    "name": "Specialty Batteries",
                    "createdAt": "2016-11-17T17:57:04.285Z",
                    "updatedAt": "2016-11-17T17:57:04.285Z"
                },
                {
                    "id": "pcmcat248700050021",
                    "name": "Housewares",
                    "createdAt": "2016-11-17T17:57:05.399Z",
                    "updatedAt": "2016-11-17T17:57:05.399Z"
                },
                {
                    "id": "pcmcat303600050001",
                    "name": "Household Batteries",
                    "createdAt": "2016-11-17T17:57:04.285Z",
                    "updatedAt": "2016-11-17T17:57:04.285Z"
                },
                {
                    "id": "pcmcat312300050015",
                    "name": "Connected Home & Housewares",
                    "createdAt": "2016-11-17T17:57:04.285Z",
                    "updatedAt": "2016-11-17T17:57:04.285Z"
                }
            ]
        },
        {
            "id": 346575,
            "name": "Metra - Radio Installation Dash Kit for Most 1989-2000 Ford, Lincoln & Mercury Vehicles - Black",
            "type": "HardGood",
            "price": 16.99,
            "upc": "086429002757",
            "shipping": 0,
            "description": "From our expanded online assortment; compatible with most 1989-2000 Ford, Lincoln and Mercury vehicles; snap-in TurboKit offers fast installation; spacer/trim ring; rear support bracket",
            "manufacturer": "Metra",
            "model": "99-5512",
            "url": "http://www.bestbuy.com/site/metra-radio-installation-dash-kit-for-most-1989-2000-ford-lincoln-mercury-vehicles-black/346575.p?id=1218118704590&skuId=346575&cmp=RMXCC",
            "image": "http://img.bbystatic.com/BestBuy_US/images/products/3465/346575_rc.jpg",
            "createdAt": "2016-11-17T17:58:03.298Z",
            "updatedAt": "2016-11-17T17:58:03.298Z",
            "categories": [
                {
                    "id": "abcat0300000",
                    "name": "Car Electronics & GPS",
                    "createdAt": "2016-11-17T17:57:04.285Z",
                    "updatedAt": "2016-11-17T17:57:04.285Z"
                },
                {
                    "id": "pcmcat165900050023",
                    "name": "Car Installation Parts & Accessories",
                    "createdAt": "2016-11-17T17:57:05.399Z",
                    "updatedAt": "2016-11-17T17:57:05.399Z"
                },
                {
                    "id": "pcmcat165900050031",
                    "name": "Deck Installation Parts",
                    "createdAt": "2016-11-17T17:57:05.399Z",
                    "updatedAt": "2016-11-17T17:57:05.399Z"
                },
                {
                    "id": "pcmcat165900050033",
                    "name": "Dash Installation Kits",
                    "createdAt": "2016-11-17T17:57:05.399Z",
                    "updatedAt": "2016-11-17T17:57:05.399Z"
                },
                {
                    "id": "pcmcat331600050007",
                    "name": "Car Audio Installation Parts",
                    "createdAt": "2016-11-17T17:57:04.643Z",
                    "updatedAt": "2016-11-17T17:57:04.643Z"
                }
            ]
        }
    ]
}
]]></system-out>
  </testcase>
  <testcase name="TestProductsWithPriceLessThanDollar" classname="apiTest.ProductsAPiTest" time="0.506">
    <system-out><![CDATA[Request Log : 
__________________________________________
Request method:	GET
Request URI:	http://localhost:3030/products?price%5B%24lte%5D=1
Proxy:			<none>
Request params:	<none>
Query params:	price[$lte]=1
Form params:	<none>
Path params:	<none>
Headers:		Accept=*/*
				Content-Type=application/json
Cookies:		<none>
Multiparts:		<none>
Body:			<none>
Response Log :  
__________________________________________
{
    "total": 78,
    "limit": 10,
    "skip": 0,
    "data": [
        {
            "id": 1339042,
            "name": "Rock Band Metal Track Pack - PRE-OWNED - PlayStation 2",
            "type": "Game",
            "price": 0.99,
            "upc": "799007761471",
            "shipping": 0,
            "description": "Enjoy head-banging fun to an incredible metal soundtrack",
            "manufacturer": "MTV Games",
            "model": null,
            "url": "http://www.bestbuy.com/site/rock-band-metal-track-pack-pre-owned-playstation-2/1339042.p?id=1218251725855&skuId=1339042&cmp=RMXCC",
            "image": "http://img.bbystatic.com/BestBuy_US/images/products/1339/1339042_sa.jpg",
            "createdAt": "2016-11-17T17:58:03.298Z",
            "updatedAt": "2016-11-17T17:58:03.298Z",
            "categories": [
                {
                    "id": "abcat0700000",
                    "name": "Video Games",
                    "createdAt": "2016-11-17T17:57:04.285Z",
                    "updatedAt": "2016-11-17T17:57:04.285Z"
                },
                {
                    "id": "pcmcat232900050017",
                    "name": "Pre-Owned Games",
                    "createdAt": "2016-11-17T17:57:05.399Z",
                    "updatedAt": "2016-11-17T17:57:05.399Z"
                }
            ]
        },
        {
            "id": 1478398,
            "name": "Dragonball: Evolution - PRE-OWNED - PSP",
            "type": "Game",
            "price": 0.99,
            "upc": "799007789161",
            "shipping": 0,
            "description": "Fight your way through the world of the feature film",
            "manufacturer": "Namco Bandai Games",
            "model": null,
            "url": "http://www.bestbuy.com/site/dragonball-evolution-pre-owned-psp/1478398.p?id=1218262461686&skuId=1478398&cmp=RMXCC",
            "image": "http://img.bbystatic.com/BestBuy_US/images/products/1478/1478398_sa.jpg",
            "createdAt": "2016-11-17T18:01:22.276Z",
            "updatedAt": "2016-11-17T18:01:22.276Z",
            "categories": [
                {
                    "id": "abcat0700000",
                    "name": "Video Games",
                    "createdAt": "2016-11-17T17:57:04.285Z",
                    "updatedAt": "2016-11-17T17:57:04.285Z"
                },
                {
                    "id": "pcmcat232900050017",
                    "name": "Pre-Owned Games",
                    "createdAt": "2016-11-17T17:57:05.399Z",
                    "updatedAt": "2016-11-17T17:57:05.399Z"
                }
            ]
        },
        {
            "id": 1525809,
            "name": "Dynex™ - Case for Apple® iPhone® 6 - Green/White",
            "type": "HardGood",
            "price": 0.99,
            "upc": "600603181146",
            "shipping": 0,
            "description": "Only at Best Buy\nCompatible with Apple iPhone 6; TPU material; camera cut-out",
            "manufacturer": "Dynex™",
            "model": "DX-MA642GH",
            "url": "http://www.bestbuy.com/site/dynex-case-for-apple-iphone-6-green-white/1525809.p?id=1219500991300&skuId=1525809&cmp=RMXCC",
            "image": "http://img.bbystatic.com/BestBuy_US/images/products/1525/1525809_sa.jpg",
            "createdAt": "2016-11-17T18:01:44.806Z",
            "updatedAt": "2016-11-17T18:01:44.806Z",
            "categories": [
                {
                    "id": "abcat0800000",
                    "name": "Cell Phones",
                    "createdAt": "2016-11-17T17:57:04.285Z",
                    "updatedAt": "2016-11-17T17:57:04.285Z"
                },
                {
                    "id": "abcat0811002",
                    "name": "Cell Phone Accessories",
                    "createdAt": "2016-11-17T17:57:04.285Z",
                    "updatedAt": "2016-11-17T17:57:04.285Z"
                },
                {
                    "id": "pcmcat191200050015",
                    "name": "iPhone Accessories",
                    "createdAt": "2016-11-17T17:57:05.399Z",
                    "updatedAt": "2016-11-17T17:57:05.399Z"
                },
                {
                    "id": "pcmcat214700050000",
                    "name": "iPhone Cases & Clips",
                    "createdAt": "2016-11-17T17:57:05.399Z",
                    "updatedAt": "2016-11-17T17:57:05.399Z"
                }
            ]
        },
        {
            "id": 1526043,
            "name": "Dynex™ - Case for Apple® iPhone® 6 Plus - Green/White",
            "type": "HardGood",
            "price": 0.99,
            "upc": "600603181221",
            "shipping": 0,
            "description": "Only at Best Buy\nCompatible with Apple iPhone 6 Plus; TPU material; camera cut-out",
            "manufacturer": "Dynex™",
            "model": "DX-MA652GH",
            "url": "http://www.bestbuy.com/site/dynex-case-for-apple-iphone-6-plus-green-white/1526043.p?id=1219500999151&skuId=1526043&cmp=RMXCC",
            "image": "http://img.bbystatic.com/BestBuy_US/images/products/1526/1526043_sa.jpg",
            "createdAt": "2016-11-17T18:01:44.806Z",
            "updatedAt": "2016-11-17T18:01:44.806Z",
            "categories": [
                {
                    "id": "abcat0800000",
                    "name": "Cell Phones",
                    "createdAt": "2016-11-17T17:57:04.285Z",
                    "updatedAt": "2016-11-17T17:57:04.285Z"
                },
                {
                    "id": "abcat0811002",
                    "name": "Cell Phone Accessories",
                    "createdAt": "2016-11-17T17:57:04.285Z",
                    "updatedAt": "2016-11-17T17:57:04.285Z"
                },
                {
                    "id": "pcmcat191200050015",
                    "name": "iPhone Accessories",
                    "createdAt": "2016-11-17T17:57:05.399Z",
                    "updatedAt": "2016-11-17T17:57:05.399Z"
                },
                {
                    "id": "pcmcat214700050000",
                    "name": "iPhone Cases & Clips",
                    "createdAt": "2016-11-17T17:57:05.399Z",
                    "updatedAt": "2016-11-17T17:57:05.399Z"
                }
            ]
        },
        {
            "id": 1565309,
            "name": "High School Musical 3: Senior Year DANCE - PRE-OWNED - PlayStation 2",
            "type": "Game",
            "price": 0.99,
            "upc": "799007783404",
            "shipping": 0,
            "description": "Show you can dance like a true Wildcat",
            "manufacturer": "Disney Interactive Studios",
            "model": null,
            "url": "http://www.bestbuy.com/site/high-school-musical-3-senior-year-dance-pre-owned-playstation-2/1565309.p?id=1218269696726&skuId=1565309&cmp=RMXCC",
            "image": "http://img.bbystatic.com/BestBuy_US/images/products/1565/1565309_sa.jpg",
            "createdAt": "2016-11-17T18:01:55.562Z",
            "updatedAt": "2016-11-17T18:01:55.562Z",
            "categories": [
                {
                    "id": "abcat0700000",
                    "name": "Video Games",
                    "createdAt": "2016-11-17T17:57:04.285Z",
                    "updatedAt": "2016-11-17T17:57:04.285Z"
                },
                {
                    "id": "pcmcat232900050017",
                    "name": "Pre-Owned Games",
                    "createdAt": "2016-11-17T17:57:05.399Z",
                    "updatedAt": "2016-11-17T17:57:05.399Z"
                }
            ]
        },
        {
            "id": 1577112,
            "name": "Hannah Montana: Spotlight World Tour - PRE-OWNED - PlayStation 2",
            "type": "Game",
            "price": 0.99,
            "upc": "799007784852",
            "shipping": 0,
            "description": "Tour the world as the one-and-only Hannah Montana",
            "manufacturer": "Disney Interactive Studios",
            "model": null,
            "url": "http://www.bestbuy.com/site/hannah-montana-spotlight-world-tour-pre-owned-playstation-2/1577112.p?id=1218270218106&skuId=1577112&cmp=RMXCC",
            "image": "http://img.bbystatic.com/BestBuy_US/images/products/1577/1577112_sa.jpg",
            "createdAt": "2016-11-17T18:01:55.562Z",
            "updatedAt": "2016-11-17T18:01:55.562Z",
            "categories": [
                {
                    "id": "abcat0700000",
                    "name": "Video Games",
                    "createdAt": "2016-11-17T17:57:04.285Z",
                    "updatedAt": "2016-11-17T17:57:04.285Z"
                },
                {
                    "id": "pcmcat232900050017",
                    "name": "Pre-Owned Games",
                    "createdAt": "2016-11-17T17:57:05.399Z",
                    "updatedAt": "2016-11-17T17:57:05.399Z"
                }
            ]
        },
        {
            "id": 1577255,
            "name": "Rock Band Unplugged — PRE-OWNED - PSP",
            "type": "Game",
            "price": 0.99,
            "upc": "799007784975",
            "shipping": 0,
            "description": "Take your rock band on the road",
            "manufacturer": "EA",
            "model": "1463319247",
            "url": "http://www.bestbuy.com/site/rock-band-unplugged-pre-owned-psp/1577255.p?id=1218270217212&skuId=1577255&cmp=RMXCC",
            "image": "http://img.bbystatic.com/BestBuy_US/images/products/1577/1577255.jpg",
            "createdAt": "2016-11-17T18:01:55.562Z",
            "updatedAt": "2016-11-17T18:01:55.562Z",
            "categories": [
                {
                    "id": "abcat0700000",
                    "name": "Video Games",
                    "createdAt": "2016-11-17T17:57:04.285Z",
                    "updatedAt": "2016-11-17T17:57:04.285Z"
                },
                {
                    "id": "pcmcat232900050017",
                    "name": "Pre-Owned Games",
                    "createdAt": "2016-11-17T17:57:05.399Z",
                    "updatedAt": "2016-11-17T17:57:05.399Z"
                }
            ]
        },
        {
            "id": 2012015,
            "name": "Dynex™ - Soft Shell Case for Samsung Galaxy S 5 Cell Phones - Yellow/Black/Purple/Green/Red/Orange",
            "type": "HardGood",
            "price": 0.99,
            "upc": "600603181696",
            "shipping": 0,
            "description": "Only at Best Buy\nCompatible with Samsung Galaxy S 5 cell phones; TPU material; camera cutout",
            "manufacturer": "Dynex™",
            "model": "DX-MGS53FW",
            "url": "http://www.bestbuy.com/site/dynex-soft-shell-case-for-samsung-galaxy-s-5-cell-phones-yellow-black-purple-green-red-orange/2012015.p?id=1219528996417&skuId=2012015&cmp=RMXCC",
            "image": "http://img.bbystatic.com/BestBuy_US/images/products/2012/2012015_sa.jpg",
            "createdAt": "2016-11-17T18:01:44.806Z",
            "updatedAt": "2016-11-17T18:01:44.806Z",
            "categories": [
                {
                    "id": "abcat0800000",
                    "name": "Cell Phones",
                    "createdAt": "2016-11-17T17:57:04.285Z",
                    "updatedAt": "2016-11-17T17:57:04.285Z"
                },
                {
                    "id": "abcat0811002",
                    "name": "Cell Phone Accessories",
                    "createdAt": "2016-11-17T17:57:04.285Z",
                    "updatedAt": "2016-11-17T17:57:04.285Z"
                },
                {
                    "id": "abcat0811006",
                    "name": "Cell Phone Cases & Clips",
                    "createdAt": "2016-11-17T17:57:04.285Z",
                    "updatedAt": "2016-11-17T17:57:04.285Z"
                }
            ]
        },
        {
            "id": 2012042,
            "name": "Dynex™ - Case for Apple® iPhone® SE, 5s and 5 - Green/White",
            "type": "HardGood",
            "price": 0.99,
            "upc": "600603181634",
            "shipping": 0,
            "description": "Only at Best Buy\nCompatible with Apple iPhone SE, 5s and 5; TPU material with water print technology; camera cut-out; diamond water pattern",
            "manufacturer": "Dynex™",
            "model": "DX-MA5S3DW",
            "url": "http://www.bestbuy.com/site/dynex-case-for-apple-iphone-se-5s-and-5-green-white/2012042.p?id=1219528994696&skuId=2012042&cmp=RMXCC",
            "image": "http://img.bbystatic.com/BestBuy_US/images/products/2012/2012042_sa.jpg",
            "createdAt": "2016-11-17T18:01:44.806Z",
            "updatedAt": "2016-11-17T18:01:44.806Z",
            "categories": [
                {
                    "id": "abcat0800000",
                    "name": "Cell Phones",
                    "createdAt": "2016-11-17T17:57:04.285Z",
                    "updatedAt": "2016-11-17T17:57:04.285Z"
                },
                {
                    "id": "abcat0811002",
                    "name": "Cell Phone Accessories",
                    "createdAt": "2016-11-17T17:57:04.285Z",
                    "updatedAt": "2016-11-17T17:57:04.285Z"
                },
                {
                    "id": "pcmcat191200050015",
                    "name": "iPhone Accessories",
                    "createdAt": "2016-11-17T17:57:05.399Z",
                    "updatedAt": "2016-11-17T17:57:05.399Z"
                },
                {
                    "id": "pcmcat214700050000",
                    "name": "iPhone Cases & Clips",
                    "createdAt": "2016-11-17T17:57:05.399Z",
                    "updatedAt": "2016-11-17T17:57:05.399Z"
                }
            ]
        },
        {
            "id": 2012051,
            "name": "Dynex™ - Soft Shell Case for Samsung Galaxy S 5 Cell Phones - Green/White",
            "type": "HardGood",
            "price": 0.99,
            "upc": "600603181719",
            "shipping": 0,
            "description": "Only at Best Buy\nCompatible with Samsung Galaxy S 5 cell phones; TPU material; camera cutout",
            "manufacturer": "Dynex™",
            "model": "DX-MGS53DW",
            "url": "http://www.bestbuy.com/site/dynex-soft-shell-case-for-samsung-galaxy-s-5-cell-phones-green-white/2012051.p?id=1219528994708&skuId=2012051&cmp=RMXCC",
            "image": "http://img.bbystatic.com/BestBuy_US/images/products/2012/2012051_sa.jpg",
            "createdAt": "2016-11-17T18:01:44.806Z",
            "updatedAt": "2016-11-17T18:01:44.806Z",
            "categories": [
                {
                    "id": "abcat0800000",
                    "name": "Cell Phones",
                    "createdAt": "2016-11-17T17:57:04.285Z",
                    "updatedAt": "2016-11-17T17:57:04.285Z"
                },
                {
                    "id": "abcat0811002",
                    "name": "Cell Phone Accessories",
                    "createdAt": "2016-11-17T17:57:04.285Z",
                    "updatedAt": "2016-11-17T17:57:04.285Z"
                },
                {
                    "id": "abcat0811006",
                    "name": "Cell Phone Cases & Clips",
                    "createdAt": "2016-11-17T17:57:04.285Z",
                    "updatedAt": "2016-11-17T17:57:04.285Z"
                }
            ]
        }
    ]
}
]]></system-out>
  </testcase>
  <testcase name="showSpecPrice" classname="apiTest.ProductsAPiTest" time="0.451">
    <system-out><![CDATA[Request Log : 
__________________________________________
Request method:	GET
Request URI:	http://localhost:3030/products?price%5B%24in%5D=0.99&price%5B%24in%5D=1.99
Proxy:			<none>
Request params:	<none>
Query params:	price[$in]=[0.99, 1.99]
Form params:	<none>
Path params:	<none>
Headers:		Accept=*/*
				Content-Type=application/json
Cookies:		<none>
Multiparts:		<none>
Body:			<none>
Response Log :  
__________________________________________
{
    "total": 86,
    "limit": 10,
    "skip": 0,
    "data": [
        {
            "id": 1088374,
            "name": "Band Hero - PRE-OWNED - PlayStation 3",
            "type": "Game",
            "price": 1.99,
            "upc": "799007760207",
            "shipping": 0,
            "description": "Ascend to music stardom in a new way",
            "manufacturer": "Activision",
            "model": null,
            "url": "http://www.bestbuy.com/site/band-hero-pre-owned-playstation-3/1088374.p?id=1218219328444&skuId=1088374&cmp=RMXCC",
            "image": "http://img.bbystatic.com/BestBuy_US/images/products/1088/1088374_sa.jpg",
            "createdAt": "2016-11-17T17:58:46.655Z",
            "updatedAt": "2016-11-17T17:58:46.655Z",
            "categories": [
                {
                    "id": "abcat0700000",
                    "name": "Video Games",
                    "createdAt": "2016-11-17T17:57:04.285Z",
                    "updatedAt": "2016-11-17T17:57:04.285Z"
                },
                {
                    "id": "pcmcat232900050017",
                    "name": "Pre-Owned Games",
                    "createdAt": "2016-11-17T17:57:05.399Z",
                    "updatedAt": "2016-11-17T17:57:05.399Z"
                }
            ]
        },
        {
            "id": 1113392,
            "name": "My Stop Smoking Coach: Allen Carr's Easyway - PRE-OWNED - Nintendo DS",
            "type": "Game",
            "price": 1.99,
            "upc": "799007760597",
            "shipping": 0,
            "description": "Get motivated to give up smoking",
            "manufacturer": "Ubisoft",
            "model": null,
            "url": "http://www.bestbuy.com/site/my-stop-smoking-coach-allen-carrs-easyway-pre-owned-nintendo-ds/1113392.p?id=1218221577007&skuId=1113392&cmp=RMXCC",
            "image": "http://img.bbystatic.com/BestBuy_US/images/products/1113/1113392_sa.jpg",
            "createdAt": "2016-11-17T17:59:24.820Z",
            "updatedAt": "2016-11-17T17:59:24.820Z",
            "categories": [
                {
                    "id": "abcat0700000",
                    "name": "Video Games",
                    "createdAt": "2016-11-17T17:57:04.285Z",
                    "updatedAt": "2016-11-17T17:57:04.285Z"
                },
                {
                    "id": "pcmcat232900050017",
                    "name": "Pre-Owned Games",
                    "createdAt": "2016-11-17T17:57:05.399Z",
                    "updatedAt": "2016-11-17T17:57:05.399Z"
                }
            ]
        },
        {
            "id": 1339042,
            "name": "Rock Band Metal Track Pack - PRE-OWNED - PlayStation 2",
            "type": "Game",
            "price": 0.99,
            "upc": "799007761471",
            "shipping": 0,
            "description": "Enjoy head-banging fun to an incredible metal soundtrack",
            "manufacturer": "MTV Games",
            "model": null,
            "url": "http://www.bestbuy.com/site/rock-band-metal-track-pack-pre-owned-playstation-2/1339042.p?id=1218251725855&skuId=1339042&cmp=RMXCC",
            "image": "http://img.bbystatic.com/BestBuy_US/images/products/1339/1339042_sa.jpg",
            "createdAt": "2016-11-17T17:58:03.298Z",
            "updatedAt": "2016-11-17T17:58:03.298Z",
            "categories": [
                {
                    "id": "abcat0700000",
                    "name": "Video Games",
                    "createdAt": "2016-11-17T17:57:04.285Z",
                    "updatedAt": "2016-11-17T17:57:04.285Z"
                },
                {
                    "id": "pcmcat232900050017",
                    "name": "Pre-Owned Games",
                    "createdAt": "2016-11-17T17:57:05.399Z",
                    "updatedAt": "2016-11-17T17:57:05.399Z"
                }
            ]
        },
        {
            "id": 1478398,
            "name": "Dragonball: Evolution - PRE-OWNED - PSP",
            "type": "Game",
            "price": 0.99,
            "upc": "799007789161",
            "shipping": 0,
            "description": "Fight your way through the world of the feature film",
            "manufacturer": "Namco Bandai Games",
            "model": null,
            "url": "http://www.bestbuy.com/site/dragonball-evolution-pre-owned-psp/1478398.p?id=1218262461686&skuId=1478398&cmp=RMXCC",
            "image": "http://img.bbystatic.com/BestBuy_US/images/products/1478/1478398_sa.jpg",
            "createdAt": "2016-11-17T18:01:22.276Z",
            "updatedAt": "2016-11-17T18:01:22.276Z",
            "categories": [
                {
                    "id": "abcat0700000",
                    "name": "Video Games",
                    "createdAt": "2016-11-17T17:57:04.285Z",
                    "updatedAt": "2016-11-17T17:57:04.285Z"
                },
                {
                    "id": "pcmcat232900050017",
                    "name": "Pre-Owned Games",
                    "createdAt": "2016-11-17T17:57:05.399Z",
                    "updatedAt": "2016-11-17T17:57:05.399Z"
                }
            ]
        },
        {
            "id": 1525809,
            "name": "Dynex™ - Case for Apple® iPhone® 6 - Green/White",
            "type": "HardGood",
            "price": 0.99,
            "upc": "600603181146",
            "shipping": 0,
            "description": "Only at Best Buy\nCompatible with Apple iPhone 6; TPU material; camera cut-out",
            "manufacturer": "Dynex™",
            "model": "DX-MA642GH",
            "url": "http://www.bestbuy.com/site/dynex-case-for-apple-iphone-6-green-white/1525809.p?id=1219500991300&skuId=1525809&cmp=RMXCC",
            "image": "http://img.bbystatic.com/BestBuy_US/images/products/1525/1525809_sa.jpg",
            "createdAt": "2016-11-17T18:01:44.806Z",
            "updatedAt": "2016-11-17T18:01:44.806Z",
            "categories": [
                {
                    "id": "abcat0800000",
                    "name": "Cell Phones",
                    "createdAt": "2016-11-17T17:57:04.285Z",
                    "updatedAt": "2016-11-17T17:57:04.285Z"
                },
                {
                    "id": "abcat0811002",
                    "name": "Cell Phone Accessories",
                    "createdAt": "2016-11-17T17:57:04.285Z",
                    "updatedAt": "2016-11-17T17:57:04.285Z"
                },
                {
                    "id": "pcmcat191200050015",
                    "name": "iPhone Accessories",
                    "createdAt": "2016-11-17T17:57:05.399Z",
                    "updatedAt": "2016-11-17T17:57:05.399Z"
                },
                {
                    "id": "pcmcat214700050000",
                    "name": "iPhone Cases & Clips",
                    "createdAt": "2016-11-17T17:57:05.399Z",
                    "updatedAt": "2016-11-17T17:57:05.399Z"
                }
            ]
        },
        {
            "id": 1526043,
            "name": "Dynex™ - Case for Apple® iPhone® 6 Plus - Green/White",
            "type": "HardGood",
            "price": 0.99,
            "upc": "600603181221",
            "shipping": 0,
            "description": "Only at Best Buy\nCompatible with Apple iPhone 6 Plus; TPU material; camera cut-out",
            "manufacturer": "Dynex™",
            "model": "DX-MA652GH",
            "url": "http://www.bestbuy.com/site/dynex-case-for-apple-iphone-6-plus-green-white/1526043.p?id=1219500999151&skuId=1526043&cmp=RMXCC",
            "image": "http://img.bbystatic.com/BestBuy_US/images/products/1526/1526043_sa.jpg",
            "createdAt": "2016-11-17T18:01:44.806Z",
            "updatedAt": "2016-11-17T18:01:44.806Z",
            "categories": [
                {
                    "id": "abcat0800000",
                    "name": "Cell Phones",
                    "createdAt": "2016-11-17T17:57:04.285Z",
                    "updatedAt": "2016-11-17T17:57:04.285Z"
                },
                {
                    "id": "abcat0811002",
                    "name": "Cell Phone Accessories",
                    "createdAt": "2016-11-17T17:57:04.285Z",
                    "updatedAt": "2016-11-17T17:57:04.285Z"
                },
                {
                    "id": "pcmcat191200050015",
                    "name": "iPhone Accessories",
                    "createdAt": "2016-11-17T17:57:05.399Z",
                    "updatedAt": "2016-11-17T17:57:05.399Z"
                },
                {
                    "id": "pcmcat214700050000",
                    "name": "iPhone Cases & Clips",
                    "createdAt": "2016-11-17T17:57:05.399Z",
                    "updatedAt": "2016-11-17T17:57:05.399Z"
                }
            ]
        },
        {
            "id": 1565309,
            "name": "High School Musical 3: Senior Year DANCE - PRE-OWNED - PlayStation 2",
            "type": "Game",
            "price": 0.99,
            "upc": "799007783404",
            "shipping": 0,
            "description": "Show you can dance like a true Wildcat",
            "manufacturer": "Disney Interactive Studios",
            "model": null,
            "url": "http://www.bestbuy.com/site/high-school-musical-3-senior-year-dance-pre-owned-playstation-2/1565309.p?id=1218269696726&skuId=1565309&cmp=RMXCC",
            "image": "http://img.bbystatic.com/BestBuy_US/images/products/1565/1565309_sa.jpg",
            "createdAt": "2016-11-17T18:01:55.562Z",
            "updatedAt": "2016-11-17T18:01:55.562Z",
            "categories": [
                {
                    "id": "abcat0700000",
                    "name": "Video Games",
                    "createdAt": "2016-11-17T17:57:04.285Z",
                    "updatedAt": "2016-11-17T17:57:04.285Z"
                },
                {
                    "id": "pcmcat232900050017",
                    "name": "Pre-Owned Games",
                    "createdAt": "2016-11-17T17:57:05.399Z",
                    "updatedAt": "2016-11-17T17:57:05.399Z"
                }
            ]
        },
        {
            "id": 1577112,
            "name": "Hannah Montana: Spotlight World Tour - PRE-OWNED - PlayStation 2",
            "type": "Game",
            "price": 0.99,
            "upc": "799007784852",
            "shipping": 0,
            "description": "Tour the world as the one-and-only Hannah Montana",
            "manufacturer": "Disney Interactive Studios",
            "model": null,
            "url": "http://www.bestbuy.com/site/hannah-montana-spotlight-world-tour-pre-owned-playstation-2/1577112.p?id=1218270218106&skuId=1577112&cmp=RMXCC",
            "image": "http://img.bbystatic.com/BestBuy_US/images/products/1577/1577112_sa.jpg",
            "createdAt": "2016-11-17T18:01:55.562Z",
            "updatedAt": "2016-11-17T18:01:55.562Z",
            "categories": [
                {
                    "id": "abcat0700000",
                    "name": "Video Games",
                    "createdAt": "2016-11-17T17:57:04.285Z",
                    "updatedAt": "2016-11-17T17:57:04.285Z"
                },
                {
                    "id": "pcmcat232900050017",
                    "name": "Pre-Owned Games",
                    "createdAt": "2016-11-17T17:57:05.399Z",
                    "updatedAt": "2016-11-17T17:57:05.399Z"
                }
            ]
        },
        {
            "id": 1577255,
            "name": "Rock Band Unplugged — PRE-OWNED - PSP",
            "type": "Game",
            "price": 0.99,
            "upc": "799007784975",
            "shipping": 0,
            "description": "Take your rock band on the road",
            "manufacturer": "EA",
            "model": "1463319247",
            "url": "http://www.bestbuy.com/site/rock-band-unplugged-pre-owned-psp/1577255.p?id=1218270217212&skuId=1577255&cmp=RMXCC",
            "image": "http://img.bbystatic.com/BestBuy_US/images/products/1577/1577255.jpg",
            "createdAt": "2016-11-17T18:01:55.562Z",
            "updatedAt": "2016-11-17T18:01:55.562Z",
            "categories": [
                {
                    "id": "abcat0700000",
                    "name": "Video Games",
                    "createdAt": "2016-11-17T17:57:04.285Z",
                    "updatedAt": "2016-11-17T17:57:04.285Z"
                },
                {
                    "id": "pcmcat232900050017",
                    "name": "Pre-Owned Games",
                    "createdAt": "2016-11-17T17:57:05.399Z",
                    "updatedAt": "2016-11-17T17:57:05.399Z"
                }
            ]
        },
        {
            "id": 1642246,
            "name": "Disney Camp Rock: The Final Jam - PRE-OWNED - Nintendo DS",
            "type": "Game",
            "price": 1.99,
            "upc": "799007765219",
            "shipping": 0,
            "description": "Head back to camp and rock to win with Mitchie and Shane",
            "manufacturer": "Disney Interactive Studios",
            "model": null,
            "url": "http://www.bestbuy.com/site/disney-camp-rock-the-final-jam-pre-owned-nintendo-ds/1642246.p?id=1218276040796&skuId=1642246&cmp=RMXCC",
            "image": "http://img.bbystatic.com/BestBuy_US/images/products/1642/1642246_sa.jpg",
            "createdAt": "2016-11-17T18:02:21.601Z",
            "updatedAt": "2016-11-17T18:02:21.601Z",
            "categories": [
                {
                    "id": "abcat0700000",
                    "name": "Video Games",
                    "createdAt": "2016-11-17T17:57:04.285Z",
                    "updatedAt": "2016-11-17T17:57:04.285Z"
                },
                {
                    "id": "pcmcat232900050017",
                    "name": "Pre-Owned Games",
                    "createdAt": "2016-11-17T17:57:05.399Z",
                    "updatedAt": "2016-11-17T17:57:05.399Z"
                }
            ]
        }
    ]
}
]]></system-out>
  </testcase>
  <testcase name="showProductsWithShipPriceMoreThan10Dollar" classname="apiTest.ProductsAPiTest" time="0.591">
    <system-out><![CDATA[Request Log : 
__________________________________________
Request method:	GET
Request URI:	http://localhost:3030/products?shipping%5B%24gt%5D=10
Proxy:			<none>
Request params:	<none>
Query params:	shipping[$gt]=10
Form params:	<none>
Path params:	<none>
Headers:		Accept=*/*
				Content-Type=application/json
Cookies:		<none>
Multiparts:		<none>
Body:			<none>
Response Log :  
__________________________________________
{
    "total": 296,
    "limit": 10,
    "skip": 0,
    "data": [
        {
            "id": 1150152,
            "name": "Samsung - 24\" Built-In Dishwasher with Stainless Steel Tub - Stainless Steel",
            "type": "HardGood",
            "price": 699.99,
            "upc": "887276988887",
            "shipping": 67.49,
            "description": "Accommodates up to 15 place settings; 4 wash cycles; 48 dBA operation; 2 wash options; hard-food disposer; 6-layer door; noise insulation",
            "manufacturer": "Samsung",
            "model": "DW80F600UTS",
            "url": "http://www.bestbuy.com/site/samsung-24-built-in-dishwasher-with-stainless-steel-tub-stainless-steel/1150152.p?id=1219046321163&skuId=1150152&cmp=RMXCC",
            "image": "http://img.bbystatic.com/BestBuy_US/images/pac/products/1313/1313480992/1313480992_sa.jpg",
            "createdAt": "2016-11-17T18:00:01.751Z",
            "updatedAt": "2016-11-17T18:00:01.751Z",
            "categories": [
                {
                    "id": "abcat0900000",
                    "name": "Appliances",
                    "createdAt": "2016-11-17T17:57:04.285Z",
                    "updatedAt": "2016-11-17T17:57:04.285Z"
                },
                {
                    "id": "abcat0905000",
                    "name": "Dishwashers",
                    "createdAt": "2016-11-17T17:57:04.285Z",
                    "updatedAt": "2016-11-17T17:57:04.285Z"
                },
                {
                    "id": "abcat0905001",
                    "name": "Built-In Dishwashers",
                    "createdAt": "2016-11-17T17:57:04.285Z",
                    "updatedAt": "2016-11-17T17:57:04.285Z"
                }
            ]
        },
        {
            "id": 1443547,
            "name": "Frigidaire - 4.8 Cu. Ft. Freestanding Electric Range - Black",
            "type": "HardGood",
            "price": 549.99,
            "upc": "012505502286",
            "shipping": 79.99,
            "description": "Ready-Select oven controls; two 1250-watt elements; one 2,500-watt and one 6-9\" expandable element; Vari-Broil system; Even Baking technology; storage drawer",
            "manufacturer": "Frigidaire",
            "model": "FFEF3013LB",
            "url": "http://www.bestbuy.com/site/frigidaire-4-8-cu-ft-freestanding-electric-range-black/1443547.p?id=1218259297521&skuId=1443547&cmp=RMXCC",
            "image": "http://img.bbystatic.com/BestBuy_US/images/products/1443/1443547_sa.jpg",
            "createdAt": "2016-11-17T18:01:06.648Z",
            "updatedAt": "2016-11-17T18:01:06.648Z",
            "categories": [
                {
                    "id": "abcat0900000",
                    "name": "Appliances",
                    "createdAt": "2016-11-17T17:57:04.285Z",
                    "updatedAt": "2016-11-17T17:57:04.285Z"
                },
                {
                    "id": "abcat0904000",
                    "name": "Ranges, Cooktops & Ovens",
                    "createdAt": "2016-11-17T17:57:04.285Z",
                    "updatedAt": "2016-11-17T17:57:04.285Z"
                },
                {
                    "id": "abcat0904003",
                    "name": "Ranges",
                    "createdAt": "2016-11-17T17:57:04.285Z",
                    "updatedAt": "2016-11-17T17:57:04.285Z"
                },
                {
                    "id": "pcmcat196400050016",
                    "name": "Electric Ranges",
                    "createdAt": "2016-11-17T17:57:05.399Z",
                    "updatedAt": "2016-11-17T17:57:05.399Z"
                }
            ]
        },
        {
            "id": 1539013,
            "name": "LG - 7.3 Cu. Ft. 14-Cycle Electric Dryer with Steam - White",
            "type": "HardGood",
            "price": 999.99,
            "upc": "048231013543",
            "shipping": 77.99,
            "description": "Dial-A-Cycle and touch-button controls; 14 cycles; 5 temperature levels; NeveRust stainless-steel drum; LoDecibel noise-reduction technology",
            "manufacturer": "LG",
            "model": "DLEX5680W",
            "url": "http://www.bestbuy.com/site/lg-7-3-cu-ft-14-cycle-electric-dryer-with-steam-white/1539013.p?id=1219054923732&skuId=1539013&cmp=RMXCC",
            "image": "http://img.bbystatic.com/BestBuy_US/images/products/1539/1539013_sa.jpg",
            "createdAt": "2016-11-17T18:01:44.806Z",
            "updatedAt": "2016-11-17T18:01:44.806Z",
            "categories": [
                {
                    "id": "abcat0900000",
                    "name": "Appliances",
                    "createdAt": "2016-11-17T17:57:04.285Z",
                    "updatedAt": "2016-11-17T17:57:04.285Z"
                },
                {
                    "id": "abcat0910000",
                    "name": "Washers & Dryers",
                    "createdAt": "2016-11-17T17:57:04.643Z",
                    "updatedAt": "2016-11-17T17:57:04.643Z"
                },
                {
                    "id": "abcat0910004",
                    "name": "Dryers",
                    "createdAt": "2016-11-17T17:57:04.643Z",
                    "updatedAt": "2016-11-17T17:57:04.643Z"
                },
                {
                    "id": "pcmcat232900050031",
                    "name": "Electric Dryers",
                    "createdAt": "2016-11-17T17:57:05.399Z",
                    "updatedAt": "2016-11-17T17:57:05.399Z"
                }
            ]
        },
        {
            "id": 1540212,
            "name": "LG - 5.0 Cu. Ft. 14-Cycle High-Efficiency Steam Top-Loading Washer - Graphite Steel",
            "type": "HardGood",
            "price": 1199.99,
            "upc": "048231013505",
            "shipping": 91.49,
            "description": "Rear-panel intelligent electronic controls; 14 cycles; TurboWash technology; direct-drive motor; 5 temperature settings; LoDecibel noise-reduction technology",
            "manufacturer": "LG",
            "model": "WT5680HVA",
            "url": "http://www.bestbuy.com/site/lg-5-0-cu-ft-14-cycle-high-efficiency-steam-top-loading-washer-graphite-steel/1540212.p?id=1219054918696&skuId=1540212&cmp=RMXCC",
            "image": "http://img.bbystatic.com/BestBuy_US/images/products/1540/1540212_sa.jpg",
            "createdAt": "2016-11-17T18:01:44.806Z",
            "updatedAt": "2016-11-17T18:01:44.806Z",
            "categories": [
                {
                    "id": "abcat0900000",
                    "name": "Appliances",
                    "createdAt": "2016-11-17T17:57:04.285Z",
                    "updatedAt": "2016-11-17T17:57:04.285Z"
                },
                {
                    "id": "abcat0910000",
                    "name": "Washers & Dryers",
                    "createdAt": "2016-11-17T17:57:04.643Z",
                    "updatedAt": "2016-11-17T17:57:04.643Z"
                },
                {
                    "id": "abcat0910001",
                    "name": "Washing Machines",
                    "createdAt": "2016-11-17T17:57:04.643Z",
                    "updatedAt": "2016-11-17T17:57:04.643Z"
                },
                {
                    "id": "abcat0910003",
                    "name": "Top-Loading Washers",
                    "createdAt": "2016-11-17T17:57:04.643Z",
                    "updatedAt": "2016-11-17T17:57:04.643Z"
                }
            ]
        },
        {
            "id": 1558487,
            "name": "Frigidaire - Gallery 30\" Self-Cleaning Freestanding Electric Convection Induction Range - Stainless-Steel",
            "type": "HardGood",
            "price": 1699.99,
            "upc": "012505508837",
            "shipping": 114.99,
            "description": "Express-Select oven control and timing system; 5 smoothtop elements; center keep-warm element; simmer element; 100-3800W; convection bake, broil and roast; temperature probe",
            "manufacturer": "Frigidaire",
            "model": "FGIF3061NF",
            "url": "http://www.bestbuy.com/site/frigidaire-gallery-30-self-cleaning-freestanding-electric-convection-induction-range-stainless-steel/1558487.p?id=1219055278132&skuId=1558487&cmp=RMXCC",
            "image": "http://img.bbystatic.com/BestBuy_US/images/products/1558/1558487_sa.jpg",
            "createdAt": "2016-11-17T18:01:44.806Z",
            "updatedAt": "2016-11-17T18:01:44.806Z",
            "categories": [
                {
                    "id": "abcat0900000",
                    "name": "Appliances",
                    "createdAt": "2016-11-17T17:57:04.285Z",
                    "updatedAt": "2016-11-17T17:57:04.285Z"
                },
                {
                    "id": "abcat0904000",
                    "name": "Ranges, Cooktops & Ovens",
                    "createdAt": "2016-11-17T17:57:04.285Z",
                    "updatedAt": "2016-11-17T17:57:04.285Z"
                },
                {
                    "id": "abcat0904003",
                    "name": "Ranges",
                    "createdAt": "2016-11-17T17:57:04.285Z",
                    "updatedAt": "2016-11-17T17:57:04.285Z"
                },
                {
                    "id": "pcmcat196400050016",
                    "name": "Electric Ranges",
                    "createdAt": "2016-11-17T17:57:05.399Z",
                    "updatedAt": "2016-11-17T17:57:05.399Z"
                }
            ]
        },
        {
            "id": 1609849,
            "name": "Whirlpool - 24.8 Cu. Ft. French Door Refrigerator - Stainless Steel",
            "type": "HardGood",
            "price": 1699.99,
            "upc": "883049288956",
            "shipping": 172.49,
            "description": "ENERGY STAR Certified\nElectric controls; Accu-Chill temperature management; FreshFlow produce preserver; adjustable gallon-size door bins; spill-proof glass shelves; temperature-controlled full-width pantry; icemaker",
            "manufacturer": "Whirlpool",
            "model": "WRF535SMBM",
            "url": "http://www.bestbuy.com/site/whirlpool-24-8-cu-ft-french-door-refrigerator-stainless-steel/1609849.p?id=1219056779621&skuId=1609849&cmp=RMXCC",
            "image": "http://img.bbystatic.com/BestBuy_US/images/products/1609/1609849_sa.jpg",
            "createdAt": "2016-11-17T18:02:21.601Z",
            "updatedAt": "2016-11-17T18:02:21.601Z",
            "categories": [
                {
                    "id": "abcat0900000",
                    "name": "Appliances",
                    "createdAt": "2016-11-17T17:57:04.285Z",
                    "updatedAt": "2016-11-17T17:57:04.285Z"
                },
                {
                    "id": "abcat0901000",
                    "name": "Refrigerators",
                    "createdAt": "2016-11-17T17:57:04.285Z",
                    "updatedAt": "2016-11-17T17:57:04.285Z"
                },
                {
                    "id": "pcmcat367400050001",
                    "name": "All Refrigerators",
                    "createdAt": "2016-11-17T17:57:04.643Z",
                    "updatedAt": "2016-11-17T17:57:04.643Z"
                }
            ]
        },
        {
            "id": 1614013,
            "name": "Amana - 25.4 Cu. Ft. Side-by-Side Refrigerator with Thru-the-Door Ice and Water - Stainless Steel",
            "type": "HardGood",
            "price": 1099.99,
            "upc": "883049279893",
            "shipping": 132.49,
            "description": "Temp Assure freshness controls; Spillsaver glass shelves; deli drawer; dairy center; adjustable door bins; gallon-size door storage",
            "manufacturer": "Amana",
            "model": "ASD2575BRS",
            "url": "http://www.bestbuy.com/site/amana-25-4-cu-ft-side-by-side-refrigerator-with-thru-the-door-ice-and-water-stainless-steel/1614013.p?id=1219057245144&skuId=1614013&cmp=RMXCC",
            "image": "http://img.bbystatic.com/BestBuy_US/images/products/1614/1614013_sa.jpg",
            "createdAt": "2016-11-17T18:02:21.601Z",
            "updatedAt": "2016-11-17T18:02:21.601Z",
            "categories": [
                {
                    "id": "abcat0900000",
                    "name": "Appliances",
                    "createdAt": "2016-11-17T17:57:04.285Z",
                    "updatedAt": "2016-11-17T17:57:04.285Z"
                },
                {
                    "id": "abcat0901000",
                    "name": "Refrigerators",
                    "createdAt": "2016-11-17T17:57:04.285Z",
                    "updatedAt": "2016-11-17T17:57:04.285Z"
                },
                {
                    "id": "pcmcat367400050001",
                    "name": "All Refrigerators",
                    "createdAt": "2016-11-17T17:57:04.643Z",
                    "updatedAt": "2016-11-17T17:57:04.643Z"
                }
            ]
        },
        {
            "id": 1618091,
            "name": "Whirlpool - 24.7 Cu. Ft. French Door Refrigerator with Thru-the-Door Ice and Water - Stainless-Steel",
            "type": "HardGood",
            "price": 2199.99,
            "upc": "883049253619",
            "shipping": 180.99,
            "description": "Tap Touch electronic dispenser controls; 4 MicroEdge shelves; temperature-controlled pantry; triple crisper system; 3 door bins; In-Door-Ice; freezer bin and pizza pocket",
            "manufacturer": "Whirlpool",
            "model": "WRF736SDAM",
            "url": "http://www.bestbuy.com/site/whirlpool-24-7-cu-ft-french-door-refrigerator-with-thru-the-door-ice-and-water-stainless-steel/1618091.p?id=1219057251051&skuId=1618091&cmp=RMXCC",
            "image": "http://img.bbystatic.com/BestBuy_US/images/products/1618/1618091_sa.jpg",
            "createdAt": "2016-11-17T18:02:21.601Z",
            "updatedAt": "2016-11-17T18:02:21.601Z",
            "categories": [
                {
                    "id": "abcat0900000",
                    "name": "Appliances",
                    "createdAt": "2016-11-17T17:57:04.285Z",
                    "updatedAt": "2016-11-17T17:57:04.285Z"
                },
                {
                    "id": "abcat0901000",
                    "name": "Refrigerators",
                    "createdAt": "2016-11-17T17:57:04.285Z",
                    "updatedAt": "2016-11-17T17:57:04.285Z"
                },
                {
                    "id": "pcmcat367400050001",
                    "name": "All Refrigerators",
                    "createdAt": "2016-11-17T17:57:04.643Z",
                    "updatedAt": "2016-11-17T17:57:04.643Z"
                }
            ]
        },
        {
            "id": 1664007,
            "name": "Samsung - 24.7 Cu. Ft. Food ShowCase Side-by-Side Refrigerator with Thru-the-Door Ice and Water - Stainless Steel",
            "type": "HardGood",
            "price": 2099.99,
            "upc": "887276073446",
            "shipping": 89.99,
            "description": "ENERGY STAR Certified\nDigital controls; Twin Cooling temperature management system; 4 spill-proof glass shelves; 3 crisper drawers; automatic defrost; 4 glass freezer shelves; tower LED lighting",
            "manufacturer": "Samsung",
            "model": "RH25H5611SR",
            "url": "http://www.bestbuy.com/site/samsung-24-7-cu-ft-food-showcase-side-by-side-refrigerator-with-thru-the-door-ice-and-water-stainless-steel/1664007.p?id=1219507982963&skuId=1664007&cmp=RMXCC",
            "image": "http://img.bbystatic.com/BestBuy_US/images/pac/products/1313/1313533230/1313533230_sa.jpg",
            "createdAt": "2016-11-17T18:02:21.601Z",
            "updatedAt": "2016-11-17T18:02:21.601Z",
            "categories": [
                {
                    "id": "abcat0900000",
                    "name": "Appliances",
                    "createdAt": "2016-11-17T17:57:04.285Z",
                    "updatedAt": "2016-11-17T17:57:04.285Z"
                },
                {
                    "id": "abcat0901000",
                    "name": "Refrigerators",
                    "createdAt": "2016-11-17T17:57:04.285Z",
                    "updatedAt": "2016-11-17T17:57:04.285Z"
                },
                {
                    "id": "pcmcat367400050001",
                    "name": "All Refrigerators",
                    "createdAt": "2016-11-17T17:57:04.643Z",
                    "updatedAt": "2016-11-17T17:57:04.643Z"
                }
            ]
        },
        {
            "id": 1664487,
            "name": "Whirlpool - 30\" Self-Cleaning Freestanding Double Oven Electric Range - Stainless Steel",
            "type": "HardGood",
            "price": 1299.99,
            "upc": "883049287676",
            "shipping": 117.49,
            "description": "Dual 9\"/6\", 6\" and 10\" radiant elements; 6\" melt element; 6-3/4\" warm-zone element; 2000W bake element; AccuBake system; Rapid Preheat",
            "manufacturer": "Whirlpool",
            "model": "WGE555S0BS",
            "url": "http://www.bestbuy.com/site/whirlpool-30-self-cleaning-freestanding-double-oven-electric-range-stainless-steel/1664487.p?id=1219058902918&skuId=1664487&cmp=RMXCC",
            "image": "http://img.bbystatic.com/BestBuy_US/images/products/1664/1664487_sa.jpg",
            "createdAt": "2016-11-17T18:02:21.601Z",
            "updatedAt": "2016-11-17T18:02:21.601Z",
            "categories": [
                {
                    "id": "abcat0900000",
                    "name": "Appliances",
                    "createdAt": "2016-11-17T17:57:04.285Z",
                    "updatedAt": "2016-11-17T17:57:04.285Z"
                },
                {
                    "id": "abcat0904000",
                    "name": "Ranges, Cooktops & Ovens",
                    "createdAt": "2016-11-17T17:57:04.285Z",
                    "updatedAt": "2016-11-17T17:57:04.285Z"
                },
                {
                    "id": "abcat0904003",
                    "name": "Ranges",
                    "createdAt": "2016-11-17T17:57:04.285Z",
                    "updatedAt": "2016-11-17T17:57:04.285Z"
                },
                {
                    "id": "pcmcat196400050016",
                    "name": "Electric Ranges",
                    "createdAt": "2016-11-17T17:57:05.399Z",
                    "updatedAt": "2016-11-17T17:57:05.399Z"
                }
            ]
        }
    ]
}
]]></system-out>
  </testcase>
  <testcase name="showSpecType" classname="apiTest.ProductsAPiTest" time="0.479">
    <system-out><![CDATA[Request Log : 
__________________________________________
Request method:	GET
Request URI:	http://localhost:3030/products?type%5B%24nin%5D%5B%5D=HardGood&type%5B%24nin%5D%5B%5D=Software
Proxy:			<none>
Request params:	<none>
Query params:	type[$nin][]=[HardGood, Software]
Form params:	<none>
Path params:	<none>
Headers:		Accept=*/*
				Content-Type=application/json
Cookies:		<none>
Multiparts:		<none>
Body:			<none>
Response Log :  
__________________________________________
{
    "total": 5083,
    "limit": 10,
    "skip": 0,
    "data": [
        {
            "id": 1003641,
            "name": "M. Night Shyamalan: The Last Airbender - Nintendo Wii",
            "type": "Game",
            "price": 19.99,
            "upc": "785138302515",
            "shipping": 0,
            "description": "Harness the power of Air and Fire as you join a quest for honor and power",
            "manufacturer": "THQ",
            "model": "30251",
            "url": "http://www.bestbuy.com/site/m-night-shyamalan-the-last-airbender-nintendo-wii/1003641.p?id=1218208317435&skuId=1003641&cmp=RMXCC",
            "image": "http://img.bbystatic.com/BestBuy_US/images/products/1003/1003641_500x500_sa.jpg",
            "createdAt": "2016-11-17T18:00:31.886Z",
            "updatedAt": "2016-11-17T18:00:31.886Z",
            "categories": [
                {
                    "id": "abcat0700000",
                    "name": "Video Games",
                    "createdAt": "2016-11-17T17:57:04.285Z",
                    "updatedAt": "2016-11-17T17:57:04.285Z"
                },
                {
                    "id": "abcat0706000",
                    "name": "Wii",
                    "createdAt": "2016-11-17T17:57:04.285Z",
                    "updatedAt": "2016-11-17T17:57:04.285Z"
                },
                {
                    "id": "abcat0706002",
                    "name": "Wii Games",
                    "createdAt": "2016-11-17T17:57:04.285Z",
                    "updatedAt": "2016-11-17T17:57:04.285Z"
                }
            ]
        },
        {
            "id": 1004622,
            "name": "Sniper: Ghost Warrior - Xbox 360",
            "type": "Game",
            "price": 19.99,
            "upc": "897749002569",
            "shipping": 0,
            "description": "Control the power of death as you ghost through the jungle",
            "manufacturer": "City Interactive",
            "model": "8047365",
            "url": "http://www.bestbuy.com/site/sniper-ghost-warrior-xbox-360/1004622.p?id=1218207306495&skuId=1004622&cmp=RMXCC",
            "image": "http://img.bbystatic.com/BestBuy_US/images/products/1004/1004622_sa.jpg",
            "createdAt": "2016-11-17T18:00:31.886Z",
            "updatedAt": "2016-11-17T18:00:31.886Z",
            "categories": [
                {
                    "id": "abcat0700000",
                    "name": "Video Games",
                    "createdAt": "2016-11-17T17:57:04.285Z",
                    "updatedAt": "2016-11-17T17:57:04.285Z"
                },
                {
                    "id": "abcat0701000",
                    "name": "Xbox 360",
                    "createdAt": "2016-11-17T17:57:04.285Z",
                    "updatedAt": "2016-11-17T17:57:04.285Z"
                },
                {
                    "id": "abcat0701002",
                    "name": "Xbox 360 Games",
                    "createdAt": "2016-11-17T17:57:04.285Z",
                    "updatedAt": "2016-11-17T17:57:04.285Z"
                }
            ]
        },
        {
            "id": 1007009,
            "name": "Fantasy Life - PRE-OWNED - Nintendo 3DS",
            "type": "Game",
            "price": 9.99,
            "upc": "799007840268",
            "shipping": 0,
            "description": "Choose your fate as you journey through a fascinating land on the adventure of a lifetime",
            "manufacturer": "Nintendo",
            "model": "PREOWNED",
            "url": "http://www.bestbuy.com/site/fantasy-life-pre-owned-nintendo-3ds/1007009.p?id=1219460752592&skuId=1007009&cmp=RMXCC",
            "image": "http://img.bbystatic.com/BestBuy_US/images/products/1007/1007009_sa.jpg",
            "createdAt": "2016-11-17T18:00:31.886Z",
            "updatedAt": "2016-11-17T18:00:31.886Z",
            "categories": [
                {
                    "id": "abcat0700000",
                    "name": "Video Games",
                    "createdAt": "2016-11-17T17:57:04.285Z",
                    "updatedAt": "2016-11-17T17:57:04.285Z"
                },
                {
                    "id": "pcmcat232900050017",
                    "name": "Pre-Owned Games",
                    "createdAt": "2016-11-17T17:57:05.399Z",
                    "updatedAt": "2016-11-17T17:57:05.399Z"
                }
            ]
        },
        {
            "id": 1008008,
            "name": "Power Rangers: Super Megaforce - PRE-OWNED - Nintendo 3DS",
            "type": "Game",
            "price": 9.99,
            "upc": "799007840275",
            "shipping": 0,
            "description": "Harness the powers of legendary Rangers to save Earth from an alien invasion",
            "manufacturer": "Namco",
            "model": "PREOWNED",
            "url": "http://www.bestbuy.com/site/power-rangers-super-megaforce-pre-owned-nintendo-3ds/1008008.p?id=1219482739482&skuId=1008008&cmp=RMXCC",
            "image": "http://img.bbystatic.com/BestBuy_US/images/products/1008/1008008_sa.jpg",
            "createdAt": "2016-11-17T18:00:31.886Z",
            "updatedAt": "2016-11-17T18:00:31.886Z",
            "categories": [
                {
                    "id": "abcat0700000",
                    "name": "Video Games",
                    "createdAt": "2016-11-17T17:57:04.285Z",
                    "updatedAt": "2016-11-17T17:57:04.285Z"
                },
                {
                    "id": "pcmcat232900050017",
                    "name": "Pre-Owned Games",
                    "createdAt": "2016-11-17T17:57:05.399Z",
                    "updatedAt": "2016-11-17T17:57:05.399Z"
                }
            ]
        },
        {
            "id": 1009007,
            "name": "Cooking Mama 5: Bon Appétit - PRE-OWNED - Nintendo 3DS",
            "type": "Game",
            "price": 9.99,
            "upc": "799007840282",
            "shipping": 0,
            "description": "Whip up sweet treats and mouthwatering dishes that show you're a culinary star",
            "manufacturer": "Majesco",
            "model": "PREOWNED",
            "url": "http://www.bestbuy.com/site/cooking-mama-5-bon-appetit-pre-owned-nintendo-3ds/1009007.p?id=1219460752590&skuId=1009007&cmp=RMXCC",
            "image": "http://img.bbystatic.com/BestBuy_US/images/products/1009/1009007_sa.jpg",
            "createdAt": "2016-11-17T18:00:31.886Z",
            "updatedAt": "2016-11-17T18:00:31.886Z",
            "categories": [
                {
                    "id": "abcat0700000",
                    "name": "Video Games",
                    "createdAt": "2016-11-17T17:57:04.285Z",
                    "updatedAt": "2016-11-17T17:57:04.285Z"
                },
                {
                    "id": "pcmcat232900050017",
                    "name": "Pre-Owned Games",
                    "createdAt": "2016-11-17T17:57:05.399Z",
                    "updatedAt": "2016-11-17T17:57:05.399Z"
                }
            ]
        },
        {
            "id": 1010002,
            "name": "WWE 2K15 - PRE-OWNED - Xbox 360",
            "type": "Game",
            "price": 19.99,
            "upc": "799007840299",
            "shipping": 0,
            "description": "Step into the ring and fight your way to the gold",
            "manufacturer": "2K",
            "model": "PREOWNED",
            "url": "http://www.bestbuy.com/site/wwe-2k15-pre-owned-xbox-360/1010002.p?id=1219460771478&skuId=1010002&cmp=RMXCC",
            "image": "http://img.bbystatic.com/BestBuy_US/images/products/1010/1010002_sa.jpg",
            "createdAt": "2016-11-17T18:00:31.886Z",
            "updatedAt": "2016-11-17T18:00:31.886Z",
            "categories": [
                {
                    "id": "abcat0700000",
                    "name": "Video Games",
                    "createdAt": "2016-11-17T17:57:04.285Z",
                    "updatedAt": "2016-11-17T17:57:04.285Z"
                },
                {
                    "id": "pcmcat232900050017",
                    "name": "Pre-Owned Games",
                    "createdAt": "2016-11-17T17:57:05.399Z",
                    "updatedAt": "2016-11-17T17:57:05.399Z"
                }
            ]
        },
        {
            "id": 1011786,
            "name": "The Sims 3 - Nintendo Wii",
            "type": "Game",
            "price": 19.99,
            "upc": "014633194401",
            "shipping": 0,
            "description": "Give your Sims the run of the neighborhood in this exciting new edition",
            "manufacturer": "The Sims Studio",
            "model": "19440",
            "url": "http://www.bestbuy.com/site/the-sims-3-nintendo-wii/1011786.p?id=1218208016458&skuId=1011786&cmp=RMXCC",
            "image": "http://img.bbystatic.com/BestBuy_US/images/products/1011/1011786_sa.jpg",
            "createdAt": "2016-11-17T18:00:31.886Z",
            "updatedAt": "2016-11-17T18:00:31.886Z",
            "categories": [
                {
                    "id": "abcat0700000",
                    "name": "Video Games",
                    "createdAt": "2016-11-17T17:57:04.285Z",
                    "updatedAt": "2016-11-17T17:57:04.285Z"
                },
                {
                    "id": "abcat0706000",
                    "name": "Wii",
                    "createdAt": "2016-11-17T17:57:04.285Z",
                    "updatedAt": "2016-11-17T17:57:04.285Z"
                },
                {
                    "id": "abcat0706002",
                    "name": "Wii Games",
                    "createdAt": "2016-11-17T17:57:04.285Z",
                    "updatedAt": "2016-11-17T17:57:04.285Z"
                }
            ]
        },
        {
            "id": 1014073,
            "name": "Vacation Isle Beach Party - Nintendo Wii",
            "type": "Game",
            "price": 14.99,
            "upc": "883929126910",
            "shipping": 0,
            "description": "Step into the sun and go on a vacation anytime",
            "manufacturer": "WB Games",
            "model": "1000149929",
            "url": "http://www.bestbuy.com/site/vacation-isle-beach-party-nintendo-wii/1014073.p?id=1218208322413&skuId=1014073&cmp=RMXCC",
            "image": "http://img.bbystatic.com/BestBuy_US/images/products/1014/1014073.jpg",
            "createdAt": "2016-11-17T18:00:31.886Z",
            "updatedAt": "2016-11-17T18:00:31.886Z",
            "categories": [
                {
                    "id": "abcat0700000",
                    "name": "Video Games",
                    "createdAt": "2016-11-17T17:57:04.285Z",
                    "updatedAt": "2016-11-17T17:57:04.285Z"
                },
                {
                    "id": "abcat0706000",
                    "name": "Wii",
                    "createdAt": "2016-11-17T17:57:04.285Z",
                    "updatedAt": "2016-11-17T17:57:04.285Z"
                },
                {
                    "id": "abcat0706002",
                    "name": "Wii Games",
                    "createdAt": "2016-11-17T17:57:04.285Z",
                    "updatedAt": "2016-11-17T17:57:04.285Z"
                }
            ]
        },
        {
            "id": 1014329,
            "name": "Just Dance 2 - Nintendo Wii",
            "type": "Game",
            "price": 19.99,
            "upc": "008888176060",
            "shipping": 0,
            "description": "Move to the beat and keep the party going",
            "manufacturer": "Ubisoft",
            "model": "17606",
            "url": "http://www.bestbuy.com/site/just-dance-2-nintendo-wii/1014329.p?id=1218208323015&skuId=1014329&cmp=RMXCC",
            "image": "http://img.bbystatic.com/BestBuy_US/images/products/1014/1014329_sa.jpg",
            "createdAt": "2016-11-17T18:00:31.886Z",
            "updatedAt": "2016-11-17T18:00:31.886Z",
            "categories": [
                {
                    "id": "abcat0700000",
                    "name": "Video Games",
                    "createdAt": "2016-11-17T17:57:04.285Z",
                    "updatedAt": "2016-11-17T17:57:04.285Z"
                },
                {
                    "id": "abcat0706000",
                    "name": "Wii",
                    "createdAt": "2016-11-17T17:57:04.285Z",
                    "updatedAt": "2016-11-17T17:57:04.285Z"
                },
                {
                    "id": "abcat0706002",
                    "name": "Wii Games",
                    "createdAt": "2016-11-17T17:57:04.285Z",
                    "updatedAt": "2016-11-17T17:57:04.285Z"
                }
            ]
        },
        {
            "id": 1018934,
            "name": "Wipeout: The Game - Nintendo Wii",
            "type": "Game",
            "price": 19.99,
            "upc": "047875761735",
            "shipping": 0,
            "description": "It's your turn to run, jump and climb through the wildest obstacle course on earth",
            "manufacturer": "A.C.R.O.N.Y.M. Games",
            "model": "76173",
            "url": "http://www.bestbuy.com/site/wipeout-the-game-nintendo-wii/1018934.p?id=1218209648572&skuId=1018934&cmp=RMXCC",
            "image": "http://img.bbystatic.com/BestBuy_US/images/products/1018/1018934_sa.jpg",
            "createdAt": "2016-11-17T18:01:06.648Z",
            "updatedAt": "2016-11-17T18:01:06.648Z",
            "categories": [
                {
                    "id": "abcat0700000",
                    "name": "Video Games",
                    "createdAt": "2016-11-17T17:57:04.285Z",
                    "updatedAt": "2016-11-17T17:57:04.285Z"
                },
                {
                    "id": "abcat0706000",
                    "name": "Wii",
                    "createdAt": "2016-11-17T17:57:04.285Z",
                    "updatedAt": "2016-11-17T17:57:04.285Z"
                },
                {
                    "id": "abcat0706002",
                    "name": "Wii Games",
                    "createdAt": "2016-11-17T17:57:04.285Z",
                    "updatedAt": "2016-11-17T17:57:04.285Z"
                }
            ]
        }
    ]
}
]]></system-out>
  </testcase>
  <testcase name="showProductsByCategoryName" classname="apiTest.ProductsAPiTest" time="0.712">
    <system-out><![CDATA[Request Log : 
__________________________________________
Request method:	GET
Request URI:	http://localhost:3030/products?category.name=Coffee%20Pods
Proxy:			<none>
Request params:	<none>
Query params:	category.name=Coffee Pods
Form params:	<none>
Path params:	<none>
Headers:		Accept=*/*
				Content-Type=application/json
Cookies:		<none>
Multiparts:		<none>
Body:			<none>
Response Log :  
__________________________________________
{
    "total": 98,
    "limit": 10,
    "skip": 0,
    "data": [
        {
            "id": 1011173,
            "name": "Keurig - Green Mountain Breakfast Blend K-Cups (18-Pack) - Multi",
            "type": "HardGood",
            "price": 10.99,
            "upc": "099555005202",
            "shipping": 0,
            "description": "For use with Keurig's Single Serve Brewer; Kona breakfast blend coffee; 18-pack",
            "manufacturer": "Keurig",
            "model": null,
            "url": "http://www.bestbuy.com/site/keurig-green-mountain-breakfast-blend-k-cups-18-pack-multi/1011173.p?id=1218208016216&skuId=1011173&cmp=RMXCC",
            "image": "http://img.bbystatic.com/BestBuy_US/images/products/1011/1011173_sa.jpg",
            "createdAt": "2016-11-17T18:00:31.886Z",
            "updatedAt": "2016-11-17T18:00:31.886Z",
            "categories": [
                {
                    "id": "abcat0900000",
                    "name": "Appliances",
                    "createdAt": "2016-11-17T17:57:04.285Z",
                    "updatedAt": "2016-11-17T17:57:04.285Z"
                },
                {
                    "id": "abcat0912000",
                    "name": "Small Kitchen Appliances",
                    "createdAt": "2016-11-17T17:57:04.643Z",
                    "updatedAt": "2016-11-17T17:57:04.643Z"
                },
                {
                    "id": "abcat0912008",
                    "name": "Coffee Pods",
                    "createdAt": "2016-11-17T17:57:04.643Z",
                    "updatedAt": "2016-11-17T17:57:04.643Z"
                },
                {
                    "id": "pcmcat367400050002",
                    "name": "Coffee, Tea & Espresso",
                    "createdAt": "2016-11-17T17:57:04.643Z",
                    "updatedAt": "2016-11-17T17:57:04.643Z"
                },
                {
                    "id": "pcmcat367400050005",
                    "name": "Coffee Pods & Beans",
                    "createdAt": "2016-11-17T17:57:04.643Z",
                    "updatedAt": "2016-11-17T17:57:04.643Z"
                }
            ]
        },
        {
            "id": 1686573,
            "name": "Keurig - Starbucks Veranda K-Cups (16-Pack) - Multi",
            "type": "HardGood",
            "price": 11.99,
            "upc": "099555095142",
            "shipping": 0,
            "description": "Compatible with Keurig single-serve K-Cup beverage machines; brews 1 cup at a time; light roast, blond coffee; 16-pack",
            "manufacturer": "Keurig",
            "model": null,
            "url": "http://www.bestbuy.com/site/keurig-starbucks-veranda-k-cups-16-pack-multi/1686573.p?id=1219060411038&skuId=1686573&cmp=RMXCC",
            "image": "http://img.bbystatic.com/BestBuy_US/images/products/1686/1686573_sa.jpg",
            "createdAt": "2016-11-17T17:58:03.298Z",
            "updatedAt": "2016-11-17T17:58:03.298Z",
            "categories": [
                {
                    "id": "abcat0900000",
                    "name": "Appliances",
                    "createdAt": "2016-11-17T17:57:04.285Z",
                    "updatedAt": "2016-11-17T17:57:04.285Z"
                },
                {
                    "id": "abcat0912000",
                    "name": "Small Kitchen Appliances",
                    "createdAt": "2016-11-17T17:57:04.643Z",
                    "updatedAt": "2016-11-17T17:57:04.643Z"
                },
                {
                    "id": "abcat0912008",
                    "name": "Coffee Pods",
                    "createdAt": "2016-11-17T17:57:04.643Z",
                    "updatedAt": "2016-11-17T17:57:04.643Z"
                },
                {
                    "id": "pcmcat367400050002",
                    "name": "Coffee, Tea & Espresso",
                    "createdAt": "2016-11-17T17:57:04.643Z",
                    "updatedAt": "2016-11-17T17:57:04.643Z"
                },
                {
                    "id": "pcmcat367400050005",
                    "name": "Coffee Pods & Beans",
                    "createdAt": "2016-11-17T17:57:04.643Z",
                    "updatedAt": "2016-11-17T17:57:04.643Z"
                }
            ]
        },
        {
            "id": 2146562,
            "name": "Coffee People - Donut Shop Decaf Coffee K-Cups (18-Pack) - White",
            "type": "HardGood",
            "price": 10.99,
            "upc": "099555018028",
            "shipping": 0,
            "description": "Compatible with Keurig single-serve beverage machines; decaffeinated coffee; 18-pack",
            "manufacturer": "Coffee People",
            "model": null,
            "url": "http://www.bestbuy.com/site/coffee-people-donut-shop-decaf-coffee-k-cups-18-pack-white/2146562.p?id=1218311135453&skuId=2146562&cmp=RMXCC",
            "image": "http://img.bbystatic.com/BestBuy_US/images/products/2146/2146562_sa.jpg",
            "createdAt": "2016-11-17T17:59:24.820Z",
            "updatedAt": "2016-11-17T17:59:24.820Z",
            "categories": [
                {
                    "id": "abcat0900000",
                    "name": "Appliances",
                    "createdAt": "2016-11-17T17:57:04.285Z",
                    "updatedAt": "2016-11-17T17:57:04.285Z"
                },
                {
                    "id": "abcat0912000",
                    "name": "Small Kitchen Appliances",
                    "createdAt": "2016-11-17T17:57:04.643Z",
                    "updatedAt": "2016-11-17T17:57:04.643Z"
                },
                {
                    "id": "abcat0912008",
                    "name": "Coffee Pods",
                    "createdAt": "2016-11-17T17:57:04.643Z",
                    "updatedAt": "2016-11-17T17:57:04.643Z"
                },
                {
                    "id": "pcmcat367400050002",
                    "name": "Coffee, Tea & Espresso",
                    "createdAt": "2016-11-17T17:57:04.643Z",
                    "updatedAt": "2016-11-17T17:57:04.643Z"
                },
                {
                    "id": "pcmcat367400050005",
                    "name": "Coffee Pods & Beans",
                    "createdAt": "2016-11-17T17:57:04.643Z",
                    "updatedAt": "2016-11-17T17:57:04.643Z"
                }
            ]
        },
        {
            "id": 2146669,
            "name": "Timothy's - Kahlua Coffee K-Cups (18-Pack) - White",
            "type": "HardGood",
            "price": 10.99,
            "upc": "099555018004",
            "shipping": 0,
            "description": "Compatible with Keurig single-serve beverage machines; Kahlua-flavored coffee; hand-picked Arabica beans; 18-pack",
            "manufacturer": "Timothy's",
            "model": null,
            "url": "http://www.bestbuy.com/site/timothys-kahlua-coffee-k-cups-18-pack-white/2146669.p?id=1218311138789&skuId=2146669&cmp=RMXCC",
            "image": "http://img.bbystatic.com/BestBuy_US/images/products/2146/2146669_sa.jpg",
            "createdAt": "2016-11-17T17:59:24.820Z",
            "updatedAt": "2016-11-17T17:59:24.820Z",
            "categories": [
                {
                    "id": "abcat0900000",
                    "name": "Appliances",
                    "createdAt": "2016-11-17T17:57:04.285Z",
                    "updatedAt": "2016-11-17T17:57:04.285Z"
                },
                {
                    "id": "abcat0912000",
                    "name": "Small Kitchen Appliances",
                    "createdAt": "2016-11-17T17:57:04.643Z",
                    "updatedAt": "2016-11-17T17:57:04.643Z"
                },
                {
                    "id": "abcat0912008",
                    "name": "Coffee Pods",
                    "createdAt": "2016-11-17T17:57:04.643Z",
                    "updatedAt": "2016-11-17T17:57:04.643Z"
                },
                {
                    "id": "pcmcat367400050002",
                    "name": "Coffee, Tea & Espresso",
                    "createdAt": "2016-11-17T17:57:04.643Z",
                    "updatedAt": "2016-11-17T17:57:04.643Z"
                },
                {
                    "id": "pcmcat367400050005",
                    "name": "Coffee Pods & Beans",
                    "createdAt": "2016-11-17T17:57:04.643Z",
                    "updatedAt": "2016-11-17T17:57:04.643Z"
                }
            ]
        },
        {
            "id": 2146687,
            "name": "Keurig - Revv Coffee K-Cups (16-Pack) - White",
            "type": "HardGood",
            "price": 10.99,
            "upc": "099555007930",
            "shipping": 0,
            "description": "Compatible with Keurig single-serve beverage machines; 16-pack",
            "manufacturer": "Keurig",
            "model": null,
            "url": "http://www.bestbuy.com/site/keurig-revv-coffee-k-cups-16-pack-white/2146687.p?id=1218311131844&skuId=2146687&cmp=RMXCC",
            "image": "http://img.bbystatic.com/BestBuy_US/images/products/2146/2146687_sa.jpg",
            "createdAt": "2016-11-17T17:59:24.820Z",
            "updatedAt": "2016-11-17T17:59:24.820Z",
            "categories": [
                {
                    "id": "abcat0900000",
                    "name": "Appliances",
                    "createdAt": "2016-11-17T17:57:04.285Z",
                    "updatedAt": "2016-11-17T17:57:04.285Z"
                },
                {
                    "id": "abcat0912000",
                    "name": "Small Kitchen Appliances",
                    "createdAt": "2016-11-17T17:57:04.643Z",
                    "updatedAt": "2016-11-17T17:57:04.643Z"
                },
                {
                    "id": "abcat0912008",
                    "name": "Coffee Pods",
                    "createdAt": "2016-11-17T17:57:04.643Z",
                    "updatedAt": "2016-11-17T17:57:04.643Z"
                },
                {
                    "id": "pcmcat367400050002",
                    "name": "Coffee, Tea & Espresso",
                    "createdAt": "2016-11-17T17:57:04.643Z",
                    "updatedAt": "2016-11-17T17:57:04.643Z"
                },
                {
                    "id": "pcmcat367400050005",
                    "name": "Coffee Pods & Beans",
                    "createdAt": "2016-11-17T17:57:04.643Z",
                    "updatedAt": "2016-11-17T17:57:04.643Z"
                }
            ]
        },
        {
            "id": 2808141,
            "name": "Keurig - Green Mountain Hot Apple Cider K-Cups (16-Pack) - White",
            "type": "HardGood",
            "price": 10.99,
            "upc": "099555012200",
            "shipping": 0,
            "description": "Compatible with Keurig single-serve beverage machines; hot apple cider flavor; 16-pack",
            "manufacturer": "Keurig",
            "model": null,
            "url": "http://www.bestbuy.com/site/keurig-green-mountain-hot-apple-cider-k-cups-16-pack-white/2808141.p?id=1218352573327&skuId=2808141&cmp=RMXCC",
            "image": "http://img.bbystatic.com/BestBuy_US/images/products/2808/2808141_sa.jpg",
            "createdAt": "2016-11-17T18:00:31.886Z",
            "updatedAt": "2016-11-17T18:00:31.886Z",
            "categories": [
                {
                    "id": "abcat0900000",
                    "name": "Appliances",
                    "createdAt": "2016-11-17T17:57:04.285Z",
                    "updatedAt": "2016-11-17T17:57:04.285Z"
                },
                {
                    "id": "abcat0912000",
                    "name": "Small Kitchen Appliances",
                    "createdAt": "2016-11-17T17:57:04.643Z",
                    "updatedAt": "2016-11-17T17:57:04.643Z"
                },
                {
                    "id": "abcat0912008",
                    "name": "Coffee Pods",
                    "createdAt": "2016-11-17T17:57:04.643Z",
                    "updatedAt": "2016-11-17T17:57:04.643Z"
                },
                {
                    "id": "pcmcat367400050002",
                    "name": "Coffee, Tea & Espresso",
                    "createdAt": "2016-11-17T17:57:04.643Z",
                    "updatedAt": "2016-11-17T17:57:04.643Z"
                },
                {
                    "id": "pcmcat367400050005",
                    "name": "Coffee Pods & Beans",
                    "createdAt": "2016-11-17T17:57:04.643Z",
                    "updatedAt": "2016-11-17T17:57:04.643Z"
                }
            ]
        },
        {
            "id": 2877268,
            "name": "Keurig - Timothy's Emeril's Big Easy Bold K-Cups (108-Pack) - White",
            "type": "HardGood",
            "price": 69.99,
            "upc": "100995500193",
            "shipping": 0,
            "description": "Compatible with Keurig single-serve beverage systems; Emeril's Big Easy Bold flavor; 108-pack",
            "manufacturer": "Keurig",
            "model": null,
            "url": "http://www.bestbuy.com/site/keurig-timothys-emerils-big-easy-bold-k-cups-108-pack-white/2877268.p?id=1218359084512&skuId=2877268&cmp=RMXCC",
            "image": "http://img.bbystatic.com/BestBuy_US/images/products/2877/2877268_sa.jpg",
            "createdAt": "2016-11-17T18:01:22.276Z",
            "updatedAt": "2016-11-17T18:01:22.276Z",
            "categories": [
                {
                    "id": "abcat0900000",
                    "name": "Appliances",
                    "createdAt": "2016-11-17T17:57:04.285Z",
                    "updatedAt": "2016-11-17T17:57:04.285Z"
                },
                {
                    "id": "abcat0912000",
                    "name": "Small Kitchen Appliances",
                    "createdAt": "2016-11-17T17:57:04.643Z",
                    "updatedAt": "2016-11-17T17:57:04.643Z"
                },
                {
                    "id": "abcat0912008",
                    "name": "Coffee Pods",
                    "createdAt": "2016-11-17T17:57:04.643Z",
                    "updatedAt": "2016-11-17T17:57:04.643Z"
                },
                {
                    "id": "pcmcat367400050002",
                    "name": "Coffee, Tea & Espresso",
                    "createdAt": "2016-11-17T17:57:04.643Z",
                    "updatedAt": "2016-11-17T17:57:04.643Z"
                },
                {
                    "id": "pcmcat367400050005",
                    "name": "Coffee Pods & Beans",
                    "createdAt": "2016-11-17T17:57:04.643Z",
                    "updatedAt": "2016-11-17T17:57:04.643Z"
                }
            ]
        },
        {
            "id": 2877277,
            "name": "Keurig - Van Houtte French Vanilla Coffee K-Cups (108-Pack) - White",
            "type": "HardGood",
            "price": 69.99,
            "upc": "100621515379",
            "shipping": 0,
            "description": "Compatible with Keurig single-serve beverage systems; French vanilla flavor; 108-pack",
            "manufacturer": "Keurig",
            "model": null,
            "url": "http://www.bestbuy.com/site/keurig-van-houtte-french-vanilla-coffee-k-cups-108-pack-white/2877277.p?id=1218359082234&skuId=2877277&cmp=RMXCC",
            "image": "http://img.bbystatic.com/BestBuy_US/images/products/2877/2877277_sa.jpg",
            "createdAt": "2016-11-17T18:01:22.276Z",
            "updatedAt": "2016-11-17T18:01:22.276Z",
            "categories": [
                {
                    "id": "abcat0900000",
                    "name": "Appliances",
                    "createdAt": "2016-11-17T17:57:04.285Z",
                    "updatedAt": "2016-11-17T17:57:04.285Z"
                },
                {
                    "id": "abcat0912000",
                    "name": "Small Kitchen Appliances",
                    "createdAt": "2016-11-17T17:57:04.643Z",
                    "updatedAt": "2016-11-17T17:57:04.643Z"
                },
                {
                    "id": "abcat0912008",
                    "name": "Coffee Pods",
                    "createdAt": "2016-11-17T17:57:04.643Z",
                    "updatedAt": "2016-11-17T17:57:04.643Z"
                },
                {
                    "id": "pcmcat367400050002",
                    "name": "Coffee, Tea & Espresso",
                    "createdAt": "2016-11-17T17:57:04.643Z",
                    "updatedAt": "2016-11-17T17:57:04.643Z"
                },
                {
                    "id": "pcmcat367400050005",
                    "name": "Coffee Pods & Beans",
                    "createdAt": "2016-11-17T17:57:04.643Z",
                    "updatedAt": "2016-11-17T17:57:04.643Z"
                }
            ]
        },
        {
            "id": 2877295,
            "name": "Keurig - Timothy's Colombian Decaf K-Cups (108-Pack) - White",
            "type": "HardGood",
            "price": 69.99,
            "upc": "100995550198",
            "shipping": 0,
            "description": "Compatible with Keurig single-serve beverage systems; Colombian decaf; 108-pack",
            "manufacturer": "Keurig",
            "model": null,
            "url": "http://www.bestbuy.com/site/keurig-timothys-colombian-decaf-k-cups-108-pack-white/2877295.p?id=1218359082822&skuId=2877295&cmp=RMXCC",
            "image": "http://img.bbystatic.com/BestBuy_US/images/products/2877/2877295_sa.jpg",
            "createdAt": "2016-11-17T18:01:22.276Z",
            "updatedAt": "2016-11-17T18:01:22.276Z",
            "categories": [
                {
                    "id": "abcat0900000",
                    "name": "Appliances",
                    "createdAt": "2016-11-17T17:57:04.285Z",
                    "updatedAt": "2016-11-17T17:57:04.285Z"
                },
                {
                    "id": "abcat0912000",
                    "name": "Small Kitchen Appliances",
                    "createdAt": "2016-11-17T17:57:04.643Z",
                    "updatedAt": "2016-11-17T17:57:04.643Z"
                },
                {
                    "id": "abcat0912008",
                    "name": "Coffee Pods",
                    "createdAt": "2016-11-17T17:57:04.643Z",
                    "updatedAt": "2016-11-17T17:57:04.643Z"
                },
                {
                    "id": "pcmcat367400050002",
                    "name": "Coffee, Tea & Espresso",
                    "createdAt": "2016-11-17T17:57:04.643Z",
                    "updatedAt": "2016-11-17T17:57:04.643Z"
                },
                {
                    "id": "pcmcat367400050005",
                    "name": "Coffee Pods & Beans",
                    "createdAt": "2016-11-17T17:57:04.643Z",
                    "updatedAt": "2016-11-17T17:57:04.643Z"
                }
            ]
        },
        {
            "id": 2877301,
            "name": "Keurig - Green Mountain Nantucket Blend K-Cups (108-Pack) - White",
            "type": "HardGood",
            "price": 69.99,
            "upc": "100995550068",
            "shipping": 0,
            "description": "Compatible with Keurig single-serve beverage systems; Nantucket blend; 108-pack",
            "manufacturer": "Keurig",
            "model": null,
            "url": "http://www.bestbuy.com/site/keurig-green-mountain-nantucket-blend-k-cups-108-pack-white/2877301.p?id=1218359086126&skuId=2877301&cmp=RMXCC",
            "image": "http://img.bbystatic.com/BestBuy_US/images/products/2877/2877301_sa.jpg",
            "createdAt": "2016-11-17T18:01:22.276Z",
            "updatedAt": "2016-11-17T18:01:22.276Z",
            "categories": [
                {
                    "id": "abcat0900000",
                    "name": "Appliances",
                    "createdAt": "2016-11-17T17:57:04.285Z",
                    "updatedAt": "2016-11-17T17:57:04.285Z"
                },
                {
                    "id": "abcat0912000",
                    "name": "Small Kitchen Appliances",
                    "createdAt": "2016-11-17T17:57:04.643Z",
                    "updatedAt": "2016-11-17T17:57:04.643Z"
                },
                {
                    "id": "abcat0912008",
                    "name": "Coffee Pods",
                    "createdAt": "2016-11-17T17:57:04.643Z",
                    "updatedAt": "2016-11-17T17:57:04.643Z"
                },
                {
                    "id": "pcmcat367400050002",
                    "name": "Coffee, Tea & Espresso",
                    "createdAt": "2016-11-17T17:57:04.643Z",
                    "updatedAt": "2016-11-17T17:57:04.643Z"
                },
                {
                    "id": "pcmcat367400050005",
                    "name": "Coffee Pods & Beans",
                    "createdAt": "2016-11-17T17:57:04.643Z",
                    "updatedAt": "2016-11-17T17:57:04.643Z"
                }
            ]
        }
    ]
}
]]></system-out>
  </testcase>
  <testcase name="showProductsByCategoryId" classname="apiTest.ProductsAPiTest" time="0.588">
    <system-out><![CDATA[Request Log : 
__________________________________________
Request method:	GET
Request URI:	http://localhost:3030/products?category.id=abcat0106004
Proxy:			<none>
Request params:	<none>
Query params:	category.id=abcat0106004
Form params:	<none>
Path params:	<none>
Headers:		Accept=*/*
				Content-Type=application/json
Cookies:		<none>
Multiparts:		<none>
Body:			<none>
Response Log :  
__________________________________________
{
    "total": 184,
    "limit": 10,
    "skip": 0,
    "data": [
        {
            "id": 1029367,
            "name": "Chief - Medium FIT Fixed TV Wall Mount for Most 26\" - 42\" Flat-Panel TVs - Black",
            "type": "HardGood",
            "price": 64.99,
            "upc": "841872141077",
            "shipping": 0,
            "description": "CHIEF Medium FIT Fixed Wall Mount for Most 26\" - 42\" Flat-Panel TVs: Compatible with most 26\" - 42\" flat-panel TVs up to 125 lbs.; open wall plate; GlideLock with kickstand; low-profile depth",
            "manufacturer": "Chief",
            "model": "RMF2",
            "url": "http://www.bestbuy.com/site/chief-medium-fit-fixed-tv-wall-mount-for-most-26-42-flat-panel-tvs-black/1029367.p?id=1219045600419&skuId=1029367&cmp=RMXCC",
            "image": "http://img.bbystatic.com/BestBuy_US/images/products/1029/1029367_sa.jpg",
            "createdAt": "2016-11-17T18:01:55.562Z",
            "updatedAt": "2016-11-17T18:01:55.562Z",
            "categories": [
                {
                    "id": "abcat0100000",
                    "name": "TV & Home Theater",
                    "createdAt": "2016-11-17T17:57:04.285Z",
                    "updatedAt": "2016-11-17T17:57:04.285Z"
                },
                {
                    "id": "abcat0106000",
                    "name": "TV Stands, Mounts & Furniture",
                    "createdAt": "2016-11-17T17:57:04.285Z",
                    "updatedAt": "2016-11-17T17:57:04.285Z"
                },
                {
                    "id": "abcat0106004",
                    "name": "TV Mounts",
                    "createdAt": "2016-11-17T17:57:04.285Z",
                    "updatedAt": "2016-11-17T17:57:04.285Z"
                }
            ]
        },
        {
            "id": 1065298,
            "name": "Rocketfish™ - Full-Motion TV Wall Mount for Most 26\" - 40\" Flat-Panel TVs - Extends 9.7\" - Black",
            "type": "HardGood",
            "price": 99.99,
            "upc": "600603132209",
            "shipping": 0,
            "description": "Holds most 26\" - 40\" flat-panel TVs weighing up to 60 lbs.; fingertip tilt; tilts, swivels and extends off the wall; durable powdercoat finish",
            "manufacturer": "Rocketfish™",
            "model": "RF-TVMFM02",
            "url": "http://www.bestbuy.com/site/rocketfish-full-motion-tv-wall-mount-for-most-26-40-flat-panel-tvs-extends-9-7-black/1065298.p?id=1218216674624&skuId=1065298&cmp=RMXCC",
            "image": "http://img.bbystatic.com/BestBuy_US/images/products/1065/1065298_rc.jpg",
            "createdAt": "2016-11-17T17:58:03.298Z",
            "updatedAt": "2016-11-17T17:58:03.298Z",
            "categories": [
                {
                    "id": "abcat0100000",
                    "name": "TV & Home Theater",
                    "createdAt": "2016-11-17T17:57:04.285Z",
                    "updatedAt": "2016-11-17T17:57:04.285Z"
                },
                {
                    "id": "abcat0106000",
                    "name": "TV Stands, Mounts & Furniture",
                    "createdAt": "2016-11-17T17:57:04.285Z",
                    "updatedAt": "2016-11-17T17:57:04.285Z"
                },
                {
                    "id": "abcat0106004",
                    "name": "TV Mounts",
                    "createdAt": "2016-11-17T17:57:04.285Z",
                    "updatedAt": "2016-11-17T17:57:04.285Z"
                }
            ]
        },
        {
            "id": 1065552,
            "name": "Rocketfish™ - Full-Motion TV Wall Mount for Most 13\" - 26\" Flat-Panel TVs - Extends 8\" - Black",
            "type": "HardGood",
            "price": 49.99,
            "upc": "600603132186",
            "shipping": 0,
            "description": "Holds flat-panel TVs up to 26\" and 35 lbs.; fingertip tilt; tilts, swivels and extends off the wall; durable finish",
            "manufacturer": "Rocketfish™",
            "model": "RF-TVMFM01",
            "url": "http://www.bestbuy.com/site/rocketfish-full-motion-tv-wall-mount-for-most-13-26-flat-panel-tvs-extends-8-black/1065552.p?id=1218216671936&skuId=1065552&cmp=RMXCC",
            "image": "http://img.bbystatic.com/BestBuy_US/images/products/1065/1065552_rc.jpg",
            "createdAt": "2016-11-17T17:58:03.298Z",
            "updatedAt": "2016-11-17T17:58:03.298Z",
            "categories": [
                {
                    "id": "abcat0100000",
                    "name": "TV & Home Theater",
                    "createdAt": "2016-11-17T17:57:04.285Z",
                    "updatedAt": "2016-11-17T17:57:04.285Z"
                },
                {
                    "id": "abcat0106000",
                    "name": "TV Stands, Mounts & Furniture",
                    "createdAt": "2016-11-17T17:57:04.285Z",
                    "updatedAt": "2016-11-17T17:57:04.285Z"
                },
                {
                    "id": "abcat0106004",
                    "name": "TV Mounts",
                    "createdAt": "2016-11-17T17:57:04.285Z",
                    "updatedAt": "2016-11-17T17:57:04.285Z"
                }
            ]
        },
        {
            "id": 1065561,
            "name": "Rocketfish - Full-Motion TV Wall Mount for Most 40\" - 65\" Flat-Panel TVs - Extends 10.2\" - Black",
            "type": "HardGood",
            "price": 199.99,
            "upc": "600603132223",
            "shipping": 0,
            "description": "Holds most 40\" - 65\" flat-panel TVs weighing up to 130 lbs.; fingertip tilt; tilts, swivels and extends off the wall; durable powdercoat finish",
            "manufacturer": "Rocketfish",
            "model": "RF-TVMFM03",
            "url": "http://www.bestbuy.com/site/rocketfish-full-motion-tv-wall-mount-for-most-40-65-flat-panel-tvs-extends-10-2-black/1065561.p?id=1218217269217&skuId=1065561&cmp=RMXCC",
            "image": "http://img.bbystatic.com/BestBuy_US/images/products/1065/1065561_rc.jpg",
            "createdAt": "2016-11-17T17:58:03.298Z",
            "updatedAt": "2016-11-17T17:58:03.298Z",
            "categories": [
                {
                    "id": "abcat0100000",
                    "name": "TV & Home Theater",
                    "createdAt": "2016-11-17T17:57:04.285Z",
                    "updatedAt": "2016-11-17T17:57:04.285Z"
                },
                {
                    "id": "abcat0106000",
                    "name": "TV Stands, Mounts & Furniture",
                    "createdAt": "2016-11-17T17:57:04.285Z",
                    "updatedAt": "2016-11-17T17:57:04.285Z"
                },
                {
                    "id": "abcat0106004",
                    "name": "TV Mounts",
                    "createdAt": "2016-11-17T17:57:04.285Z",
                    "updatedAt": "2016-11-17T17:57:04.285Z"
                }
            ]
        },
        {
            "id": 1112775,
            "name": "Peerless - SmartMount Articulating Wall Arm for Most 32\" - 52\" Flat-Panel TVs - Extends 27-1/2\" - Black",
            "type": "HardGood",
            "price": 216.99,
            "upc": "735029271239",
            "shipping": 0,
            "description": "From our expanded online assortment; extends up to 27-1/2\"; one-touch tilt; 180&#176; range of motion; 90&#176; swivel; portrait-to-landscape rotation",
            "manufacturer": "Peerless",
            "model": "SA752PU",
            "url": "http://www.bestbuy.com/site/peerless-smartmount-articulating-wall-arm-for-most-32-52-flat-panel-tvs-extends-27-1-2-black/1112775.p?id=1218224066203&skuId=1112775&cmp=RMXCC",
            "image": "http://img.bbystatic.com/BestBuy_US/images/products/1112/1112775_rc.jpg",
            "createdAt": "2016-11-17T17:59:24.820Z",
            "updatedAt": "2016-11-17T17:59:24.820Z",
            "categories": [
                {
                    "id": "abcat0100000",
                    "name": "TV & Home Theater",
                    "createdAt": "2016-11-17T17:57:04.285Z",
                    "updatedAt": "2016-11-17T17:57:04.285Z"
                },
                {
                    "id": "abcat0106000",
                    "name": "TV Stands, Mounts & Furniture",
                    "createdAt": "2016-11-17T17:57:04.285Z",
                    "updatedAt": "2016-11-17T17:57:04.285Z"
                },
                {
                    "id": "abcat0106004",
                    "name": "TV Mounts",
                    "createdAt": "2016-11-17T17:57:04.285Z",
                    "updatedAt": "2016-11-17T17:57:04.285Z"
                }
            ]
        },
        {
            "id": 1112784,
            "name": "Peerless - Ultraslim TV Wall Mount for Most 23\" - 46\" Ultrathin Flat-Panel TVs - Black",
            "type": "HardGood",
            "price": 39.99,
            "upc": "735029271314",
            "shipping": 0,
            "description": "From our expanded online assortment; compatible with most 23\" - 46\" ultrathin flat-panel TVs; horizontal adjustment; industrial-strength hook-and-loop latching system",
            "manufacturer": "Peerless",
            "model": "SUF640P",
            "url": "http://www.bestbuy.com/site/peerless-ultraslim-tv-wall-mount-for-most-23-46-ultrathin-flat-panel-tvs-black/1112784.p?id=1218224065625&skuId=1112784&cmp=RMXCC",
            "image": "http://img.bbystatic.com/BestBuy_US/images/products/1112/1112784_rc.jpg",
            "createdAt": "2016-11-17T17:59:24.820Z",
            "updatedAt": "2016-11-17T17:59:24.820Z",
            "categories": [
                {
                    "id": "abcat0100000",
                    "name": "TV & Home Theater",
                    "createdAt": "2016-11-17T17:57:04.285Z",
                    "updatedAt": "2016-11-17T17:57:04.285Z"
                },
                {
                    "id": "abcat0106000",
                    "name": "TV Stands, Mounts & Furniture",
                    "createdAt": "2016-11-17T17:57:04.285Z",
                    "updatedAt": "2016-11-17T17:57:04.285Z"
                },
                {
                    "id": "abcat0106004",
                    "name": "TV Mounts",
                    "createdAt": "2016-11-17T17:57:04.285Z",
                    "updatedAt": "2016-11-17T17:57:04.285Z"
                }
            ]
        },
        {
            "id": 1112802,
            "name": "Peerless - SmartMount Tilt TV Wall Mount for Most 61\" - 102\" Flat-Panel TVs - Black",
            "type": "HardGood",
            "price": 144.99,
            "upc": "735029271291",
            "shipping": 0,
            "description": "From our expanded online assortment; compatible with most 61\" - 102\" flat-panel TVs; optional IncreLock; horizontal screen adjustment; easy-grip lever",
            "manufacturer": "Peerless",
            "model": "ST680P",
            "url": "http://www.bestbuy.com/site/peerless-smartmount-tilt-tv-wall-mount-for-most-61-102-flat-panel-tvs-black/1112802.p?id=1218224064927&skuId=1112802&cmp=RMXCC",
            "image": "http://img.bbystatic.com/BestBuy_US/images/products/1112/1112802_rc.jpg",
            "createdAt": "2016-11-17T17:59:24.820Z",
            "updatedAt": "2016-11-17T17:59:24.820Z",
            "categories": [
                {
                    "id": "abcat0100000",
                    "name": "TV & Home Theater",
                    "createdAt": "2016-11-17T17:57:04.285Z",
                    "updatedAt": "2016-11-17T17:57:04.285Z"
                },
                {
                    "id": "abcat0106000",
                    "name": "TV Stands, Mounts & Furniture",
                    "createdAt": "2016-11-17T17:57:04.285Z",
                    "updatedAt": "2016-11-17T17:57:04.285Z"
                },
                {
                    "id": "abcat0106004",
                    "name": "TV Mounts",
                    "createdAt": "2016-11-17T17:57:04.285Z",
                    "updatedAt": "2016-11-17T17:57:04.285Z"
                }
            ]
        },
        {
            "id": 1112811,
            "name": "Peerless - Ultraslim Flat TV Wall Mount for Most 32\" - 56\" Ultrathin Flat-Panel TVs - Black",
            "type": "HardGood",
            "price": 49.99,
            "upc": "735029271178",
            "shipping": 0,
            "description": "From our expanded online assortment; compatible with most 32\" - 56\" ultrathin flat-panel TVs; horizontal screen adjustment; industrial-strength hook-and-loop latching system",
            "manufacturer": "Peerless",
            "model": "SUF650P",
            "url": "http://www.bestbuy.com/site/peerless-ultraslim-flat-tv-wall-mount-for-most-32-56-ultrathin-flat-panel-tvs-black/1112811.p?id=1218223316116&skuId=1112811&cmp=RMXCC",
            "image": "http://img.bbystatic.com/BestBuy_US/images/products/1112/1112811_rc.jpg",
            "createdAt": "2016-11-17T17:59:24.820Z",
            "updatedAt": "2016-11-17T17:59:24.820Z",
            "categories": [
                {
                    "id": "abcat0100000",
                    "name": "TV & Home Theater",
                    "createdAt": "2016-11-17T17:57:04.285Z",
                    "updatedAt": "2016-11-17T17:57:04.285Z"
                },
                {
                    "id": "abcat0106000",
                    "name": "TV Stands, Mounts & Furniture",
                    "createdAt": "2016-11-17T17:57:04.285Z",
                    "updatedAt": "2016-11-17T17:57:04.285Z"
                },
                {
                    "id": "abcat0106004",
                    "name": "TV Mounts",
                    "createdAt": "2016-11-17T17:57:04.285Z",
                    "updatedAt": "2016-11-17T17:57:04.285Z"
                }
            ]
        },
        {
            "id": 1112839,
            "name": "Peerless - SmartMount Articulating Wall Arm for Most 37\" - 71\" Flat-Panel TVs - Extends 27-5/8\" - Black",
            "type": "HardGood",
            "price": 399.99,
            "upc": "735029271253",
            "shipping": 0,
            "description": "From our expanded online assortment; extends up to 27-5/8\"; one-touch tilt; 180&#176; motion; &#177;5&#176; of roll; landscape-to-portrait rotation; vertical and horizontal adjustment",
            "manufacturer": "Peerless",
            "model": "SA771PU",
            "url": "http://www.bestbuy.com/site/peerless-smartmount-articulating-wall-arm-for-most-37-71-flat-panel-tvs-extends-27-5-8-black/1112839.p?id=1218224065907&skuId=1112839&cmp=RMXCC",
            "image": "http://img.bbystatic.com/BestBuy_US/images/products/1112/1112839_rc.jpg",
            "createdAt": "2016-11-17T17:59:24.820Z",
            "updatedAt": "2016-11-17T17:59:24.820Z",
            "categories": [
                {
                    "id": "abcat0100000",
                    "name": "TV & Home Theater",
                    "createdAt": "2016-11-17T17:57:04.285Z",
                    "updatedAt": "2016-11-17T17:57:04.285Z"
                },
                {
                    "id": "abcat0106000",
                    "name": "TV Stands, Mounts & Furniture",
                    "createdAt": "2016-11-17T17:57:04.285Z",
                    "updatedAt": "2016-11-17T17:57:04.285Z"
                },
                {
                    "id": "abcat0106004",
                    "name": "TV Mounts",
                    "createdAt": "2016-11-17T17:57:04.285Z",
                    "updatedAt": "2016-11-17T17:57:04.285Z"
                }
            ]
        },
        {
            "id": 1112866,
            "name": "Peerless - SmartMount Tilt TV Wall Mount for Most 37\" - 63\" Flat-Panel TVs - Black",
            "type": "HardGood",
            "price": 88.99,
            "upc": "735029271277",
            "shipping": 0,
            "description": "From our expanded online assortment; designed for use with most 37\" - 63\" LCD and plasma flat-panel TVs; tilt function; horizontal screen adjustment; open wall plate; pre-tensioned universal screen adapters",
            "manufacturer": "Peerless",
            "model": "ST660P",
            "url": "http://www.bestbuy.com/site/peerless-smartmount-tilt-tv-wall-mount-for-most-37-63-flat-panel-tvs-black/1112866.p?id=1218224064928&skuId=1112866&cmp=RMXCC",
            "image": "http://img.bbystatic.com/BestBuy_US/images/products/1112/1112866_sa.jpg",
            "createdAt": "2016-11-17T17:59:24.820Z",
            "updatedAt": "2016-11-17T17:59:24.820Z",
            "categories": [
                {
                    "id": "abcat0100000",
                    "name": "TV & Home Theater",
                    "createdAt": "2016-11-17T17:57:04.285Z",
                    "updatedAt": "2016-11-17T17:57:04.285Z"
                },
                {
                    "id": "abcat0106000",
                    "name": "TV Stands, Mounts & Furniture",
                    "createdAt": "2016-11-17T17:57:04.285Z",
                    "updatedAt": "2016-11-17T17:57:04.285Z"
                },
                {
                    "id": "abcat0106004",
                    "name": "TV Mounts",
                    "createdAt": "2016-11-17T17:57:04.285Z",
                    "updatedAt": "2016-11-17T17:57:04.285Z"
                }
            ]
        }
    ]
}
]]></system-out>
  </testcase>
  <testcase name="testGetALlCategoriesSuccessfully" classname="apiTest.CategoriesAPiTest" time="0.574">
    <system-out><![CDATA[Request Log : 
__________________________________________
Request method:	GET
Request URI:	http://localhost:3030/categories
Proxy:			<none>
Request params:	<none>
Query params:	<none>
Form params:	<none>
Path params:	<none>
Headers:		Accept=*/*
				Content-Type=application/json
Cookies:		<none>
Multiparts:		<none>
Body:			<none>
Response Log :  
__________________________________________
{
    "total": 4310,
    "limit": 10,
    "skip": 0,
    "data": [
        {
            "id": "abcat0010000",
            "name": "Gift Ideas",
            "createdAt": "2016-11-17T17:57:04.285Z",
            "updatedAt": "2016-11-17T17:57:04.285Z",
            "subCategories": [
                {
                    "id": "abcat0020004",
                    "name": "Unique Gifts",
                    "createdAt": "2016-11-17T17:57:04.285Z",
                    "updatedAt": "2016-11-17T17:57:04.285Z"
                },
                {
                    "id": "pcmcat748300579354",
                    "name": "Family Gift Ideas",
                    "createdAt": "2016-11-17T17:57:04.899Z",
                    "updatedAt": "2016-11-17T17:57:04.899Z"
                },
                {
                    "id": "pcmcat748301108075",
                    "name": "Stocking Stuffers",
                    "createdAt": "2016-11-17T17:57:04.899Z",
                    "updatedAt": "2016-11-17T17:57:04.899Z"
                },
                {
                    "id": "pcmcat84000050000",
                    "name": "Weddings",
                    "createdAt": "2016-11-17T17:57:05.399Z",
                    "updatedAt": "2016-11-17T17:57:05.399Z"
                },
                {
                    "id": "pcmcat84000050001",
                    "name": "Anniversaries",
                    "createdAt": "2016-11-17T17:57:05.399Z",
                    "updatedAt": "2016-11-17T17:57:05.399Z"
                },
                {
                    "id": "pcmcat84000050002",
                    "name": "Business Gifts",
                    "createdAt": "2016-11-17T17:57:05.399Z",
                    "updatedAt": "2016-11-17T17:57:05.399Z"
                },
                {
                    "id": "pcmcat84000050004",
                    "name": "Baby Showers",
                    "createdAt": "2016-11-17T17:57:05.399Z",
                    "updatedAt": "2016-11-17T17:57:05.399Z"
                },
                {
                    "id": "pcmcat94300050028",
                    "name": "Birthdays",
                    "createdAt": "2016-11-17T17:57:05.399Z",
                    "updatedAt": "2016-11-17T17:57:05.399Z"
                }
            ],
            "categoryPath": [
                {
                    "id": "abcat0010000",
                    "name": "Gift Ideas",
                    "createdAt": "2016-11-17T17:57:04.285Z",
                    "updatedAt": "2016-11-17T17:57:04.285Z"
                }
            ]
        },
        {
            "id": "abcat0020001",
            "name": "Learning Toys",
            "createdAt": "2016-11-17T17:57:04.285Z",
            "updatedAt": "2016-11-17T17:57:04.285Z",
            "subCategories": [
                
            ],
            "categoryPath": [
                {
                    "id": "abcat0010000",
                    "name": "Gift Ideas",
                    "createdAt": "2016-11-17T17:57:04.285Z",
                    "updatedAt": "2016-11-17T17:57:04.285Z"
                },
                {
                    "id": "abcat0020001",
                    "name": "Learning Toys",
                    "createdAt": "2016-11-17T17:57:04.285Z",
                    "updatedAt": "2016-11-17T17:57:04.285Z"
                }
            ]
        },
        {
            "id": "abcat0020002",
            "name": "DVD Games",
            "createdAt": "2016-11-17T17:57:04.285Z",
            "updatedAt": "2016-11-17T17:57:04.285Z",
            "subCategories": [
                
            ],
            "categoryPath": [
                {
                    "id": "abcat0010000",
                    "name": "Gift Ideas",
                    "createdAt": "2016-11-17T17:57:04.285Z",
                    "updatedAt": "2016-11-17T17:57:04.285Z"
                },
                {
                    "id": "abcat0020002",
                    "name": "DVD Games",
                    "createdAt": "2016-11-17T17:57:04.285Z",
                    "updatedAt": "2016-11-17T17:57:04.285Z"
                }
            ]
        },
        {
            "id": "abcat0020004",
            "name": "Unique Gifts",
            "createdAt": "2016-11-17T17:57:04.285Z",
            "updatedAt": "2016-11-17T17:57:04.285Z",
            "subCategories": [
                
            ],
            "categoryPath": [
                {
                    "id": "abcat0010000",
                    "name": "Gift Ideas",
                    "createdAt": "2016-11-17T17:57:04.285Z",
                    "updatedAt": "2016-11-17T17:57:04.285Z"
                },
                {
                    "id": "abcat0020004",
                    "name": "Unique Gifts",
                    "createdAt": "2016-11-17T17:57:04.285Z",
                    "updatedAt": "2016-11-17T17:57:04.285Z"
                }
            ]
        },
        {
            "id": "abcat0100000",
            "name": "TV & Home Theater",
            "createdAt": "2016-11-17T17:57:04.285Z",
            "updatedAt": "2016-11-17T17:57:04.285Z",
            "subCategories": [
                {
                    "id": "abcat0101000",
                    "name": "TVs",
                    "createdAt": "2016-11-17T17:57:04.285Z",
                    "updatedAt": "2016-11-17T17:57:04.285Z"
                },
                {
                    "id": "abcat0102000",
                    "name": "Blu-ray & DVD Players",
                    "createdAt": "2016-11-17T17:57:04.285Z",
                    "updatedAt": "2016-11-17T17:57:04.285Z"
                },
                {
                    "id": "abcat0105000",
                    "name": "TV & Internet Service Providers",
                    "createdAt": "2016-11-17T17:57:04.285Z",
                    "updatedAt": "2016-11-17T17:57:04.285Z"
                },
                {
                    "id": "abcat0106000",
                    "name": "TV Stands, Mounts & Furniture",
                    "createdAt": "2016-11-17T17:57:04.285Z",
                    "updatedAt": "2016-11-17T17:57:04.285Z"
                },
                {
                    "id": "abcat0107000",
                    "name": "TV & Home Theater Accessories",
                    "createdAt": "2016-11-17T17:57:04.285Z",
                    "updatedAt": "2016-11-17T17:57:04.285Z"
                },
                {
                    "id": "abcat0203000",
                    "name": "Home Theater Systems",
                    "createdAt": "2016-11-17T17:57:04.285Z",
                    "updatedAt": "2016-11-17T17:57:04.285Z"
                },
                {
                    "id": "abcat0205007",
                    "name": "Sound Bars",
                    "createdAt": "2016-11-17T17:57:04.285Z",
                    "updatedAt": "2016-11-17T17:57:04.285Z"
                },
                {
                    "id": "pcmcat138100050024",
                    "name": "TV & Home Theater Services",
                    "createdAt": "2016-11-17T17:57:04.643Z",
                    "updatedAt": "2016-11-17T17:57:04.643Z"
                },
                {
                    "id": "pcmcat139900050002",
                    "name": "Magnolia Home Theater",
                    "createdAt": "2016-11-17T17:57:04.643Z",
                    "updatedAt": "2016-11-17T17:57:04.643Z"
                },
                {
                    "id": "pcmcat158900050008",
                    "name": "Projectors & Screens",
                    "createdAt": "2016-11-17T17:57:04.899Z",
                    "updatedAt": "2016-11-17T17:57:04.899Z"
                },
                {
                    "id": "pcmcat161100050040",
                    "name": "Streaming Media Players",
                    "createdAt": "2016-11-17T17:57:04.899Z",
                    "updatedAt": "2016-11-17T17:57:04.899Z"
                }
            ],
            "categoryPath": [
                {
                    "id": "abcat0100000",
                    "name": "TV & Home Theater",
                    "createdAt": "2016-11-17T17:57:04.285Z",
                    "updatedAt": "2016-11-17T17:57:04.285Z"
                }
            ]
        },
        {
            "id": "abcat0101000",
            "name": "TVs",
            "createdAt": "2016-11-17T17:57:04.285Z",
            "updatedAt": "2016-11-17T17:57:04.285Z",
            "subCategories": [
                {
                    "id": "abcat0101001",
                    "name": "All Flat-Panel TVs",
                    "createdAt": "2016-11-17T17:57:04.285Z",
                    "updatedAt": "2016-11-17T17:57:04.285Z"
                },
                {
                    "id": "abcat0107000",
                    "name": "TV & Home Theater Accessories",
                    "createdAt": "2016-11-17T17:57:04.285Z",
                    "updatedAt": "2016-11-17T17:57:04.285Z"
                },
                {
                    "id": "pcmcat138100050024",
                    "name": "TV & Home Theater Services",
                    "createdAt": "2016-11-17T17:57:04.643Z",
                    "updatedAt": "2016-11-17T17:57:04.643Z"
                },
                {
                    "id": "pcmcat193400050018",
                    "name": "LED TVs",
                    "createdAt": "2016-11-17T17:57:05.399Z",
                    "updatedAt": "2016-11-17T17:57:05.399Z"
                },
                {
                    "id": "pcmcat205800050000",
                    "name": "3D TVs",
                    "createdAt": "2016-11-17T17:57:05.399Z",
                    "updatedAt": "2016-11-17T17:57:05.399Z"
                },
                {
                    "id": "pcmcat220700050011",
                    "name": "Smart TVs",
                    "createdAt": "2016-11-17T17:57:05.399Z",
                    "updatedAt": "2016-11-17T17:57:05.399Z"
                },
                {
                    "id": "pcmcat301000050010",
                    "name": "OLED TVs",
                    "createdAt": "2016-11-17T17:57:04.285Z",
                    "updatedAt": "2016-11-17T17:57:04.285Z"
                },
                {
                    "id": "pcmcat333800050003",
                    "name": "4K Ultra HD TVs",
                    "createdAt": "2016-11-17T17:57:04.643Z",
                    "updatedAt": "2016-11-17T17:57:04.643Z"
                },
                {
                    "id": "pcmcat333800050004",
                    "name": "Curved TVs",
                    "createdAt": "2016-11-17T17:57:04.643Z",
                    "updatedAt": "2016-11-17T17:57:04.643Z"
                },
                {
                    "id": "pcmcat333800050005",
                    "name": "Outdoor TVs",
                    "createdAt": "2016-11-17T17:57:04.643Z",
                    "updatedAt": "2016-11-17T17:57:04.643Z"
                }
            ],
            "categoryPath": [
                {
                    "id": "abcat0100000",
                    "name": "TV & Home Theater",
                    "createdAt": "2016-11-17T17:57:04.285Z",
                    "updatedAt": "2016-11-17T17:57:04.285Z"
                },
                {
                    "id": "abcat0101000",
                    "name": "TVs",
                    "createdAt": "2016-11-17T17:57:04.285Z",
                    "updatedAt": "2016-11-17T17:57:04.285Z"
                }
            ]
        },
        {
            "id": "abcat0101001",
            "name": "All Flat-Panel TVs",
            "createdAt": "2016-11-17T17:57:04.285Z",
            "updatedAt": "2016-11-17T17:57:04.285Z",
            "subCategories": [
                {
                    "id": "pcmcat138100050024",
                    "name": "TV & Home Theater Services",
                    "createdAt": "2016-11-17T17:57:04.643Z",
                    "updatedAt": "2016-11-17T17:57:04.643Z"
                }
            ],
            "categoryPath": [
                {
                    "id": "abcat0100000",
                    "name": "TV & Home Theater",
                    "createdAt": "2016-11-17T17:57:04.285Z",
                    "updatedAt": "2016-11-17T17:57:04.285Z"
                },
                {
                    "id": "abcat0101000",
                    "name": "TVs",
                    "createdAt": "2016-11-17T17:57:04.285Z",
                    "updatedAt": "2016-11-17T17:57:04.285Z"
                },
                {
                    "id": "abcat0101001",
                    "name": "All Flat-Panel TVs",
                    "createdAt": "2016-11-17T17:57:04.285Z",
                    "updatedAt": "2016-11-17T17:57:04.285Z"
                }
            ]
        },
        {
            "id": "abcat0102000",
            "name": "Blu-ray & DVD Players",
            "createdAt": "2016-11-17T17:57:04.285Z",
            "updatedAt": "2016-11-17T17:57:04.285Z",
            "subCategories": [
                {
                    "id": "abcat0102003",
                    "name": "Blu-ray Players",
                    "createdAt": "2016-11-17T17:57:04.285Z",
                    "updatedAt": "2016-11-17T17:57:04.285Z"
                },
                {
                    "id": "abcat0102005",
                    "name": "DVD Players",
                    "createdAt": "2016-11-17T17:57:04.285Z",
                    "updatedAt": "2016-11-17T17:57:04.285Z"
                },
                {
                    "id": "abcat0102006",
                    "name": "DVD Recorders",
                    "createdAt": "2016-11-17T17:57:04.285Z",
                    "updatedAt": "2016-11-17T17:57:04.285Z"
                },
                {
                    "id": "abcat0102007",
                    "name": "DVD/VCR Combos",
                    "createdAt": "2016-11-17T17:57:04.285Z",
                    "updatedAt": "2016-11-17T17:57:04.285Z"
                },
                {
                    "id": "pcmcat219900050000",
                    "name": "Portable DVD Players & Accessories",
                    "createdAt": "2016-11-17T17:57:05.399Z",
                    "updatedAt": "2016-11-17T17:57:05.399Z"
                }
            ],
            "categoryPath": [
                {
                    "id": "abcat0100000",
                    "name": "TV & Home Theater",
                    "createdAt": "2016-11-17T17:57:04.285Z",
                    "updatedAt": "2016-11-17T17:57:04.285Z"
                },
                {
                    "id": "abcat0102000",
                    "name": "Blu-ray & DVD Players",
                    "createdAt": "2016-11-17T17:57:04.285Z",
                    "updatedAt": "2016-11-17T17:57:04.285Z"
                }
            ]
        },
        {
            "id": "abcat0102003",
            "name": "Blu-ray Players",
            "createdAt": "2016-11-17T17:57:04.285Z",
            "updatedAt": "2016-11-17T17:57:04.285Z",
            "subCategories": [
                {
                    "id": "pcmcat205900050012",
                    "name": "3D Blu-ray Players",
                    "createdAt": "2016-11-17T17:57:05.399Z",
                    "updatedAt": "2016-11-17T17:57:05.399Z"
                },
                {
                    "id": "pcmcat748301694302",
                    "name": "Streaming Blu-ray Players",
                    "createdAt": "2016-11-17T17:57:04.899Z",
                    "updatedAt": "2016-11-17T17:57:04.899Z"
                }
            ],
            "categoryPath": [
                {
                    "id": "abcat0100000",
                    "name": "TV & Home Theater",
                    "createdAt": "2016-11-17T17:57:04.285Z",
                    "updatedAt": "2016-11-17T17:57:04.285Z"
                },
                {
                    "id": "abcat0102000",
                    "name": "Blu-ray & DVD Players",
                    "createdAt": "2016-11-17T17:57:04.285Z",
                    "updatedAt": "2016-11-17T17:57:04.285Z"
                },
                {
                    "id": "abcat0102003",
                    "name": "Blu-ray Players",
                    "createdAt": "2016-11-17T17:57:04.285Z",
                    "updatedAt": "2016-11-17T17:57:04.285Z"
                }
            ]
        },
        {
            "id": "abcat0102005",
            "name": "DVD Players",
            "createdAt": "2016-11-17T17:57:04.285Z",
            "updatedAt": "2016-11-17T17:57:04.285Z",
            "subCategories": [
                {
                    "id": "pcmcat138100050024",
                    "name": "TV & Home Theater Services",
                    "createdAt": "2016-11-17T17:57:04.643Z",
                    "updatedAt": "2016-11-17T17:57:04.643Z"
                }
            ],
            "categoryPath": [
                {
                    "id": "abcat0100000",
                    "name": "TV & Home Theater",
                    "createdAt": "2016-11-17T17:57:04.285Z",
                    "updatedAt": "2016-11-17T17:57:04.285Z"
                },
                {
                    "id": "abcat0102000",
                    "name": "Blu-ray & DVD Players",
                    "createdAt": "2016-11-17T17:57:04.285Z",
                    "updatedAt": "2016-11-17T17:57:04.285Z"
                },
                {
                    "id": "abcat0102005",
                    "name": "DVD Players",
                    "createdAt": "2016-11-17T17:57:04.285Z",
                    "updatedAt": "2016-11-17T17:57:04.285Z"
                }
            ]
        }
    ]
}
abcat0010000
]]></system-out>
  </testcase>
  <testcase name="testAddCategorySuccessfully" classname="apiTest.CategoriesAPiTest" time="0.02">
    <system-out><![CDATA[Request Log : 
__________________________________________
Request method:	POST
Request URI:	http://localhost:3030/categories
Proxy:			<none>
Request params:	<none>
Query params:	<none>
Form params:	<none>
Path params:	<none>
Headers:		Accept=application/json
				Content-Type=application/json
Cookies:		<none>
Multiparts:		<none>
Body:
{
    "name": "test names v",
    "id": "test ids v"
}
Response Log :  
__________________________________________
{
    "name": "test names v",
    "id": "test ids v",
    "updatedAt": "2022-02-03T04:46:51.905Z",
    "createdAt": "2022-02-03T04:46:51.905Z"
}
]]></system-out>
  </testcase>
  <testcase name="testFindCategoryByIdSuccessfully" classname="apiTest.CategoriesAPiTest" time="0.02">
    <system-out><![CDATA[Request Log : 
__________________________________________
Request method:	GET
Request URI:	http://localhost:3030/categories/test%20ids%20v
Proxy:			<none>
Request params:	<none>
Query params:	<none>
Form params:	<none>
Path params:	<none>
Headers:		Accept=*/*
				Content-Type=application/json
Cookies:		<none>
Multiparts:		<none>
Body:			<none>
Response Log :  
__________________________________________
{
    "id": "test ids v",
    "name": "test names v",
    "createdAt": "2022-02-03T04:46:51.905Z",
    "updatedAt": "2022-02-03T04:46:51.905Z",
    "subCategories": [
        
    ],
    "categoryPath": [
        
    ]
}
]]></system-out>
  </testcase>
  <testcase name="testUpdateCategorySuccessfully" classname="apiTest.CategoriesAPiTest" time="0.023">
    <system-out><![CDATA[Request Log : 
__________________________________________
Request method:	PATCH
Request URI:	http://localhost:3030/categories/test%20ids%20v
Proxy:			<none>
Request params:	<none>
Query params:	<none>
Form params:	<none>
Path params:	<none>
Headers:		Accept=*/*
				Content-Type=application/json
Cookies:		<none>
Multiparts:		<none>
Body:
{
    "name": "Updated Category Name Value"
}
Response Log :  
__________________________________________
{
    "id": "test ids v",
    "name": "Updated Category Name Value",
    "createdAt": "2022-02-03T04:46:51.905Z",
    "updatedAt": "2022-02-03T04:46:51.972Z"
}
]]></system-out>
  </testcase>
  <testcase name="testDeleteCategorySuccessfully" classname="apiTest.CategoriesAPiTest" time="0.02">
    <system-out><![CDATA[Request Log : 
__________________________________________
Request method:	DELETE
Request URI:	http://localhost:3030/categories/test%20ids%20v
Proxy:			<none>
Request params:	<none>
Query params:	<none>
Form params:	<none>
Path params:	<none>
Headers:		Accept=*/*
				Content-Type=application/json
Cookies:		<none>
Multiparts:		<none>
Body:			<none>
Response Log :  
__________________________________________
{
    "id": "test ids v",
    "name": "Updated Category Name Value",
    "createdAt": "2022-02-03T04:46:51.905Z",
    "updatedAt": "2022-02-03T04:46:51.972Z"
}
]]></system-out>
  </testcase>
  <testcase name="TestGetAllServices" classname="apiTest.ServicesAPiTest" time="0.075">
    <system-out><![CDATA[Request Log : 
__________________________________________
Request method:	GET
Request URI:	http://localhost:3030/services
Proxy:			<none>
Request params:	<none>
Query params:	<none>
Form params:	<none>
Path params:	<none>
Headers:		Accept=*/*
				Content-Type=application/json
Cookies:		<none>
Multiparts:		<none>
Body:			<none>
Response Log :  
__________________________________________
{
    "total": 21,
    "limit": 10,
    "skip": 0,
    "data": [
        {
            "id": 1,
            "name": "Geek Squad Services",
            "createdAt": "2016-11-17T17:56:35.881Z",
            "updatedAt": "2016-11-17T17:56:35.881Z"
        },
        {
            "id": 2,
            "name": "Best Buy Mobile",
            "createdAt": "2016-11-17T17:56:35.881Z",
            "updatedAt": "2016-11-17T17:56:35.881Z"
        },
        {
            "id": 3,
            "name": "Best Buy For Business",
            "createdAt": "2016-11-17T17:56:35.881Z",
            "updatedAt": "2016-11-17T17:56:35.881Z"
        },
        {
            "id": 4,
            "name": "Apple Shop",
            "createdAt": "2016-11-17T17:56:35.881Z",
            "updatedAt": "2016-11-17T17:56:35.881Z"
        },
        {
            "id": 5,
            "name": "Hablamos Español",
            "createdAt": "2016-11-17T17:56:35.881Z",
            "updatedAt": "2016-11-17T17:56:35.881Z"
        },
        {
            "id": 6,
            "name": "Camera Experience Shop ",
            "createdAt": "2016-11-17T17:56:35.881Z",
            "updatedAt": "2016-11-17T17:56:35.881Z"
        },
        {
            "id": 7,
            "name": "Electronics Recycling",
            "createdAt": "2016-11-17T17:56:35.881Z",
            "updatedAt": "2016-11-17T17:56:35.881Z"
        },
        {
            "id": 8,
            "name": "Magnolia Home Theater",
            "createdAt": "2016-11-17T17:56:35.881Z",
            "updatedAt": "2016-11-17T17:56:35.881Z"
        },
        {
            "id": 9,
            "name": "Samsung Experience Shop",
            "createdAt": "2016-11-17T17:56:35.881Z",
            "updatedAt": "2016-11-17T17:56:35.881Z"
        },
        {
            "id": 10,
            "name": "Windows Store",
            "createdAt": "2016-11-17T17:56:35.881Z",
            "updatedAt": "2016-11-17T17:56:35.881Z"
        }
    ]
}
1
]]></system-out>
  </testcase>
  <testcase name="addServices" classname="apiTest.ServicesAPiTest" time="0.019">
    <system-out><![CDATA[Request Log : 
__________________________________________
Request method:	POST
Request URI:	http://localhost:3030/services
Proxy:			<none>
Request params:	<none>
Query params:	<none>
Form params:	<none>
Path params:	<none>
Headers:		Accept=application/json
				Content-Type=application/json
Cookies:		<none>
Multiparts:		<none>
Body:
{
    "name": "apiTest"
}
Response Log :  
__________________________________________
{
    "id": 54,
    "name": "apiTest",
    "updatedAt": "2022-02-03T04:46:52.455Z",
    "createdAt": "2022-02-03T04:46:52.455Z"
}
]]></system-out>
  </testcase>
  <testcase name="TestServicesAppears" classname="apiTest.ServicesAPiTest" time="0.018">
    <system-out><![CDATA[Request Log : 
__________________________________________
Request method:	GET
Request URI:	http://localhost:3030/services/54
Proxy:			<none>
Request params:	<none>
Query params:	<none>
Form params:	<none>
Path params:	<none>
Headers:		Accept=*/*
				Content-Type=application/json
Cookies:		<none>
Multiparts:		<none>
Body:			<none>
Response Log :  
__________________________________________
{
    "id": 54,
    "name": "apiTest",
    "createdAt": "2022-02-03T04:46:52.455Z",
    "updatedAt": "2022-02-03T04:46:52.455Z"
}
]]></system-out>
  </testcase>
  <testcase name="TestUpdateServicesDetails" classname="apiTest.ServicesAPiTest" time="0.023">
    <system-out><![CDATA[Request Log : 
__________________________________________
Request method:	PATCH
Request URI:	http://localhost:3030/services/54
Proxy:			<none>
Request params:	<none>
Query params:	<none>
Form params:	<none>
Path params:	<none>
Headers:		Accept=*/*
				Content-Type=application/json
Cookies:		<none>
Multiparts:		<none>
Body:
{
    "name": "Updated Store Name Value",
    "type": "Updated Store type value"
}
Response Log :  
__________________________________________
{
    "id": 54,
    "name": "Updated Store Name Value",
    "createdAt": "2022-02-03T04:46:52.455Z",
    "updatedAt": "2022-02-03T04:46:52.486Z"
}
]]></system-out>
  </testcase>
  <testcase name="deleteServices" classname="apiTest.ServicesAPiTest" time="0.018">
    <system-out><![CDATA[Request Log : 
__________________________________________
Request method:	DELETE
Request URI:	http://localhost:3030/services/54
Proxy:			<none>
Request params:	<none>
Query params:	<none>
Form params:	<none>
Path params:	<none>
Headers:		Accept=*/*
				Content-Type=application/json
Cookies:		<none>
Multiparts:		<none>
Body:			<none>
Response Log :  
__________________________________________
{
    "id": 54,
    "name": "Updated Store Name Value",
    "createdAt": "2022-02-03T04:46:52.455Z",
    "updatedAt": "2022-02-03T04:46:52.486Z"
}
54
]]></system-out>
  </testcase>
  <testcase name="testGetAllStoresSuccessfully" classname="apiTest.StoresAPiTest" time="2.848">
    <system-out><![CDATA[Request Log : 
__________________________________________
Request method:	GET
Request URI:	http://localhost:3030/stores
Proxy:			<none>
Request params:	<none>
Query params:	<none>
Form params:	<none>
Path params:	<none>
Headers:		Accept=*/*
				Content-Type=application/json
Cookies:		<none>
Multiparts:		<none>
Body:			<none>
Response Log :  
__________________________________________
{
    "total": 1571,
    "limit": 10,
    "skip": 0,
    "data": [
        {
            "id": 4,
            "name": "Minnetonka",
            "type": "BigBox",
            "address": "13513 Ridgedale Dr",
            "address2": "",
            "city": "Hopkins",
            "state": "MN",
            "zip": "55305",
            "lat": 44.969658,
            "lng": -93.449539,
            "hours": "Mon: 10-9; Tue: 10-9; Wed: 10-9; Thurs: 10-9; Fri: 10-9; Sat: 10-9; Sun: 10-8",
            "createdAt": "2016-11-17T17:57:05.708Z",
            "updatedAt": "2016-11-17T17:57:05.708Z",
            "services": [
                {
                    "id": 1,
                    "name": "Geek Squad Services",
                    "createdAt": "2016-11-17T17:56:35.881Z",
                    "updatedAt": "2016-11-17T17:56:35.881Z",
                    "storeservices": {
                        "createdAt": "2016-11-17T17:57:09.213Z",
                        "updatedAt": "2016-11-17T17:57:09.213Z",
                        "storeId": 4,
                        "serviceId": 1
                    }
                },
                {
                    "id": 2,
                    "name": "Best Buy Mobile",
                    "createdAt": "2016-11-17T17:56:35.881Z",
                    "updatedAt": "2016-11-17T17:56:35.881Z",
                    "storeservices": {
                        "createdAt": "2016-11-17T17:57:09.213Z",
                        "updatedAt": "2016-11-17T17:57:09.213Z",
                        "storeId": 4,
                        "serviceId": 2
                    }
                },
                {
                    "id": 3,
                    "name": "Best Buy For Business",
                    "createdAt": "2016-11-17T17:56:35.881Z",
                    "updatedAt": "2016-11-17T17:56:35.881Z",
                    "storeservices": {
                        "createdAt": "2016-11-17T17:57:09.213Z",
                        "updatedAt": "2016-11-17T17:57:09.213Z",
                        "storeId": 4,
                        "serviceId": 3
                    }
                },
                {
                    "id": 4,
                    "name": "Apple Shop",
                    "createdAt": "2016-11-17T17:56:35.881Z",
                    "updatedAt": "2016-11-17T17:56:35.881Z",
                    "storeservices": {
                        "createdAt": "2016-11-17T17:57:09.213Z",
                        "updatedAt": "2016-11-17T17:57:09.213Z",
                        "storeId": 4,
                        "serviceId": 4
                    }
                },
                {
                    "id": 7,
                    "name": "Electronics Recycling",
                    "createdAt": "2016-11-17T17:56:35.881Z",
                    "updatedAt": "2016-11-17T17:56:35.881Z",
                    "storeservices": {
                        "createdAt": "2016-11-17T17:57:09.213Z",
                        "updatedAt": "2016-11-17T17:57:09.213Z",
                        "storeId": 4,
                        "serviceId": 7
                    }
                },
                {
                    "id": 10,
                    "name": "Windows Store",
                    "createdAt": "2016-11-17T17:56:35.881Z",
                    "updatedAt": "2016-11-17T17:56:35.881Z",
                    "storeservices": {
                        "createdAt": "2016-11-17T17:57:09.213Z",
                        "updatedAt": "2016-11-17T17:57:09.213Z",
                        "storeId": 4,
                        "serviceId": 10
                    }
                },
                {
                    "id": 11,
                    "name": "Samsung Experience",
                    "createdAt": "2016-11-17T17:56:35.881Z",
                    "updatedAt": "2016-11-17T17:56:35.881Z",
                    "storeservices": {
                        "createdAt": "2016-11-17T17:57:09.213Z",
                        "updatedAt": "2016-11-17T17:57:09.213Z",
                        "storeId": 4,
                        "serviceId": 11
                    }
                },
                {
                    "id": 12,
                    "name": "Car & GPS Installation Services",
                    "createdAt": "2016-11-17T17:56:35.881Z",
                    "updatedAt": "2016-11-17T17:56:35.881Z",
                    "storeservices": {
                        "createdAt": "2016-11-17T17:57:09.213Z",
                        "updatedAt": "2016-11-17T17:57:09.213Z",
                        "storeId": 4,
                        "serviceId": 12
                    }
                },
                {
                    "id": 13,
                    "name": "LG Experience ",
                    "createdAt": "2016-11-17T17:56:35.881Z",
                    "updatedAt": "2016-11-17T17:56:35.881Z",
                    "storeservices": {
                        "createdAt": "2016-11-17T17:57:09.213Z",
                        "updatedAt": "2016-11-17T17:57:09.213Z",
                        "storeId": 4,
                        "serviceId": 13
                    }
                },
                {
                    "id": 14,
                    "name": "Sony Experience ",
                    "createdAt": "2016-11-17T17:56:35.881Z",
                    "updatedAt": "2016-11-17T17:56:35.881Z",
                    "storeservices": {
                        "createdAt": "2016-11-17T17:57:09.213Z",
                        "updatedAt": "2016-11-17T17:57:09.213Z",
                        "storeId": 4,
                        "serviceId": 14
                    }
                },
                {
                    "id": 15,
                    "name": "Best Buy Marine Powered by Geek Squad",
                    "createdAt": "2016-11-17T17:56:35.881Z",
                    "updatedAt": "2016-11-17T17:56:35.881Z",
                    "storeservices": {
                        "createdAt": "2016-11-17T17:57:09.213Z",
                        "updatedAt": "2016-11-17T17:57:09.213Z",
                        "storeId": 4,
                        "serviceId": 15
                    }
                },
                {
                    "id": 17,
                    "name": "Magnolia Design Center ",
                    "createdAt": "2016-11-17T17:56:35.881Z",
                    "updatedAt": "2016-11-17T17:56:35.881Z",
                    "storeservices": {
                        "createdAt": "2016-11-17T17:57:09.213Z",
                        "updatedAt": "2016-11-17T17:57:09.213Z",
                        "storeId": 4,
                        "serviceId": 17
                    }
                },
                {
                    "id": 18,
                    "name": "Geek Squad Solution Central",
                    "createdAt": "2016-11-17T17:56:35.881Z",
                    "updatedAt": "2016-11-17T17:56:35.881Z",
                    "storeservices": {
                        "createdAt": "2016-11-17T17:57:09.213Z",
                        "updatedAt": "2016-11-17T17:57:09.213Z",
                        "storeId": 4,
                        "serviceId": 18
                    }
                },
                {
                    "id": 19,
                    "name": "Pacific Kitchen & Home",
                    "createdAt": "2016-11-17T17:56:35.881Z",
                    "updatedAt": "2016-11-17T17:56:35.881Z",
                    "storeservices": {
                        "createdAt": "2016-11-17T17:57:09.213Z",
                        "updatedAt": "2016-11-17T17:57:09.213Z",
                        "storeId": 4,
                        "serviceId": 19
                    }
                }
            ]
        },
        {
            "id": 6,
            "name": "Inver Grove Heights",
            "type": "BigBox",
            "address": "1350 50th Street E",
            "address2": "",
            "city": "Inver Grove Heights",
            "state": "MN",
            "zip": "55077",
            "lat": 44.879314,
            "lng": -93.077156,
            "hours": "Mon: 10-9; Tue: 10-9; Wed: 10-9; Thurs: 10-9; Fri: 10-9; Sat: 10-9; Sun: 10-8",
            "createdAt": "2016-11-17T17:57:05.831Z",
            "updatedAt": "2016-11-17T17:57:05.831Z",
            "services": [
                {
                    "id": 1,
                    "name": "Geek Squad Services",
                    "createdAt": "2016-11-17T17:56:35.881Z",
                    "updatedAt": "2016-11-17T17:56:35.881Z",
                    "storeservices": {
                        "createdAt": "2016-11-17T17:57:09.414Z",
                        "updatedAt": "2016-11-17T17:57:09.414Z",
                        "storeId": 6,
                        "serviceId": 1
                    }
                },
                {
                    "id": 2,
                    "name": "Best Buy Mobile",
                    "createdAt": "2016-11-17T17:56:35.881Z",
                    "updatedAt": "2016-11-17T17:56:35.881Z",
                    "storeservices": {
                        "createdAt": "2016-11-17T17:57:09.414Z",
                        "updatedAt": "2016-11-17T17:57:09.414Z",
                        "storeId": 6,
                        "serviceId": 2
                    }
                },
                {
                    "id": 3,
                    "name": "Best Buy For Business",
                    "createdAt": "2016-11-17T17:56:35.881Z",
                    "updatedAt": "2016-11-17T17:56:35.881Z",
                    "storeservices": {
                        "createdAt": "2016-11-17T17:57:09.414Z",
                        "updatedAt": "2016-11-17T17:57:09.414Z",
                        "storeId": 6,
                        "serviceId": 3
                    }
                },
                {
                    "id": 4,
                    "name": "Apple Shop",
                    "createdAt": "2016-11-17T17:56:35.881Z",
                    "updatedAt": "2016-11-17T17:56:35.881Z",
                    "storeservices": {
                        "createdAt": "2016-11-17T17:57:09.414Z",
                        "updatedAt": "2016-11-17T17:57:09.414Z",
                        "storeId": 6,
                        "serviceId": 4
                    }
                },
                {
                    "id": 5,
                    "name": "Hablamos Español",
                    "createdAt": "2016-11-17T17:56:35.881Z",
                    "updatedAt": "2016-11-17T17:56:35.881Z",
                    "storeservices": {
                        "createdAt": "2016-11-17T17:57:09.414Z",
                        "updatedAt": "2016-11-17T17:57:09.414Z",
                        "storeId": 6,
                        "serviceId": 5
                    }
                },
                {
                    "id": 7,
                    "name": "Electronics Recycling",
                    "createdAt": "2016-11-17T17:56:35.881Z",
                    "updatedAt": "2016-11-17T17:56:35.881Z",
                    "storeservices": {
                        "createdAt": "2016-11-17T17:57:09.414Z",
                        "updatedAt": "2016-11-17T17:57:09.414Z",
                        "storeId": 6,
                        "serviceId": 7
                    }
                },
                {
                    "id": 9,
                    "name": "Samsung Experience Shop",
                    "createdAt": "2016-11-17T17:56:35.881Z",
                    "updatedAt": "2016-11-17T17:56:35.881Z",
                    "storeservices": {
                        "createdAt": "2016-11-17T17:57:09.414Z",
                        "updatedAt": "2016-11-17T17:57:09.414Z",
                        "storeId": 6,
                        "serviceId": 9
                    }
                },
                {
                    "id": 10,
                    "name": "Windows Store",
                    "createdAt": "2016-11-17T17:56:35.881Z",
                    "updatedAt": "2016-11-17T17:56:35.881Z",
                    "storeservices": {
                        "createdAt": "2016-11-17T17:57:09.414Z",
                        "updatedAt": "2016-11-17T17:57:09.414Z",
                        "storeId": 6,
                        "serviceId": 10
                    }
                },
                {
                    "id": 12,
                    "name": "Car & GPS Installation Services",
                    "createdAt": "2016-11-17T17:56:35.881Z",
                    "updatedAt": "2016-11-17T17:56:35.881Z",
                    "storeservices": {
                        "createdAt": "2016-11-17T17:57:09.414Z",
                        "updatedAt": "2016-11-17T17:57:09.414Z",
                        "storeId": 6,
                        "serviceId": 12
                    }
                },
                {
                    "id": 18,
                    "name": "Geek Squad Solution Central",
                    "createdAt": "2016-11-17T17:56:35.881Z",
                    "updatedAt": "2016-11-17T17:56:35.881Z",
                    "storeservices": {
                        "createdAt": "2016-11-17T17:57:09.414Z",
                        "updatedAt": "2016-11-17T17:57:09.414Z",
                        "storeId": 6,
                        "serviceId": 18
                    }
                }
            ]
        },
        {
            "id": 7,
            "name": "Roseville",
            "type": "BigBox",
            "address": "1643 County Road B2",
            "address2": "",
            "city": "Roseville",
            "state": "MN",
            "zip": "55113",
            "lat": 45.01651,
            "lng": -93.168518,
            "hours": "Mon: 10-9; Tue: 10-9; Wed: 10-9; Thurs: 10-9; Fri: 10-9; Sat: 10-9; Sun: 10-8",
            "createdAt": "2016-11-17T17:57:05.853Z",
            "updatedAt": "2016-11-17T17:57:05.853Z",
            "services": [
                {
                    "id": 1,
                    "name": "Geek Squad Services",
                    "createdAt": "2016-11-17T17:56:35.881Z",
                    "updatedAt": "2016-11-17T17:56:35.881Z",
                    "storeservices": {
                        "createdAt": "2016-11-17T17:57:09.417Z",
                        "updatedAt": "2016-11-17T17:57:09.417Z",
                        "storeId": 7,
                        "serviceId": 1
                    }
                },
                {
                    "id": 2,
                    "name": "Best Buy Mobile",
                    "createdAt": "2016-11-17T17:56:35.881Z",
                    "updatedAt": "2016-11-17T17:56:35.881Z",
                    "storeservices": {
                        "createdAt": "2016-11-17T17:57:09.417Z",
                        "updatedAt": "2016-11-17T17:57:09.417Z",
                        "storeId": 7,
                        "serviceId": 2
                    }
                },
                {
                    "id": 3,
                    "name": "Best Buy For Business",
                    "createdAt": "2016-11-17T17:56:35.881Z",
                    "updatedAt": "2016-11-17T17:56:35.881Z",
                    "storeservices": {
                        "createdAt": "2016-11-17T17:57:09.417Z",
                        "updatedAt": "2016-11-17T17:57:09.417Z",
                        "storeId": 7,
                        "serviceId": 3
                    }
                },
                {
                    "id": 4,
                    "name": "Apple Shop",
                    "createdAt": "2016-11-17T17:56:35.881Z",
                    "updatedAt": "2016-11-17T17:56:35.881Z",
                    "storeservices": {
                        "createdAt": "2016-11-17T17:57:09.417Z",
                        "updatedAt": "2016-11-17T17:57:09.417Z",
                        "storeId": 7,
                        "serviceId": 4
                    }
                },
                {
                    "id": 5,
                    "name": "Hablamos Español",
                    "createdAt": "2016-11-17T17:56:35.881Z",
                    "updatedAt": "2016-11-17T17:56:35.881Z",
                    "storeservices": {
                        "createdAt": "2016-11-17T17:57:09.417Z",
                        "updatedAt": "2016-11-17T17:57:09.417Z",
                        "storeId": 7,
                        "serviceId": 5
                    }
                },
                {
                    "id": 6,
                    "name": "Camera Experience Shop ",
                    "createdAt": "2016-11-17T17:56:35.881Z",
                    "updatedAt": "2016-11-17T17:56:35.881Z",
                    "storeservices": {
                        "createdAt": "2016-11-17T17:57:09.417Z",
                        "updatedAt": "2016-11-17T17:57:09.417Z",
                        "storeId": 7,
                        "serviceId": 6
                    }
                },
                {
                    "id": 7,
                    "name": "Electronics Recycling",
                    "createdAt": "2016-11-17T17:56:35.881Z",
                    "updatedAt": "2016-11-17T17:56:35.881Z",
                    "storeservices": {
                        "createdAt": "2016-11-17T17:57:09.417Z",
                        "updatedAt": "2016-11-17T17:57:09.417Z",
                        "storeId": 7,
                        "serviceId": 7
                    }
                },
                {
                    "id": 8,
                    "name": "Magnolia Home Theater",
                    "createdAt": "2016-11-17T17:56:35.881Z",
                    "updatedAt": "2016-11-17T17:56:35.881Z",
                    "storeservices": {
                        "createdAt": "2016-11-17T17:57:09.417Z",
                        "updatedAt": "2016-11-17T17:57:09.417Z",
                        "storeId": 7,
                        "serviceId": 8
                    }
                },
                {
                    "id": 10,
                    "name": "Windows Store",
                    "createdAt": "2016-11-17T17:56:35.881Z",
                    "updatedAt": "2016-11-17T17:56:35.881Z",
                    "storeservices": {
                        "createdAt": "2016-11-17T17:57:09.417Z",
                        "updatedAt": "2016-11-17T17:57:09.417Z",
                        "storeId": 7,
                        "serviceId": 10
                    }
                },
                {
                    "id": 11,
                    "name": "Samsung Experience",
                    "createdAt": "2016-11-17T17:56:35.881Z",
                    "updatedAt": "2016-11-17T17:56:35.881Z",
                    "storeservices": {
                        "createdAt": "2016-11-17T17:57:09.417Z",
                        "updatedAt": "2016-11-17T17:57:09.417Z",
                        "storeId": 7,
                        "serviceId": 11
                    }
                },
                {
                    "id": 12,
                    "name": "Car & GPS Installation Services",
                    "createdAt": "2016-11-17T17:56:35.881Z",
                    "updatedAt": "2016-11-17T17:56:35.881Z",
                    "storeservices": {
                        "createdAt": "2016-11-17T17:57:09.417Z",
                        "updatedAt": "2016-11-17T17:57:09.417Z",
                        "storeId": 7,
                        "serviceId": 12
                    }
                },
                {
                    "id": 15,
                    "name": "Best Buy Marine Powered by Geek Squad",
                    "createdAt": "2016-11-17T17:56:35.881Z",
                    "updatedAt": "2016-11-17T17:56:35.881Z",
                    "storeservices": {
                        "createdAt": "2016-11-17T17:57:09.417Z",
                        "updatedAt": "2016-11-17T17:57:09.417Z",
                        "storeId": 7,
                        "serviceId": 15
                    }
                },
                {
                    "id": 18,
                    "name": "Geek Squad Solution Central",
                    "createdAt": "2016-11-17T17:56:35.881Z",
                    "updatedAt": "2016-11-17T17:56:35.881Z",
                    "storeservices": {
                        "createdAt": "2016-11-17T17:57:09.417Z",
                        "updatedAt": "2016-11-17T17:57:09.417Z",
                        "storeId": 7,
                        "serviceId": 18
                    }
                },
                {
                    "id": 19,
                    "name": "Pacific Kitchen & Home",
                    "createdAt": "2016-11-17T17:56:35.881Z",
                    "updatedAt": "2016-11-17T17:56:35.881Z",
                    "storeservices": {
                        "createdAt": "2016-11-17T17:57:09.417Z",
                        "updatedAt": "2016-11-17T17:57:09.417Z",
                        "storeId": 7,
                        "serviceId": 19
                    }
                }
            ]
        },
        {
            "id": 8,
            "name": "Burnsville",
            "type": "BigBox",
            "address": "14141 Aldrich Ave S",
            "address2": "",
            "city": "Burnsville",
            "state": "MN",
            "zip": "55337",
            "lat": 44.747404,
            "lng": -93.288039,
            "hours": "Mon: 10-9; Tue: 10-9; Wed: 10-9; Thurs: 10-9; Fri: 10-9; Sat: 10-9; Sun: 10-8",
            "createdAt": "2016-11-17T17:57:06.108Z",
            "updatedAt": "2016-11-17T17:57:06.108Z",
            "services": [
                {
                    "id": 1,
                    "name": "Geek Squad Services",
                    "createdAt": "2016-11-17T17:56:35.881Z",
                    "updatedAt": "2016-11-17T17:56:35.881Z",
                    "storeservices": {
                        "createdAt": "2016-11-17T17:57:09.595Z",
                        "updatedAt": "2016-11-17T17:57:09.595Z",
                        "storeId": 8,
                        "serviceId": 1
                    }
                },
                {
                    "id": 2,
                    "name": "Best Buy Mobile",
                    "createdAt": "2016-11-17T17:56:35.881Z",
                    "updatedAt": "2016-11-17T17:56:35.881Z",
                    "storeservices": {
                        "createdAt": "2016-11-17T17:57:09.595Z",
                        "updatedAt": "2016-11-17T17:57:09.595Z",
                        "storeId": 8,
                        "serviceId": 2
                    }
                },
                {
                    "id": 3,
                    "name": "Best Buy For Business",
                    "createdAt": "2016-11-17T17:56:35.881Z",
                    "updatedAt": "2016-11-17T17:56:35.881Z",
                    "storeservices": {
                        "createdAt": "2016-11-17T17:57:09.595Z",
                        "updatedAt": "2016-11-17T17:57:09.595Z",
                        "storeId": 8,
                        "serviceId": 3
                    }
                },
                {
                    "id": 4,
                    "name": "Apple Shop",
                    "createdAt": "2016-11-17T17:56:35.881Z",
                    "updatedAt": "2016-11-17T17:56:35.881Z",
                    "storeservices": {
                        "createdAt": "2016-11-17T17:57:09.595Z",
                        "updatedAt": "2016-11-17T17:57:09.595Z",
                        "storeId": 8,
                        "serviceId": 4
                    }
                },
                {
                    "id": 7,
                    "name": "Electronics Recycling",
                    "createdAt": "2016-11-17T17:56:35.881Z",
                    "updatedAt": "2016-11-17T17:56:35.881Z",
                    "storeservices": {
                        "createdAt": "2016-11-17T17:57:09.595Z",
                        "updatedAt": "2016-11-17T17:57:09.595Z",
                        "storeId": 8,
                        "serviceId": 7
                    }
                },
                {
                    "id": 9,
                    "name": "Samsung Experience Shop",
                    "createdAt": "2016-11-17T17:56:35.881Z",
                    "updatedAt": "2016-11-17T17:56:35.881Z",
                    "storeservices": {
                        "createdAt": "2016-11-17T17:57:09.595Z",
                        "updatedAt": "2016-11-17T17:57:09.595Z",
                        "storeId": 8,
                        "serviceId": 9
                    }
                },
                {
                    "id": 18,
                    "name": "Geek Squad Solution Central",
                    "createdAt": "2016-11-17T17:56:35.881Z",
                    "updatedAt": "2016-11-17T17:56:35.881Z",
                    "storeservices": {
                        "createdAt": "2016-11-17T17:57:09.595Z",
                        "updatedAt": "2016-11-17T17:57:09.595Z",
                        "storeId": 8,
                        "serviceId": 18
                    }
                }
            ]
        },
        {
            "id": 10,
            "name": "Maplewood",
            "type": "BigBox",
            "address": "1795 County Rd D E",
            "address2": "",
            "city": "Maplewood",
            "state": "MN",
            "zip": "55109",
            "lat": 45.036556,
            "lng": -93.025986,
            "hours": "Mon: 10-9; Tue: 10-9; Wed: 10-9; Thurs: 10-9; Fri: 10-9; Sat: 10-9; Sun: 10-8",
            "createdAt": "2016-11-17T17:57:04.414Z",
            "updatedAt": "2016-11-17T17:57:04.414Z",
            "services": [
                {
                    "id": 1,
                    "name": "Geek Squad Services",
                    "createdAt": "2016-11-17T17:56:35.881Z",
                    "updatedAt": "2016-11-17T17:56:35.881Z",
                    "storeservices": {
                        "createdAt": "2016-11-17T17:57:08.033Z",
                        "updatedAt": "2016-11-17T17:57:08.033Z",
                        "storeId": 10,
                        "serviceId": 1
                    }
                },
                {
                    "id": 2,
                    "name": "Best Buy Mobile",
                    "createdAt": "2016-11-17T17:56:35.881Z",
                    "updatedAt": "2016-11-17T17:56:35.881Z",
                    "storeservices": {
                        "createdAt": "2016-11-17T17:57:08.033Z",
                        "updatedAt": "2016-11-17T17:57:08.033Z",
                        "storeId": 10,
                        "serviceId": 2
                    }
                },
                {
                    "id": 3,
                    "name": "Best Buy For Business",
                    "createdAt": "2016-11-17T17:56:35.881Z",
                    "updatedAt": "2016-11-17T17:56:35.881Z",
                    "storeservices": {
                        "createdAt": "2016-11-17T17:57:08.033Z",
                        "updatedAt": "2016-11-17T17:57:08.033Z",
                        "storeId": 10,
                        "serviceId": 3
                    }
                },
                {
                    "id": 4,
                    "name": "Apple Shop",
                    "createdAt": "2016-11-17T17:56:35.881Z",
                    "updatedAt": "2016-11-17T17:56:35.881Z",
                    "storeservices": {
                        "createdAt": "2016-11-17T17:57:08.033Z",
                        "updatedAt": "2016-11-17T17:57:08.033Z",
                        "storeId": 10,
                        "serviceId": 4
                    }
                },
                {
                    "id": 7,
                    "name": "Electronics Recycling",
                    "createdAt": "2016-11-17T17:56:35.881Z",
                    "updatedAt": "2016-11-17T17:56:35.881Z",
                    "storeservices": {
                        "createdAt": "2016-11-17T17:57:08.033Z",
                        "updatedAt": "2016-11-17T17:57:08.033Z",
                        "storeId": 10,
                        "serviceId": 7
                    }
                },
                {
                    "id": 8,
                    "name": "Magnolia Home Theater",
                    "createdAt": "2016-11-17T17:56:35.881Z",
                    "updatedAt": "2016-11-17T17:56:35.881Z",
                    "storeservices": {
                        "createdAt": "2016-11-17T17:57:08.033Z",
                        "updatedAt": "2016-11-17T17:57:08.033Z",
                        "storeId": 10,
                        "serviceId": 8
                    }
                },
                {
                    "id": 10,
                    "name": "Windows Store",
                    "createdAt": "2016-11-17T17:56:35.881Z",
                    "updatedAt": "2016-11-17T17:56:35.881Z",
                    "storeservices": {
                        "createdAt": "2016-11-17T17:57:08.033Z",
                        "updatedAt": "2016-11-17T17:57:08.033Z",
                        "storeId": 10,
                        "serviceId": 10
                    }
                },
                {
                    "id": 11,
                    "name": "Samsung Experience",
                    "createdAt": "2016-11-17T17:56:35.881Z",
                    "updatedAt": "2016-11-17T17:56:35.881Z",
                    "storeservices": {
                        "createdAt": "2016-11-17T17:57:08.033Z",
                        "updatedAt": "2016-11-17T17:57:08.033Z",
                        "storeId": 10,
                        "serviceId": 11
                    }
                },
                {
                    "id": 12,
                    "name": "Car & GPS Installation Services",
                    "createdAt": "2016-11-17T17:56:35.881Z",
                    "updatedAt": "2016-11-17T17:56:35.881Z",
                    "storeservices": {
                        "createdAt": "2016-11-17T17:57:08.033Z",
                        "updatedAt": "2016-11-17T17:57:08.033Z",
                        "storeId": 10,
                        "serviceId": 12
                    }
                },
                {
                    "id": 13,
                    "name": "LG Experience ",
                    "createdAt": "2016-11-17T17:56:35.881Z",
                    "updatedAt": "2016-11-17T17:56:35.881Z",
                    "storeservices": {
                        "createdAt": "2016-11-17T17:57:08.033Z",
                        "updatedAt": "2016-11-17T17:57:08.033Z",
                        "storeId": 10,
                        "serviceId": 13
                    }
                },
                {
                    "id": 14,
                    "name": "Sony Experience ",
                    "createdAt": "2016-11-17T17:56:35.881Z",
                    "updatedAt": "2016-11-17T17:56:35.881Z",
                    "storeservices": {
                        "createdAt": "2016-11-17T17:57:08.033Z",
                        "updatedAt": "2016-11-17T17:57:08.033Z",
                        "storeId": 10,
                        "serviceId": 14
                    }
                },
                {
                    "id": 18,
                    "name": "Geek Squad Solution Central",
                    "createdAt": "2016-11-17T17:56:35.881Z",
                    "updatedAt": "2016-11-17T17:56:35.881Z",
                    "storeservices": {
                        "createdAt": "2016-11-17T17:57:08.033Z",
                        "updatedAt": "2016-11-17T17:57:08.033Z",
                        "storeId": 10,
                        "serviceId": 18
                    }
                }
            ]
        },
        {
            "id": 11,
            "name": "Northtown",
            "type": "BigBox",
            "address": "300 Northtown Dr Ne",
            "address2": "",
            "city": "Blaine",
            "state": "MN",
            "zip": "55434",
            "lat": 45.126179,
            "lng": -93.261429,
            "hours": "Mon: 10-9; Tue: 10-9; Wed: 10-9; Thurs: 10-9; Fri: 10-9; Sat: 10-9; Sun: 10-8",
            "createdAt": "2016-11-17T17:57:04.542Z",
            "updatedAt": "2016-11-17T17:57:04.542Z",
            "services": [
                {
                    "id": 1,
                    "name": "Geek Squad Services",
                    "createdAt": "2016-11-17T17:56:35.881Z",
                    "updatedAt": "2016-11-17T17:56:35.881Z",
                    "storeservices": {
                        "createdAt": "2016-11-17T17:57:08.154Z",
                        "updatedAt": "2016-11-17T17:57:08.154Z",
                        "storeId": 11,
                        "serviceId": 1
                    }
                },
                {
                    "id": 2,
                    "name": "Best Buy Mobile",
                    "createdAt": "2016-11-17T17:56:35.881Z",
                    "updatedAt": "2016-11-17T17:56:35.881Z",
                    "storeservices": {
                        "createdAt": "2016-11-17T17:57:08.154Z",
                        "updatedAt": "2016-11-17T17:57:08.154Z",
                        "storeId": 11,
                        "serviceId": 2
                    }
                },
                {
                    "id": 3,
                    "name": "Best Buy For Business",
                    "createdAt": "2016-11-17T17:56:35.881Z",
                    "updatedAt": "2016-11-17T17:56:35.881Z",
                    "storeservices": {
                        "createdAt": "2016-11-17T17:57:08.154Z",
                        "updatedAt": "2016-11-17T17:57:08.154Z",
                        "storeId": 11,
                        "serviceId": 3
                    }
                },
                {
                    "id": 5,
                    "name": "Hablamos Español",
                    "createdAt": "2016-11-17T17:56:35.881Z",
                    "updatedAt": "2016-11-17T17:56:35.881Z",
                    "storeservices": {
                        "createdAt": "2016-11-17T17:57:08.154Z",
                        "updatedAt": "2016-11-17T17:57:08.154Z",
                        "storeId": 11,
                        "serviceId": 5
                    }
                },
                {
                    "id": 7,
                    "name": "Electronics Recycling",
                    "createdAt": "2016-11-17T17:56:35.881Z",
                    "updatedAt": "2016-11-17T17:56:35.881Z",
                    "storeservices": {
                        "createdAt": "2016-11-17T17:57:08.154Z",
                        "updatedAt": "2016-11-17T17:57:08.154Z",
                        "storeId": 11,
                        "serviceId": 7
                    }
                },
                {
                    "id": 9,
                    "name": "Samsung Experience Shop",
                    "createdAt": "2016-11-17T17:56:35.881Z",
                    "updatedAt": "2016-11-17T17:56:35.881Z",
                    "storeservices": {
                        "createdAt": "2016-11-17T17:57:08.154Z",
                        "updatedAt": "2016-11-17T17:57:08.154Z",
                        "storeId": 11,
                        "serviceId": 9
                    }
                },
                {
                    "id": 10,
                    "name": "Windows Store",
                    "createdAt": "2016-11-17T17:56:35.881Z",
                    "updatedAt": "2016-11-17T17:56:35.881Z",
                    "storeservices": {
                        "createdAt": "2016-11-17T17:57:08.154Z",
                        "updatedAt": "2016-11-17T17:57:08.154Z",
                        "storeId": 11,
                        "serviceId": 10
                    }
                },
                {
                    "id": 12,
                    "name": "Car & GPS Installation Services",
                    "createdAt": "2016-11-17T17:56:35.881Z",
                    "updatedAt": "2016-11-17T17:56:35.881Z",
                    "storeservices": {
                        "createdAt": "2016-11-17T17:57:08.154Z",
                        "updatedAt": "2016-11-17T17:57:08.154Z",
                        "storeId": 11,
                        "serviceId": 12
                    }
                }
            ]
        },
        {
            "id": 12,
            "name": "St Cloud",
            "type": "BigBox",
            "address": "4130 W Division St",
            "address2": "",
            "city": "Saint Cloud",
            "state": "MN",
            "zip": "56301",
            "lat": 45.55275,
            "lng": -94.209656,
            "hours": "Mon: 10-9; Tue: 10-9; Wed: 10-9; Thurs: 10-9; Fri: 9-9; Sat: 9-9; Sun: 10-8",
            "createdAt": "2016-11-17T17:57:04.575Z",
            "updatedAt": "2016-11-17T17:57:04.575Z",
            "services": [
                {
                    "id": 1,
                    "name": "Geek Squad Services",
                    "createdAt": "2016-11-17T17:56:35.881Z",
                    "updatedAt": "2016-11-17T17:56:35.881Z",
                    "storeservices": {
                        "createdAt": "2016-11-17T17:57:08.169Z",
                        "updatedAt": "2016-11-17T17:57:08.169Z",
                        "storeId": 12,
                        "serviceId": 1
                    }
                },
                {
                    "id": 2,
                    "name": "Best Buy Mobile",
                    "createdAt": "2016-11-17T17:56:35.881Z",
                    "updatedAt": "2016-11-17T17:56:35.881Z",
                    "storeservices": {
                        "createdAt": "2016-11-17T17:57:08.169Z",
                        "updatedAt": "2016-11-17T17:57:08.169Z",
                        "storeId": 12,
                        "serviceId": 2
                    }
                },
                {
                    "id": 3,
                    "name": "Best Buy For Business",
                    "createdAt": "2016-11-17T17:56:35.881Z",
                    "updatedAt": "2016-11-17T17:56:35.881Z",
                    "storeservices": {
                        "createdAt": "2016-11-17T17:57:08.169Z",
                        "updatedAt": "2016-11-17T17:57:08.169Z",
                        "storeId": 12,
                        "serviceId": 3
                    }
                },
                {
                    "id": 4,
                    "name": "Apple Shop",
                    "createdAt": "2016-11-17T17:56:35.881Z",
                    "updatedAt": "2016-11-17T17:56:35.881Z",
                    "storeservices": {
                        "createdAt": "2016-11-17T17:57:08.169Z",
                        "updatedAt": "2016-11-17T17:57:08.169Z",
                        "storeId": 12,
                        "serviceId": 4
                    }
                },
                {
                    "id": 5,
                    "name": "Hablamos Español",
                    "createdAt": "2016-11-17T17:56:35.881Z",
                    "updatedAt": "2016-11-17T17:56:35.881Z",
                    "storeservices": {
                        "createdAt": "2016-11-17T17:57:08.169Z",
                        "updatedAt": "2016-11-17T17:57:08.169Z",
                        "storeId": 12,
                        "serviceId": 5
                    }
                },
                {
                    "id": 7,
                    "name": "Electronics Recycling",
                    "createdAt": "2016-11-17T17:56:35.881Z",
                    "updatedAt": "2016-11-17T17:56:35.881Z",
                    "storeservices": {
                        "createdAt": "2016-11-17T17:57:08.169Z",
                        "updatedAt": "2016-11-17T17:57:08.169Z",
                        "storeId": 12,
                        "serviceId": 7
                    }
                },
                {
                    "id": 10,
                    "name": "Windows Store",
                    "createdAt": "2016-11-17T17:56:35.881Z",
                    "updatedAt": "2016-11-17T17:56:35.881Z",
                    "storeservices": {
                        "createdAt": "2016-11-17T17:57:08.169Z",
                        "updatedAt": "2016-11-17T17:57:08.169Z",
                        "storeId": 12,
                        "serviceId": 10
                    }
                },
                {
                    "id": 11,
                    "name": "Samsung Experience",
                    "createdAt": "2016-11-17T17:56:35.881Z",
                    "updatedAt": "2016-11-17T17:56:35.881Z",
                    "storeservices": {
                        "createdAt": "2016-11-17T17:57:08.169Z",
                        "updatedAt": "2016-11-17T17:57:08.169Z",
                        "storeId": 12,
                        "serviceId": 11
                    }
                },
                {
                    "id": 12,
                    "name": "Car & GPS Installation Services",
                    "createdAt": "2016-11-17T17:56:35.881Z",
                    "updatedAt": "2016-11-17T17:56:35.881Z",
                    "storeservices": {
                        "createdAt": "2016-11-17T17:57:08.169Z",
                        "updatedAt": "2016-11-17T17:57:08.169Z",
                        "storeId": 12,
                        "serviceId": 12
                    }
                },
                {
                    "id": 15,
                    "name": "Best Buy Marine Powered by Geek Squad",
                    "createdAt": "2016-11-17T17:56:35.881Z",
                    "updatedAt": "2016-11-17T17:56:35.881Z",
                    "storeservices": {
                        "createdAt": "2016-11-17T17:57:08.169Z",
                        "updatedAt": "2016-11-17T17:57:08.169Z",
                        "storeId": 12,
                        "serviceId": 15
                    }
                }
            ]
        },
        {
            "id": 13,
            "name": "Fargo",
            "type": "BigBox",
            "address": "1615 38th St S",
            "address2": "",
            "city": "Fargo",
            "state": "ND",
            "zip": "58103",
            "lat": 46.857113,
            "lng": -96.842743,
            "hours": "Mon: 10-9; Tue: 10-9; Wed: 10-9; Thurs: 10-9; Fri: 9-9; Sat: 9-9; Sun: 12-8",
            "createdAt": "2016-11-17T17:57:04.603Z",
            "updatedAt": "2016-11-17T17:57:04.603Z",
            "services": [
                {
                    "id": 1,
                    "name": "Geek Squad Services",
                    "createdAt": "2016-11-17T17:56:35.881Z",
                    "updatedAt": "2016-11-17T17:56:35.881Z",
                    "storeservices": {
                        "createdAt": "2016-11-17T17:57:08.218Z",
                        "updatedAt": "2016-11-17T17:57:08.218Z",
                        "storeId": 13,
                        "serviceId": 1
                    }
                },
                {
                    "id": 2,
                    "name": "Best Buy Mobile",
                    "createdAt": "2016-11-17T17:56:35.881Z",
                    "updatedAt": "2016-11-17T17:56:35.881Z",
                    "storeservices": {
                        "createdAt": "2016-11-17T17:57:08.218Z",
                        "updatedAt": "2016-11-17T17:57:08.218Z",
                        "storeId": 13,
                        "serviceId": 2
                    }
                },
                {
                    "id": 3,
                    "name": "Best Buy For Business",
                    "createdAt": "2016-11-17T17:56:35.881Z",
                    "updatedAt": "2016-11-17T17:56:35.881Z",
                    "storeservices": {
                        "createdAt": "2016-11-17T17:57:08.218Z",
                        "updatedAt": "2016-11-17T17:57:08.218Z",
                        "storeId": 13,
                        "serviceId": 3
                    }
                },
                {
                    "id": 4,
                    "name": "Apple Shop",
                    "createdAt": "2016-11-17T17:56:35.881Z",
                    "updatedAt": "2016-11-17T17:56:35.881Z",
                    "storeservices": {
                        "createdAt": "2016-11-17T17:57:08.218Z",
                        "updatedAt": "2016-11-17T17:57:08.218Z",
                        "storeId": 13,
                        "serviceId": 4
                    }
                },
                {
                    "id": 7,
                    "name": "Electronics Recycling",
                    "createdAt": "2016-11-17T17:56:35.881Z",
                    "updatedAt": "2016-11-17T17:56:35.881Z",
                    "storeservices": {
                        "createdAt": "2016-11-17T17:57:08.218Z",
                        "updatedAt": "2016-11-17T17:57:08.218Z",
                        "storeId": 13,
                        "serviceId": 7
                    }
                },
                {
                    "id": 10,
                    "name": "Windows Store",
                    "createdAt": "2016-11-17T17:56:35.881Z",
                    "updatedAt": "2016-11-17T17:56:35.881Z",
                    "storeservices": {
                        "createdAt": "2016-11-17T17:57:08.218Z",
                        "updatedAt": "2016-11-17T17:57:08.218Z",
                        "storeId": 13,
                        "serviceId": 10
                    }
                },
                {
                    "id": 11,
                    "name": "Samsung Experience",
                    "createdAt": "2016-11-17T17:56:35.881Z",
                    "updatedAt": "2016-11-17T17:56:35.881Z",
                    "storeservices": {
                        "createdAt": "2016-11-17T17:57:08.218Z",
                        "updatedAt": "2016-11-17T17:57:08.218Z",
                        "storeId": 13,
                        "serviceId": 11
                    }
                },
                {
                    "id": 12,
                    "name": "Car & GPS Installation Services",
                    "createdAt": "2016-11-17T17:56:35.881Z",
                    "updatedAt": "2016-11-17T17:56:35.881Z",
                    "storeservices": {
                        "createdAt": "2016-11-17T17:57:08.218Z",
                        "updatedAt": "2016-11-17T17:57:08.218Z",
                        "storeId": 13,
                        "serviceId": 12
                    }
                },
                {
                    "id": 13,
                    "name": "LG Experience ",
                    "createdAt": "2016-11-17T17:56:35.881Z",
                    "updatedAt": "2016-11-17T17:56:35.881Z",
                    "storeservices": {
                        "createdAt": "2016-11-17T17:57:08.218Z",
                        "updatedAt": "2016-11-17T17:57:08.218Z",
                        "storeId": 13,
                        "serviceId": 13
                    }
                },
                {
                    "id": 14,
                    "name": "Sony Experience ",
                    "createdAt": "2016-11-17T17:56:35.881Z",
                    "updatedAt": "2016-11-17T17:56:35.881Z",
                    "storeservices": {
                        "createdAt": "2016-11-17T17:57:08.218Z",
                        "updatedAt": "2016-11-17T17:57:08.218Z",
                        "storeId": 13,
                        "serviceId": 14
                    }
                },
                {
                    "id": 15,
                    "name": "Best Buy Marine Powered by Geek Squad",
                    "createdAt": "2016-11-17T17:56:35.881Z",
                    "updatedAt": "2016-11-17T17:56:35.881Z",
                    "storeservices": {
                        "createdAt": "2016-11-17T17:57:08.218Z",
                        "updatedAt": "2016-11-17T17:57:08.218Z",
                        "storeId": 13,
                        "serviceId": 15
                    }
                }
            ]
        },
        {
            "id": 14,
            "name": "Rochester",
            "type": "BigBox",
            "address": "4050 Hwy 52 N",
            "address2": "",
            "city": "Rochester",
            "state": "MN",
            "zip": "55901",
            "lat": 44.064365,
            "lng": -92.496895,
            "hours": "Mon: 10-9; Tue: 10-9; Wed: 10-9; Thurs: 10-9; Fri: 10-9; Sat: 10-9; Sun: 10-8",
            "createdAt": "2016-11-17T17:57:04.756Z",
            "updatedAt": "2016-11-17T17:57:04.756Z",
            "services": [
                {
                    "id": 1,
                    "name": "Geek Squad Services",
                    "createdAt": "2016-11-17T17:56:35.881Z",
                    "updatedAt": "2016-11-17T17:56:35.881Z",
                    "storeservices": {
                        "createdAt": "2016-11-17T17:57:08.328Z",
                        "updatedAt": "2016-11-17T17:57:08.328Z",
                        "storeId": 14,
                        "serviceId": 1
                    }
                },
                {
                    "id": 2,
                    "name": "Best Buy Mobile",
                    "createdAt": "2016-11-17T17:56:35.881Z",
                    "updatedAt": "2016-11-17T17:56:35.881Z",
                    "storeservices": {
                        "createdAt": "2016-11-17T17:57:08.328Z",
                        "updatedAt": "2016-11-17T17:57:08.328Z",
                        "storeId": 14,
                        "serviceId": 2
                    }
                },
                {
                    "id": 3,
                    "name": "Best Buy For Business",
                    "createdAt": "2016-11-17T17:56:35.881Z",
                    "updatedAt": "2016-11-17T17:56:35.881Z",
                    "storeservices": {
                        "createdAt": "2016-11-17T17:57:08.328Z",
                        "updatedAt": "2016-11-17T17:57:08.328Z",
                        "storeId": 14,
                        "serviceId": 3
                    }
                },
                {
                    "id": 4,
                    "name": "Apple Shop",
                    "createdAt": "2016-11-17T17:56:35.881Z",
                    "updatedAt": "2016-11-17T17:56:35.881Z",
                    "storeservices": {
                        "createdAt": "2016-11-17T17:57:08.328Z",
                        "updatedAt": "2016-11-17T17:57:08.328Z",
                        "storeId": 14,
                        "serviceId": 4
                    }
                },
                {
                    "id": 7,
                    "name": "Electronics Recycling",
                    "createdAt": "2016-11-17T17:56:35.881Z",
                    "updatedAt": "2016-11-17T17:56:35.881Z",
                    "storeservices": {
                        "createdAt": "2016-11-17T17:57:08.328Z",
                        "updatedAt": "2016-11-17T17:57:08.328Z",
                        "storeId": 14,
                        "serviceId": 7
                    }
                },
                {
                    "id": 10,
                    "name": "Windows Store",
                    "createdAt": "2016-11-17T17:56:35.881Z",
                    "updatedAt": "2016-11-17T17:56:35.881Z",
                    "storeservices": {
                        "createdAt": "2016-11-17T17:57:08.328Z",
                        "updatedAt": "2016-11-17T17:57:08.328Z",
                        "storeId": 14,
                        "serviceId": 10
                    }
                },
                {
                    "id": 11,
                    "name": "Samsung Experience",
                    "createdAt": "2016-11-17T17:56:35.881Z",
                    "updatedAt": "2016-11-17T17:56:35.881Z",
                    "storeservices": {
                        "createdAt": "2016-11-17T17:57:08.328Z",
                        "updatedAt": "2016-11-17T17:57:08.328Z",
                        "storeId": 14,
                        "serviceId": 11
                    }
                },
                {
                    "id": 12,
                    "name": "Car & GPS Installation Services",
                    "createdAt": "2016-11-17T17:56:35.881Z",
                    "updatedAt": "2016-11-17T17:56:35.881Z",
                    "storeservices": {
                        "createdAt": "2016-11-17T17:57:08.328Z",
                        "updatedAt": "2016-11-17T17:57:08.328Z",
                        "storeId": 14,
                        "serviceId": 12
                    }
                },
                {
                    "id": 13,
                    "name": "LG Experience ",
                    "createdAt": "2016-11-17T17:56:35.881Z",
                    "updatedAt": "2016-11-17T17:56:35.881Z",
                    "storeservices": {
                        "createdAt": "2016-11-17T17:57:08.328Z",
                        "updatedAt": "2016-11-17T17:57:08.328Z",
                        "storeId": 14,
                        "serviceId": 13
                    }
                },
                {
                    "id": 14,
                    "name": "Sony Experience ",
                    "createdAt": "2016-11-17T17:56:35.881Z",
                    "updatedAt": "2016-11-17T17:56:35.881Z",
                    "storeservices": {
                        "createdAt": "2016-11-17T17:57:08.328Z",
                        "updatedAt": "2016-11-17T17:57:08.328Z",
                        "storeId": 14,
                        "serviceId": 14
                    }
                }
            ]
        },
        {
            "id": 15,
            "name": "Oakdale",
            "type": "BigBox",
            "address": "8301 3rd St N",
            "address2": "",
            "city": "Oakdale",
            "state": "MN",
            "zip": "55128",
            "lat": 44.950054,
            "lng": -92.936394,
            "hours": "Mon: 10-9; Tue: 10-9; Wed: 10-9; Thurs: 10-9; Fri: 10-9; Sat: 10-9; Sun: 10-8",
            "createdAt": "2016-11-17T17:57:04.813Z",
            "updatedAt": "2016-11-17T17:57:04.813Z",
            "services": [
                {
                    "id": 1,
                    "name": "Geek Squad Services",
                    "createdAt": "2016-11-17T17:56:35.881Z",
                    "updatedAt": "2016-11-17T17:56:35.881Z",
                    "storeservices": {
                        "createdAt": "2016-11-17T17:57:08.361Z",
                        "updatedAt": "2016-11-17T17:57:08.361Z",
                        "storeId": 15,
                        "serviceId": 1
                    }
                },
                {
                    "id": 2,
                    "name": "Best Buy Mobile",
                    "createdAt": "2016-11-17T17:56:35.881Z",
                    "updatedAt": "2016-11-17T17:56:35.881Z",
                    "storeservices": {
                        "createdAt": "2016-11-17T17:57:08.361Z",
                        "updatedAt": "2016-11-17T17:57:08.361Z",
                        "storeId": 15,
                        "serviceId": 2
                    }
                },
                {
                    "id": 3,
                    "name": "Best Buy For Business",
                    "createdAt": "2016-11-17T17:56:35.881Z",
                    "updatedAt": "2016-11-17T17:56:35.881Z",
                    "storeservices": {
                        "createdAt": "2016-11-17T17:57:08.361Z",
                        "updatedAt": "2016-11-17T17:57:08.361Z",
                        "storeId": 15,
                        "serviceId": 3
                    }
                },
                {
                    "id": 4,
                    "name": "Apple Shop",
                    "createdAt": "2016-11-17T17:56:35.881Z",
                    "updatedAt": "2016-11-17T17:56:35.881Z",
                    "storeservices": {
                        "createdAt": "2016-11-17T17:57:08.361Z",
                        "updatedAt": "2016-11-17T17:57:08.361Z",
                        "storeId": 15,
                        "serviceId": 4
                    }
                },
                {
                    "id": 7,
                    "name": "Electronics Recycling",
                    "createdAt": "2016-11-17T17:56:35.881Z",
                    "updatedAt": "2016-11-17T17:56:35.881Z",
                    "storeservices": {
                        "createdAt": "2016-11-17T17:57:08.361Z",
                        "updatedAt": "2016-11-17T17:57:08.361Z",
                        "storeId": 15,
                        "serviceId": 7
                    }
                },
                {
                    "id": 10,
                    "name": "Windows Store",
                    "createdAt": "2016-11-17T17:56:35.881Z",
                    "updatedAt": "2016-11-17T17:56:35.881Z",
                    "storeservices": {
                        "createdAt": "2016-11-17T17:57:08.361Z",
                        "updatedAt": "2016-11-17T17:57:08.361Z",
                        "storeId": 15,
                        "serviceId": 10
                    }
                },
                {
                    "id": 11,
                    "name": "Samsung Experience",
                    "createdAt": "2016-11-17T17:56:35.881Z",
                    "updatedAt": "2016-11-17T17:56:35.881Z",
                    "storeservices": {
                        "createdAt": "2016-11-17T17:57:08.361Z",
                        "updatedAt": "2016-11-17T17:57:08.361Z",
                        "storeId": 15,
                        "serviceId": 11
                    }
                },
                {
                    "id": 12,
                    "name": "Car & GPS Installation Services",
                    "createdAt": "2016-11-17T17:56:35.881Z",
                    "updatedAt": "2016-11-17T17:56:35.881Z",
                    "storeservices": {
                        "createdAt": "2016-11-17T17:57:08.361Z",
                        "updatedAt": "2016-11-17T17:57:08.361Z",
                        "storeId": 15,
                        "serviceId": 12
                    }
                },
                {
                    "id": 13,
                    "name": "LG Experience ",
                    "createdAt": "2016-11-17T17:56:35.881Z",
                    "updatedAt": "2016-11-17T17:56:35.881Z",
                    "storeservices": {
                        "createdAt": "2016-11-17T17:57:08.361Z",
                        "updatedAt": "2016-11-17T17:57:08.361Z",
                        "storeId": 15,
                        "serviceId": 13
                    }
                },
                {
                    "id": 14,
                    "name": "Sony Experience ",
                    "createdAt": "2016-11-17T17:56:35.881Z",
                    "updatedAt": "2016-11-17T17:56:35.881Z",
                    "storeservices": {
                        "createdAt": "2016-11-17T17:57:08.361Z",
                        "updatedAt": "2016-11-17T17:57:08.361Z",
                        "storeId": 15,
                        "serviceId": 14
                    }
                },
                {
                    "id": 17,
                    "name": "Magnolia Design Center ",
                    "createdAt": "2016-11-17T17:56:35.881Z",
                    "updatedAt": "2016-11-17T17:56:35.881Z",
                    "storeservices": {
                        "createdAt": "2016-11-17T17:57:08.361Z",
                        "updatedAt": "2016-11-17T17:57:08.361Z",
                        "storeId": 15,
                        "serviceId": 17
                    }
                },
                {
                    "id": 18,
                    "name": "Geek Squad Solution Central",
                    "createdAt": "2016-11-17T17:56:35.881Z",
                    "updatedAt": "2016-11-17T17:56:35.881Z",
                    "storeservices": {
                        "createdAt": "2016-11-17T17:57:08.361Z",
                        "updatedAt": "2016-11-17T17:57:08.361Z",
                        "storeId": 15,
                        "serviceId": 18
                    }
                },
                {
                    "id": 19,
                    "name": "Pacific Kitchen & Home",
                    "createdAt": "2016-11-17T17:56:35.881Z",
                    "updatedAt": "2016-11-17T17:56:35.881Z",
                    "storeservices": {
                        "createdAt": "2016-11-17T17:57:08.361Z",
                        "updatedAt": "2016-11-17T17:57:08.361Z",
                        "storeId": 15,
                        "serviceId": 19
                    }
                }
            ]
        }
    ]
}
]]></system-out>
  </testcase>
  <testcase name="testAddStoreSuccessfully" classname="apiTest.StoresAPiTest" time="0.037">
    <system-out><![CDATA[Request Log : 
__________________________________________
Request method:	POST
Request URI:	http://localhost:3030/stores
Proxy:			<none>
Request params:	<none>
Query params:	<none>
Form params:	<none>
Path params:	<none>
Headers:		Accept=application/json
				Content-Type=application/json
Cookies:		<none>
Multiparts:		<none>
Body:
{
    "zip": "02277",
    "address": "12 st",
    "lng": 5,
    "address2": "15 st",
    "city": "Cairo",
    "name": "StoreTestName",
    "state": "Cairo",
    "services": {
        
    },
    "type": "StoreType",
    "lat": 5
}
Response Log :  
__________________________________________
{
    "id": 8963,
    "zip": "02277",
    "address": "12 st",
    "lng": 5,
    "address2": "15 st",
    "city": "Cairo",
    "name": "StoreTestName",
    "state": "Cairo",
    "type": "StoreType",
    "lat": 5,
    "updatedAt": "2022-02-03T04:46:52.679Z",
    "createdAt": "2022-02-03T04:46:52.679Z"
}
]]></system-out>
  </testcase>
  <testcase name="testGetStoreByIdSuccessfully" classname="apiTest.StoresAPiTest" time="0.026">
    <system-out><![CDATA[Request Log : 
__________________________________________
Request method:	GET
Request URI:	http://localhost:3030/stores/8963
Proxy:			<none>
Request params:	<none>
Query params:	<none>
Form params:	<none>
Path params:	<none>
Headers:		Accept=*/*
				Content-Type=application/json
Cookies:		<none>
Multiparts:		<none>
Body:			<none>
Response Log :  
__________________________________________
{
    "id": 8963,
    "name": "StoreTestName",
    "type": "StoreType",
    "address": "12 st",
    "address2": "15 st",
    "city": "Cairo",
    "state": "Cairo",
    "zip": "02277",
    "lat": 5,
    "lng": 5,
    "hours": null,
    "createdAt": "2022-02-03T04:46:52.679Z",
    "updatedAt": "2022-02-03T04:46:52.679Z",
    "services": [
        
    ]
}
]]></system-out>
  </testcase>
  <testcase name="testUpdateStoreSuccessfully" classname="apiTest.StoresAPiTest" time="0.028">
    <system-out><![CDATA[Request Log : 
__________________________________________
Request method:	PATCH
Request URI:	http://localhost:3030/stores/8963
Proxy:			<none>
Request params:	<none>
Query params:	<none>
Form params:	<none>
Path params:	<none>
Headers:		Accept=*/*
				Content-Type=application/json
Cookies:		<none>
Multiparts:		<none>
Body:
{
    "name": "Updated Store Name Value",
    "type": "Updated Store type value"
}
Response Log :  
__________________________________________
{
    "id": 8963,
    "name": "Updated Store Name Value",
    "type": "Updated Store type value",
    "address": "12 st",
    "address2": "15 st",
    "city": "Cairo",
    "state": "Cairo",
    "zip": "02277",
    "lat": 5,
    "lng": 5,
    "hours": null,
    "createdAt": "2022-02-03T04:46:52.679Z",
    "updatedAt": "2022-02-03T04:46:52.792Z"
}
]]></system-out>
  </testcase>
  <testcase name="testDeleteStoreSuccessfully" classname="apiTest.StoresAPiTest" time="0.028">
    <system-out><![CDATA[Request Log : 
__________________________________________
Request method:	DELETE
Request URI:	http://localhost:3030/stores/8963
Proxy:			<none>
Request params:	<none>
Query params:	<none>
Form params:	<none>
Path params:	<none>
Headers:		Accept=*/*
				Content-Type=application/json
Cookies:		<none>
Multiparts:		<none>
Body:			<none>
Response Log :  
__________________________________________
{
    "id": 8963,
    "name": "Updated Store Name Value",
    "type": "Updated Store type value",
    "address": "12 st",
    "address2": "15 st",
    "city": "Cairo",
    "state": "Cairo",
    "zip": "02277",
    "lat": 5,
    "lng": 5,
    "hours": null,
    "createdAt": "2022-02-03T04:46:52.679Z",
    "updatedAt": "2022-02-03T04:46:52.792Z"
}
8963
]]></system-out>
  </testcase>
  <testcase name="TestGetVersion" classname="apiTest.UtilitiesAPiTest" time="0.019">
    <system-out><![CDATA[Request Log : 
__________________________________________
Request method:	GET
Request URI:	http://localhost:3030/version
Proxy:			<none>
Request params:	<none>
Query params:	<none>
Form params:	<none>
Path params:	<none>
Headers:		Accept=*/*
				Content-Type=application/json
Cookies:		<none>
Multiparts:		<none>
Body:			<none>
Response Log :  
__________________________________________
{
    "version": "1.1.0"
}
]]></system-out>
  </testcase>
  <testcase name="TestGetHealthCheck" classname="apiTest.UtilitiesAPiTest" time="0.029">
    <system-out><![CDATA[Request Log : 
__________________________________________
Request method:	GET
Request URI:	http://localhost:3030/healthcheck
Proxy:			<none>
Request params:	<none>
Query params:	<none>
Form params:	<none>
Path params:	<none>
Headers:		Accept=*/*
				Content-Type=application/json
Cookies:		<none>
Multiparts:		<none>
Body:			<none>
Response Log :  
__________________________________________
{
    "uptime": 239080.2103188,
    "readonly": false,
    "documents": {
        "products": 51970,
        "stores": 1571,
        "categories": 4310
    }
}
]]></system-out>
  </testcase>
</testsuite>