<?xml version="1.0" encoding="UTF-8"?>
<!-- Generated by org.testng.reporters.JUnitReportReporter -->
<testsuite skipped="0" hostname="LAPTOP-KNRI3NA5" name="pagesTest.SignUpTestBase" tests="6" failures="0" timestamp="2022-02-03T08:40:00 EET" time="29.309" errors="0">
  <testcase name="testSignUpWithInvalidFirstUserName" time="5.229" classname="pagesTest.SignUpTestBase"/>
  <system-out/>
  <testcase name="testUserSignUpSuccessfully" time="9.934" classname="pagesTest.SignUpTestBase"/>
  <system-out/>
  <testcase name="testSignUpWithInvalidLastUserName" time="6.792" classname="pagesTest.SignUpTestBase"/>
  <system-out/>
  <testcase name="testSignUpWithEmailsDoseNotMatch" time="2.795" classname="pagesTest.SignUpTestBase"/>
  <system-out/>
  <testcase name="testSignUpWithInvalidUserDateOfBirth" time="2.076" classname="pagesTest.SignUpTestBase"/>
  <system-out/>
  <testcase name="testSignUpWithNoGender" time="2.483" classname="pagesTest.SignUpTestBase"/>
  <system-out/>
</testsuite> <!-- pagesTest.SignUpTestBase -->
